{"/Users/foobarstein/Desktop/quiz-generator/src/cli.ts": {"path":"/Users/foobarstein/Desktop/quiz-generator/src/cli.ts","all":false,"statementMap":{"0":{"start":{"line":1,"column":0},"end":{"line":1,"column":19}},"1":{"start":{"line":2,"column":0},"end":{"line":2,"column":28}},"2":{"start":{"line":3,"column":0},"end":{"line":3,"column":26}},"3":{"start":{"line":4,"column":0},"end":{"line":4,"column":40}},"8":{"start":{"line":9,"column":0},"end":{"line":9,"column":31}},"13":{"start":{"line":14,"column":0},"end":{"line":14,"column":28}},"14":{"start":{"line":15,"column":0},"end":{"line":15,"column":55}},"16":{"start":{"line":17,"column":0},"end":{"line":17,"column":16}},"18":{"start":{"line":19,"column":0},"end":{"line":19,"column":37}},"19":{"start":{"line":20,"column":0},"end":{"line":20,"column":36}},"20":{"start":{"line":21,"column":0},"end":{"line":21,"column":28}},"21":{"start":{"line":22,"column":0},"end":{"line":22,"column":36}},"22":{"start":{"line":23,"column":0},"end":{"line":23,"column":13}},"23":{"start":{"line":24,"column":0},"end":{"line":24,"column":22}},"24":{"start":{"line":25,"column":0},"end":{"line":25,"column":41}},"25":{"start":{"line":26,"column":0},"end":{"line":26,"column":14}},"26":{"start":{"line":27,"column":0},"end":{"line":27,"column":30}},"27":{"start":{"line":28,"column":0},"end":{"line":28,"column":21}},"28":{"start":{"line":29,"column":0},"end":{"line":29,"column":25}},"29":{"start":{"line":30,"column":0},"end":{"line":30,"column":29}},"30":{"start":{"line":31,"column":0},"end":{"line":31,"column":60}},"31":{"start":{"line":32,"column":0},"end":{"line":32,"column":11}},"32":{"start":{"line":33,"column":0},"end":{"line":33,"column":23}},"33":{"start":{"line":34,"column":0},"end":{"line":34,"column":45}},"34":{"start":{"line":35,"column":0},"end":{"line":35,"column":47}},"35":{"start":{"line":36,"column":0},"end":{"line":36,"column":68}},"36":{"start":{"line":37,"column":0},"end":{"line":37,"column":8}},"37":{"start":{"line":38,"column":0},"end":{"line":38,"column":5}},"38":{"start":{"line":39,"column":0},"end":{"line":39,"column":13}},"39":{"start":{"line":40,"column":0},"end":{"line":40,"column":17}},"40":{"start":{"line":41,"column":0},"end":{"line":41,"column":64}},"41":{"start":{"line":42,"column":0},"end":{"line":42,"column":14}},"42":{"start":{"line":43,"column":0},"end":{"line":43,"column":11}},"43":{"start":{"line":44,"column":0},"end":{"line":44,"column":30}},"44":{"start":{"line":45,"column":0},"end":{"line":45,"column":23}},"45":{"start":{"line":46,"column":0},"end":{"line":46,"column":27}},"46":{"start":{"line":47,"column":0},"end":{"line":47,"column":31}},"47":{"start":{"line":48,"column":0},"end":{"line":48,"column":52}},"48":{"start":{"line":49,"column":0},"end":{"line":49,"column":12}},"49":{"start":{"line":50,"column":0},"end":{"line":50,"column":29}},"50":{"start":{"line":51,"column":0},"end":{"line":51,"column":23}},"51":{"start":{"line":52,"column":0},"end":{"line":52,"column":27}},"52":{"start":{"line":53,"column":0},"end":{"line":53,"column":31}},"53":{"start":{"line":54,"column":0},"end":{"line":54,"column":64}},"54":{"start":{"line":55,"column":0},"end":{"line":55,"column":13}},"55":{"start":{"line":56,"column":0},"end":{"line":56,"column":23}},"56":{"start":{"line":57,"column":0},"end":{"line":57,"column":67}},"57":{"start":{"line":58,"column":0},"end":{"line":58,"column":47}},"58":{"start":{"line":59,"column":0},"end":{"line":59,"column":67}},"59":{"start":{"line":60,"column":0},"end":{"line":60,"column":8}},"60":{"start":{"line":61,"column":0},"end":{"line":61,"column":5}},"61":{"start":{"line":62,"column":0},"end":{"line":62,"column":13}},"62":{"start":{"line":63,"column":0},"end":{"line":63,"column":15}},"63":{"start":{"line":64,"column":0},"end":{"line":64,"column":56}},"64":{"start":{"line":65,"column":0},"end":{"line":65,"column":14}},"65":{"start":{"line":66,"column":0},"end":{"line":66,"column":11}},"66":{"start":{"line":67,"column":0},"end":{"line":67,"column":28}},"67":{"start":{"line":68,"column":0},"end":{"line":68,"column":23}},"68":{"start":{"line":69,"column":0},"end":{"line":69,"column":27}},"69":{"start":{"line":70,"column":0},"end":{"line":70,"column":31}},"70":{"start":{"line":71,"column":0},"end":{"line":71,"column":52}},"71":{"start":{"line":72,"column":0},"end":{"line":72,"column":12}},"72":{"start":{"line":73,"column":0},"end":{"line":73,"column":32}},"73":{"start":{"line":74,"column":0},"end":{"line":74,"column":27}},"74":{"start":{"line":75,"column":0},"end":{"line":75,"column":32}},"75":{"start":{"line":76,"column":0},"end":{"line":76,"column":21}},"76":{"start":{"line":77,"column":0},"end":{"line":77,"column":75}},"77":{"start":{"line":78,"column":0},"end":{"line":78,"column":13}},"78":{"start":{"line":79,"column":0},"end":{"line":79,"column":23}},"79":{"start":{"line":80,"column":0},"end":{"line":80,"column":52}},"80":{"start":{"line":81,"column":0},"end":{"line":81,"column":61}},"81":{"start":{"line":82,"column":0},"end":{"line":82,"column":38}},"82":{"start":{"line":83,"column":0},"end":{"line":83,"column":11}},"83":{"start":{"line":84,"column":0},"end":{"line":84,"column":55}},"84":{"start":{"line":85,"column":0},"end":{"line":85,"column":28}},"85":{"start":{"line":86,"column":0},"end":{"line":86,"column":32}},"86":{"start":{"line":87,"column":0},"end":{"line":87,"column":44}},"87":{"start":{"line":88,"column":0},"end":{"line":88,"column":38}},"88":{"start":{"line":89,"column":0},"end":{"line":89,"column":11}},"90":{"start":{"line":91,"column":0},"end":{"line":91,"column":57}},"91":{"start":{"line":92,"column":0},"end":{"line":92,"column":34}},"92":{"start":{"line":93,"column":0},"end":{"line":93,"column":63}},"93":{"start":{"line":94,"column":0},"end":{"line":94,"column":9}},"94":{"start":{"line":95,"column":0},"end":{"line":95,"column":69}},"95":{"start":{"line":96,"column":0},"end":{"line":96,"column":8}},"96":{"start":{"line":97,"column":0},"end":{"line":97,"column":5}},"97":{"start":{"line":98,"column":0},"end":{"line":98,"column":13}},"98":{"start":{"line":99,"column":0},"end":{"line":99,"column":15}},"99":{"start":{"line":100,"column":0},"end":{"line":100,"column":64}},"100":{"start":{"line":101,"column":0},"end":{"line":101,"column":14}},"101":{"start":{"line":102,"column":0},"end":{"line":102,"column":11}},"102":{"start":{"line":103,"column":0},"end":{"line":103,"column":30}},"103":{"start":{"line":104,"column":0},"end":{"line":104,"column":23}},"104":{"start":{"line":105,"column":0},"end":{"line":105,"column":27}},"105":{"start":{"line":106,"column":0},"end":{"line":106,"column":31}},"106":{"start":{"line":107,"column":0},"end":{"line":107,"column":62}},"107":{"start":{"line":108,"column":0},"end":{"line":108,"column":12}},"108":{"start":{"line":109,"column":0},"end":{"line":109,"column":28}},"109":{"start":{"line":110,"column":0},"end":{"line":110,"column":23}},"110":{"start":{"line":111,"column":0},"end":{"line":111,"column":27}},"111":{"start":{"line":112,"column":0},"end":{"line":112,"column":31}},"112":{"start":{"line":113,"column":0},"end":{"line":113,"column":52}},"113":{"start":{"line":114,"column":0},"end":{"line":114,"column":13}},"114":{"start":{"line":115,"column":0},"end":{"line":115,"column":23}},"115":{"start":{"line":116,"column":0},"end":{"line":116,"column":52}},"116":{"start":{"line":117,"column":0},"end":{"line":117,"column":77}},"117":{"start":{"line":118,"column":0},"end":{"line":118,"column":57}},"118":{"start":{"line":119,"column":0},"end":{"line":119,"column":34}},"119":{"start":{"line":120,"column":0},"end":{"line":120,"column":63}},"120":{"start":{"line":121,"column":0},"end":{"line":121,"column":9}},"121":{"start":{"line":122,"column":0},"end":{"line":122,"column":8}},"122":{"start":{"line":123,"column":0},"end":{"line":123,"column":5}},"123":{"start":{"line":124,"column":0},"end":{"line":124,"column":70}},"124":{"start":{"line":125,"column":0},"end":{"line":125,"column":13}},"125":{"start":{"line":126,"column":0},"end":{"line":126,"column":11}},"126":{"start":{"line":127,"column":0},"end":{"line":127,"column":18}},"127":{"start":{"line":128,"column":0},"end":{"line":128,"column":1}},"129":{"start":{"line":130,"column":0},"end":{"line":130,"column":24}},"130":{"start":{"line":131,"column":0},"end":{"line":131,"column":73}},"131":{"start":{"line":132,"column":0},"end":{"line":132,"column":37}},"132":{"start":{"line":133,"column":0},"end":{"line":133,"column":18}},"133":{"start":{"line":134,"column":0},"end":{"line":134,"column":3}}},"s":{"0":1,"1":1,"2":1,"3":1,"8":1,"13":1,"14":1,"16":1,"18":6,"19":6,"20":6,"21":6,"22":6,"23":6,"24":6,"25":6,"26":4,"27":4,"28":4,"29":4,"30":4,"31":4,"32":6,"33":1,"34":1,"35":1,"36":1,"37":6,"38":6,"39":6,"40":6,"41":6,"42":4,"43":4,"44":4,"45":4,"46":4,"47":4,"48":4,"49":4,"50":4,"51":4,"52":4,"53":4,"54":4,"55":6,"56":1,"57":1,"58":1,"59":1,"60":6,"61":6,"62":6,"63":6,"64":6,"65":4,"66":4,"67":4,"68":4,"69":4,"70":4,"71":4,"72":4,"73":4,"74":4,"75":4,"76":4,"77":4,"78":6,"79":1,"80":1,"81":1,"82":1,"83":1,"84":1,"85":1,"86":1,"87":1,"88":1,"90":1,"91":1,"92":1,"93":1,"94":1,"95":1,"96":6,"97":6,"98":6,"99":6,"100":6,"101":4,"102":4,"103":4,"104":4,"105":4,"106":4,"107":4,"108":4,"109":4,"110":4,"111":4,"112":4,"113":4,"114":6,"115":1,"116":1,"117":1,"118":1,"119":1,"120":1,"121":1,"122":6,"123":6,"124":6,"125":6,"126":6,"127":4,"129":1,"130":2,"131":2,"132":2,"133":2},"branchMap":{"0":{"type":"branch","line":19,"loc":{"start":{"line":19,"column":0},"end":{"line":128,"column":1}},"locations":[{"start":{"line":19,"column":0},"end":{"line":128,"column":1}}]},"1":{"type":"branch","line":127,"loc":{"start":{"line":127,"column":16},"end":{"line":128,"column":1}},"locations":[{"start":{"line":127,"column":16},"end":{"line":128,"column":1}}]},"2":{"type":"branch","line":26,"loc":{"start":{"line":26,"column":6},"end":{"line":32,"column":11}},"locations":[{"start":{"line":26,"column":6},"end":{"line":32,"column":11}}]},"3":{"type":"branch","line":33,"loc":{"start":{"line":33,"column":6},"end":{"line":37,"column":8}},"locations":[{"start":{"line":33,"column":6},"end":{"line":37,"column":8}}]},"4":{"type":"branch","line":42,"loc":{"start":{"line":42,"column":6},"end":{"line":55,"column":13}},"locations":[{"start":{"line":42,"column":6},"end":{"line":55,"column":13}}]},"5":{"type":"branch","line":56,"loc":{"start":{"line":56,"column":6},"end":{"line":60,"column":8}},"locations":[{"start":{"line":56,"column":6},"end":{"line":60,"column":8}}]},"6":{"type":"branch","line":65,"loc":{"start":{"line":65,"column":6},"end":{"line":78,"column":13}},"locations":[{"start":{"line":65,"column":6},"end":{"line":78,"column":13}}]},"7":{"type":"branch","line":79,"loc":{"start":{"line":79,"column":6},"end":{"line":96,"column":8}},"locations":[{"start":{"line":79,"column":6},"end":{"line":96,"column":8}}]},"8":{"type":"branch","line":101,"loc":{"start":{"line":101,"column":6},"end":{"line":114,"column":13}},"locations":[{"start":{"line":101,"column":6},"end":{"line":114,"column":13}}]},"9":{"type":"branch","line":115,"loc":{"start":{"line":115,"column":6},"end":{"line":122,"column":8}},"locations":[{"start":{"line":115,"column":6},"end":{"line":122,"column":8}}]},"10":{"type":"branch","line":130,"loc":{"start":{"line":130,"column":12},"end":{"line":134,"column":3}},"locations":[{"start":{"line":130,"column":12},"end":{"line":134,"column":3}}]},"11":{"type":"branch","line":131,"loc":{"start":{"line":131,"column":35},"end":{"line":131,"column":59}},"locations":[{"start":{"line":131,"column":35},"end":{"line":131,"column":59}}]},"12":{"type":"branch","line":131,"loc":{"start":{"line":131,"column":49},"end":{"line":131,"column":73}},"locations":[{"start":{"line":131,"column":49},"end":{"line":131,"column":73}}]}},"b":{"0":[6],"1":[4],"2":[4],"3":[1],"4":[4],"5":[1],"6":[4],"7":[1],"8":[4],"9":[1],"10":[2],"11":[1],"12":[1]},"fnMap":{"0":{"name":"run","decl":{"start":{"line":19,"column":0},"end":{"line":128,"column":1}},"loc":{"start":{"line":19,"column":0},"end":{"line":128,"column":1}},"line":19}},"f":{"0":6}}
,"/Users/foobarstein/Desktop/quiz-generator/src/lib/deployments.ts": {"path":"/Users/foobarstein/Desktop/quiz-generator/src/lib/deployments.ts","all":false,"statementMap":{"0":{"start":{"line":1,"column":0},"end":{"line":1,"column":34}},"3":{"start":{"line":4,"column":0},"end":{"line":4,"column":39}},"4":{"start":{"line":5,"column":0},"end":{"line":5,"column":44}},"14":{"start":{"line":15,"column":0},"end":{"line":15,"column":39}},"15":{"start":{"line":16,"column":0},"end":{"line":16,"column":54}},"16":{"start":{"line":17,"column":0},"end":{"line":17,"column":1}},"18":{"start":{"line":19,"column":0},"end":{"line":19,"column":37}},"19":{"start":{"line":20,"column":0},"end":{"line":20,"column":26}},"20":{"start":{"line":21,"column":0},"end":{"line":21,"column":32}},"21":{"start":{"line":22,"column":0},"end":{"line":22,"column":7}},"22":{"start":{"line":23,"column":0},"end":{"line":23,"column":59}},"23":{"start":{"line":24,"column":0},"end":{"line":24,"column":46}},"25":{"start":{"line":26,"column":0},"end":{"line":26,"column":33}},"26":{"start":{"line":27,"column":0},"end":{"line":27,"column":16}},"27":{"start":{"line":28,"column":0},"end":{"line":28,"column":5}},"29":{"start":{"line":30,"column":0},"end":{"line":30,"column":62}},"30":{"start":{"line":31,"column":0},"end":{"line":31,"column":54}},"31":{"start":{"line":32,"column":0},"end":{"line":32,"column":21}},"32":{"start":{"line":33,"column":0},"end":{"line":33,"column":7}},"34":{"start":{"line":35,"column":0},"end":{"line":35,"column":58}},"35":{"start":{"line":36,"column":0},"end":{"line":36,"column":14}},"36":{"start":{"line":37,"column":0},"end":{"line":37,"column":46}},"37":{"start":{"line":38,"column":0},"end":{"line":38,"column":47}},"38":{"start":{"line":39,"column":0},"end":{"line":39,"column":44}},"39":{"start":{"line":40,"column":0},"end":{"line":40,"column":52}},"40":{"start":{"line":41,"column":0},"end":{"line":41,"column":48}},"42":{"start":{"line":43,"column":0},"end":{"line":43,"column":7}},"43":{"start":{"line":44,"column":0},"end":{"line":44,"column":11}},"44":{"start":{"line":45,"column":0},"end":{"line":45,"column":14}},"45":{"start":{"line":46,"column":0},"end":{"line":46,"column":3}},"46":{"start":{"line":47,"column":0},"end":{"line":47,"column":1}},"48":{"start":{"line":49,"column":0},"end":{"line":49,"column":38}},"49":{"start":{"line":50,"column":0},"end":{"line":50,"column":51}},"50":{"start":{"line":51,"column":0},"end":{"line":51,"column":20}},"51":{"start":{"line":52,"column":0},"end":{"line":52,"column":47}},"52":{"start":{"line":53,"column":0},"end":{"line":53,"column":55}},"54":{"start":{"line":55,"column":0},"end":{"line":55,"column":54}},"56":{"start":{"line":57,"column":0},"end":{"line":57,"column":64}},"57":{"start":{"line":58,"column":0},"end":{"line":58,"column":40}},"58":{"start":{"line":59,"column":0},"end":{"line":59,"column":18}},"59":{"start":{"line":60,"column":0},"end":{"line":60,"column":41}},"60":{"start":{"line":61,"column":0},"end":{"line":61,"column":4}},"62":{"start":{"line":63,"column":0},"end":{"line":63,"column":28}},"64":{"start":{"line":65,"column":0},"end":{"line":65,"column":21}},"65":{"start":{"line":66,"column":0},"end":{"line":66,"column":20}},"66":{"start":{"line":67,"column":0},"end":{"line":67,"column":45}},"67":{"start":{"line":68,"column":0},"end":{"line":68,"column":11}},"68":{"start":{"line":69,"column":0},"end":{"line":69,"column":4}},"70":{"start":{"line":71,"column":0},"end":{"line":71,"column":25}},"71":{"start":{"line":72,"column":0},"end":{"line":72,"column":1}}},"s":{"0":1,"3":1,"4":1,"14":5,"15":5,"16":5,"18":5,"19":5,"20":5,"21":5,"22":5,"23":3,"25":5,"26":1,"27":1,"29":2,"30":5,"31":1,"32":1,"34":4,"35":4,"36":4,"37":4,"38":3,"39":1,"40":2,"42":2,"43":2,"44":2,"45":2,"46":5,"48":5,"49":5,"50":5,"51":5,"52":5,"54":5,"56":5,"57":5,"58":5,"59":5,"60":5,"62":5,"64":5,"65":5,"66":5,"67":5,"68":5,"70":5,"71":5},"branchMap":{"0":{"type":"branch","line":15,"loc":{"start":{"line":15,"column":0},"end":{"line":17,"column":1}},"locations":[{"start":{"line":15,"column":0},"end":{"line":17,"column":1}}]},"1":{"type":"branch","line":19,"loc":{"start":{"line":19,"column":0},"end":{"line":47,"column":1}},"locations":[{"start":{"line":19,"column":0},"end":{"line":47,"column":1}}]},"2":{"type":"branch","line":23,"loc":{"start":{"line":23,"column":57},"end":{"line":26,"column":32}},"locations":[{"start":{"line":23,"column":57},"end":{"line":26,"column":32}}]},"3":{"type":"branch","line":26,"loc":{"start":{"line":26,"column":32},"end":{"line":28,"column":5}},"locations":[{"start":{"line":26,"column":32},"end":{"line":28,"column":5}}]},"4":{"type":"branch","line":28,"loc":{"start":{"line":28,"column":4},"end":{"line":46,"column":3}},"locations":[{"start":{"line":28,"column":4},"end":{"line":46,"column":3}}]},"5":{"type":"branch","line":30,"loc":{"start":{"line":30,"column":25},"end":{"line":43,"column":5}},"locations":[{"start":{"line":30,"column":25},"end":{"line":43,"column":5}}]},"6":{"type":"branch","line":31,"loc":{"start":{"line":31,"column":53},"end":{"line":33,"column":7}},"locations":[{"start":{"line":31,"column":53},"end":{"line":33,"column":7}}]},"7":{"type":"branch","line":33,"loc":{"start":{"line":33,"column":6},"end":{"line":38,"column":47}},"locations":[{"start":{"line":33,"column":6},"end":{"line":38,"column":47}}]},"8":{"type":"branch","line":38,"loc":{"start":{"line":38,"column":36},"end":{"line":40,"column":52}},"locations":[{"start":{"line":38,"column":36},"end":{"line":40,"column":52}}]},"9":{"type":"branch","line":39,"loc":{"start":{"line":39,"column":32},"end":{"line":40,"column":52}},"locations":[{"start":{"line":39,"column":32},"end":{"line":40,"column":52}}]},"10":{"type":"branch","line":40,"loc":{"start":{"line":40,"column":40},"end":{"line":41,"column":48}},"locations":[{"start":{"line":40,"column":40},"end":{"line":41,"column":48}}]},"11":{"type":"branch","line":49,"loc":{"start":{"line":49,"column":0},"end":{"line":72,"column":1}},"locations":[{"start":{"line":49,"column":0},"end":{"line":72,"column":1}}]}},"b":{"0":[5],"1":[5],"2":[3],"3":[1],"4":[2],"5":[5],"6":[1],"7":[4],"8":[3],"9":[1],"10":[2],"11":[5]},"fnMap":{"0":{"name":"getDeploymentsPath","decl":{"start":{"line":15,"column":0},"end":{"line":17,"column":1}},"loc":{"start":{"line":15,"column":0},"end":{"line":17,"column":1}},"line":15},"1":{"name":"readDeploymentRecords","decl":{"start":{"line":19,"column":0},"end":{"line":47,"column":1}},"loc":{"start":{"line":19,"column":0},"end":{"line":47,"column":1}},"line":19},"2":{"name":"trackDeployment","decl":{"start":{"line":49,"column":0},"end":{"line":72,"column":1}},"loc":{"start":{"line":49,"column":0},"end":{"line":72,"column":1}},"line":49}},"f":{"0":5,"1":5,"2":5}}
,"/Users/foobarstein/Desktop/quiz-generator/src/lib/google-auth.ts": {"path":"/Users/foobarstein/Desktop/quiz-generator/src/lib/google-auth.ts","all":false,"statementMap":{"0":{"start":{"line":1,"column":0},"end":{"line":1,"column":34}},"5":{"start":{"line":6,"column":0},"end":{"line":6,"column":16}},"6":{"start":{"line":7,"column":0},"end":{"line":7,"column":47}},"7":{"start":{"line":8,"column":0},"end":{"line":8,"column":56}},"8":{"start":{"line":9,"column":0},"end":{"line":9,"column":47}},"9":{"start":{"line":10,"column":0},"end":{"line":10,"column":2}},"11":{"start":{"line":12,"column":0},"end":{"line":12,"column":39}},"12":{"start":{"line":13,"column":0},"end":{"line":13,"column":67}},"13":{"start":{"line":14,"column":0},"end":{"line":14,"column":1}},"15":{"start":{"line":16,"column":0},"end":{"line":16,"column":33}},"16":{"start":{"line":17,"column":0},"end":{"line":17,"column":69}},"17":{"start":{"line":18,"column":0},"end":{"line":18,"column":1}},"19":{"start":{"line":20,"column":0},"end":{"line":20,"column":80}},"20":{"start":{"line":21,"column":0},"end":{"line":21,"column":7}},"21":{"start":{"line":22,"column":0},"end":{"line":22,"column":53}},"22":{"start":{"line":23,"column":0},"end":{"line":23,"column":39}},"29":{"start":{"line":30,"column":0},"end":{"line":30,"column":78}},"30":{"start":{"line":31,"column":0},"end":{"line":31,"column":18}},"31":{"start":{"line":32,"column":0},"end":{"line":32,"column":5}},"33":{"start":{"line":34,"column":0},"end":{"line":34,"column":76}},"34":{"start":{"line":35,"column":0},"end":{"line":35,"column":27}},"35":{"start":{"line":36,"column":0},"end":{"line":36,"column":42}},"36":{"start":{"line":37,"column":0},"end":{"line":37,"column":7}},"37":{"start":{"line":38,"column":0},"end":{"line":38,"column":18}},"38":{"start":{"line":39,"column":0},"end":{"line":39,"column":11}},"39":{"start":{"line":40,"column":0},"end":{"line":40,"column":16}},"40":{"start":{"line":41,"column":0},"end":{"line":41,"column":3}},"41":{"start":{"line":42,"column":0},"end":{"line":42,"column":1}},"43":{"start":{"line":44,"column":0},"end":{"line":44,"column":25}},"44":{"start":{"line":45,"column":0},"end":{"line":45,"column":23}},"45":{"start":{"line":46,"column":0},"end":{"line":46,"column":20}},"46":{"start":{"line":47,"column":0},"end":{"line":47,"column":26}},"47":{"start":{"line":48,"column":0},"end":{"line":48,"column":18}},"48":{"start":{"line":49,"column":0},"end":{"line":49,"column":68}},"49":{"start":{"line":50,"column":0},"end":{"line":50,"column":59}},"54":{"start":{"line":55,"column":0},"end":{"line":55,"column":72}},"55":{"start":{"line":56,"column":0},"end":{"line":56,"column":18}},"56":{"start":{"line":57,"column":0},"end":{"line":57,"column":20}},"57":{"start":{"line":58,"column":0},"end":{"line":58,"column":80}},"58":{"start":{"line":59,"column":0},"end":{"line":59,"column":6}},"59":{"start":{"line":60,"column":0},"end":{"line":60,"column":3}},"61":{"start":{"line":62,"column":0},"end":{"line":62,"column":56}},"62":{"start":{"line":63,"column":0},"end":{"line":63,"column":22}},"63":{"start":{"line":64,"column":0},"end":{"line":64,"column":20}},"64":{"start":{"line":65,"column":0},"end":{"line":65,"column":75}},"65":{"start":{"line":66,"column":0},"end":{"line":66,"column":6}},"66":{"start":{"line":67,"column":0},"end":{"line":67,"column":3}},"68":{"start":{"line":69,"column":0},"end":{"line":69,"column":63}},"69":{"start":{"line":70,"column":0},"end":{"line":70,"column":21}},"70":{"start":{"line":71,"column":0},"end":{"line":71,"column":14}},"71":{"start":{"line":72,"column":0},"end":{"line":72,"column":19}},"72":{"start":{"line":73,"column":0},"end":{"line":73,"column":7}},"73":{"start":{"line":74,"column":0},"end":{"line":74,"column":32}},"74":{"start":{"line":75,"column":0},"end":{"line":75,"column":38}},"75":{"start":{"line":76,"column":0},"end":{"line":76,"column":46}},"76":{"start":{"line":77,"column":0},"end":{"line":77,"column":36}},"77":{"start":{"line":78,"column":0},"end":{"line":78,"column":8}},"78":{"start":{"line":79,"column":0},"end":{"line":79,"column":11}},"79":{"start":{"line":80,"column":0},"end":{"line":80,"column":8}},"80":{"start":{"line":81,"column":0},"end":{"line":81,"column":6}},"81":{"start":{"line":82,"column":0},"end":{"line":82,"column":11}},"82":{"start":{"line":83,"column":0},"end":{"line":83,"column":4}},"83":{"start":{"line":84,"column":0},"end":{"line":84,"column":1}},"85":{"start":{"line":86,"column":0},"end":{"line":86,"column":68}},"86":{"start":{"line":87,"column":0},"end":{"line":87,"column":47}},"87":{"start":{"line":88,"column":0},"end":{"line":88,"column":35}},"89":{"start":{"line":90,"column":0},"end":{"line":90,"column":51}},"90":{"start":{"line":91,"column":0},"end":{"line":91,"column":17}},"91":{"start":{"line":92,"column":0},"end":{"line":92,"column":20}},"92":{"start":{"line":93,"column":0},"end":{"line":93,"column":3}},"94":{"start":{"line":95,"column":0},"end":{"line":95,"column":37}},"95":{"start":{"line":96,"column":0},"end":{"line":96,"column":19}},"96":{"start":{"line":97,"column":0},"end":{"line":97,"column":33}},"97":{"start":{"line":98,"column":0},"end":{"line":98,"column":5}},"99":{"start":{"line":100,"column":0},"end":{"line":100,"column":54}},"100":{"start":{"line":101,"column":0},"end":{"line":101,"column":16}},"101":{"start":{"line":102,"column":0},"end":{"line":102,"column":1}}},"s":{"0":1,"5":1,"6":1,"7":1,"8":1,"9":1,"11":29,"12":29,"13":29,"15":29,"16":29,"17":29,"19":29,"20":29,"21":29,"22":25,"29":29,"30":1,"31":1,"33":24,"34":24,"35":24,"36":24,"37":24,"38":29,"39":4,"40":4,"41":29,"43":5,"44":5,"45":5,"46":5,"47":5,"48":5,"49":5,"54":5,"55":5,"56":1,"57":1,"58":1,"59":1,"61":4,"62":5,"63":1,"64":1,"65":1,"66":1,"68":3,"69":3,"70":3,"71":3,"72":3,"73":3,"74":3,"75":3,"76":3,"77":3,"78":3,"79":3,"80":3,"81":3,"82":3,"83":3,"85":29,"86":29,"87":29,"89":29,"90":29,"91":24,"92":24,"94":5,"95":5,"96":5,"97":5,"99":5,"100":3,"101":3},"branchMap":{"0":{"type":"branch","line":12,"loc":{"start":{"line":12,"column":0},"end":{"line":14,"column":1}},"locations":[{"start":{"line":12,"column":0},"end":{"line":14,"column":1}}]},"1":{"type":"branch","line":13,"loc":{"start":{"line":13,"column":21},"end":{"line":13,"column":67}},"locations":[{"start":{"line":13,"column":21},"end":{"line":13,"column":67}}]},"2":{"type":"branch","line":16,"loc":{"start":{"line":16,"column":0},"end":{"line":18,"column":1}},"locations":[{"start":{"line":16,"column":0},"end":{"line":18,"column":1}}]},"3":{"type":"branch","line":17,"loc":{"start":{"line":17,"column":21},"end":{"line":17,"column":69}},"locations":[{"start":{"line":17,"column":21},"end":{"line":17,"column":69}}]},"4":{"type":"branch","line":20,"loc":{"start":{"line":20,"column":0},"end":{"line":42,"column":1}},"locations":[{"start":{"line":20,"column":0},"end":{"line":42,"column":1}}]},"5":{"type":"branch","line":22,"loc":{"start":{"line":22,"column":51},"end":{"line":30,"column":54}},"locations":[{"start":{"line":22,"column":51},"end":{"line":30,"column":54}}]},"6":{"type":"branch","line":30,"loc":{"start":{"line":30,"column":37},"end":{"line":30,"column":77}},"locations":[{"start":{"line":30,"column":37},"end":{"line":30,"column":77}}]},"7":{"type":"branch","line":30,"loc":{"start":{"line":30,"column":77},"end":{"line":39,"column":10}},"locations":[{"start":{"line":30,"column":77},"end":{"line":39,"column":10}}]},"8":{"type":"branch","line":30,"loc":{"start":{"line":30,"column":77},"end":{"line":32,"column":5}},"locations":[{"start":{"line":30,"column":77},"end":{"line":32,"column":5}}]},"9":{"type":"branch","line":39,"loc":{"start":{"line":39,"column":2},"end":{"line":41,"column":3}},"locations":[{"start":{"line":39,"column":2},"end":{"line":41,"column":3}}]},"10":{"type":"branch","line":44,"loc":{"start":{"line":44,"column":0},"end":{"line":84,"column":1}},"locations":[{"start":{"line":44,"column":0},"end":{"line":84,"column":1}}]},"11":{"type":"branch","line":55,"loc":{"start":{"line":55,"column":37},"end":{"line":55,"column":72}},"locations":[{"start":{"line":55,"column":37},"end":{"line":55,"column":72}}]},"12":{"type":"branch","line":56,"loc":{"start":{"line":56,"column":17},"end":{"line":60,"column":3}},"locations":[{"start":{"line":56,"column":17},"end":{"line":60,"column":3}}]},"13":{"type":"branch","line":60,"loc":{"start":{"line":60,"column":2},"end":{"line":63,"column":21}},"locations":[{"start":{"line":60,"column":2},"end":{"line":63,"column":21}}]},"14":{"type":"branch","line":63,"loc":{"start":{"line":63,"column":21},"end":{"line":67,"column":3}},"locations":[{"start":{"line":63,"column":21},"end":{"line":67,"column":3}}]},"15":{"type":"branch","line":67,"loc":{"start":{"line":67,"column":2},"end":{"line":84,"column":1}},"locations":[{"start":{"line":67,"column":2},"end":{"line":84,"column":1}}]},"16":{"type":"branch","line":86,"loc":{"start":{"line":86,"column":0},"end":{"line":102,"column":1}},"locations":[{"start":{"line":86,"column":0},"end":{"line":102,"column":1}}]},"17":{"type":"branch","line":91,"loc":{"start":{"line":91,"column":16},"end":{"line":93,"column":3}},"locations":[{"start":{"line":91,"column":16},"end":{"line":93,"column":3}}]},"18":{"type":"branch","line":93,"loc":{"start":{"line":93,"column":2},"end":{"line":102,"column":1}},"locations":[{"start":{"line":93,"column":2},"end":{"line":102,"column":1}}]},"19":{"type":"branch","line":93,"loc":{"start":{"line":93,"column":2},"end":{"line":100,"column":54}},"locations":[{"start":{"line":93,"column":2},"end":{"line":100,"column":54}}]},"20":{"type":"branch","line":100,"loc":{"start":{"line":100,"column":52},"end":{"line":102,"column":1}},"locations":[{"start":{"line":100,"column":52},"end":{"line":102,"column":1}}]}},"b":{"0":[29],"1":[1],"2":[29],"3":[1],"4":[29],"5":[25],"6":[25],"7":[24],"8":[1],"9":[4],"10":[5],"11":[1],"12":[1],"13":[4],"14":[1],"15":[3],"16":[29],"17":[24],"18":[6],"19":[5],"20":[3]},"fnMap":{"0":{"name":"getCredentialsPath","decl":{"start":{"line":12,"column":0},"end":{"line":14,"column":1}},"loc":{"start":{"line":12,"column":0},"end":{"line":14,"column":1}},"line":12},"1":{"name":"getTokenPath","decl":{"start":{"line":16,"column":0},"end":{"line":18,"column":1}},"loc":{"start":{"line":16,"column":0},"end":{"line":18,"column":1}},"line":16},"2":{"name":"loadSavedToken","decl":{"start":{"line":20,"column":0},"end":{"line":42,"column":1}},"loc":{"start":{"line":20,"column":0},"end":{"line":42,"column":1}},"line":20},"3":{"name":"saveToken","decl":{"start":{"line":44,"column":0},"end":{"line":84,"column":1}},"loc":{"start":{"line":44,"column":0},"end":{"line":84,"column":1}},"line":44},"4":{"name":"getAuthorizedClient","decl":{"start":{"line":86,"column":0},"end":{"line":102,"column":1}},"loc":{"start":{"line":86,"column":0},"end":{"line":102,"column":1}},"line":86}},"f":{"0":29,"1":29,"2":29,"3":5,"4":29}}
,"/Users/foobarstein/Desktop/quiz-generator/src/lib/google-forms.ts": {"path":"/Users/foobarstein/Desktop/quiz-generator/src/lib/google-forms.ts","all":false,"statementMap":{"0":{"start":{"line":1,"column":0},"end":{"line":1,"column":56}},"8":{"start":{"line":9,"column":0},"end":{"line":9,"column":34}},"9":{"start":{"line":10,"column":0},"end":{"line":10,"column":29}},"10":{"start":{"line":11,"column":0},"end":{"line":11,"column":39}},"11":{"start":{"line":12,"column":0},"end":{"line":12,"column":47}},"12":{"start":{"line":13,"column":0},"end":{"line":13,"column":52}},"13":{"start":{"line":14,"column":0},"end":{"line":14,"column":21}},"14":{"start":{"line":15,"column":0},"end":{"line":15,"column":1}},"16":{"start":{"line":17,"column":0},"end":{"line":17,"column":80}},"17":{"start":{"line":18,"column":0},"end":{"line":18,"column":26}},"18":{"start":{"line":19,"column":0},"end":{"line":19,"column":40}},"19":{"start":{"line":20,"column":0},"end":{"line":20,"column":42}},"20":{"start":{"line":21,"column":0},"end":{"line":21,"column":33}},"22":{"start":{"line":23,"column":0},"end":{"line":23,"column":26}},"23":{"start":{"line":24,"column":0},"end":{"line":24,"column":30}},"24":{"start":{"line":25,"column":0},"end":{"line":25,"column":20}},"25":{"start":{"line":26,"column":0},"end":{"line":26,"column":44}},"26":{"start":{"line":27,"column":0},"end":{"line":27,"column":39}},"27":{"start":{"line":28,"column":0},"end":{"line":28,"column":6}},"28":{"start":{"line":29,"column":0},"end":{"line":29,"column":32}},"30":{"start":{"line":31,"column":0},"end":{"line":31,"column":54}},"31":{"start":{"line":32,"column":0},"end":{"line":32,"column":62}},"32":{"start":{"line":33,"column":0},"end":{"line":33,"column":9}},"33":{"start":{"line":34,"column":0},"end":{"line":34,"column":38}},"34":{"start":{"line":35,"column":0},"end":{"line":35,"column":25}},"35":{"start":{"line":36,"column":0},"end":{"line":36,"column":37}},"36":{"start":{"line":37,"column":0},"end":{"line":37,"column":17}},"37":{"start":{"line":38,"column":0},"end":{"line":38,"column":42}},"38":{"start":{"line":39,"column":0},"end":{"line":39,"column":17}},"39":{"start":{"line":40,"column":0},"end":{"line":40,"column":26}},"40":{"start":{"line":41,"column":0},"end":{"line":41,"column":9}},"41":{"start":{"line":42,"column":0},"end":{"line":42,"column":18}},"43":{"start":{"line":44,"column":0},"end":{"line":44,"column":50}},"44":{"start":{"line":45,"column":0},"end":{"line":45,"column":32}},"45":{"start":{"line":46,"column":0},"end":{"line":46,"column":12}},"46":{"start":{"line":47,"column":0},"end":{"line":47,"column":4}},"48":{"start":{"line":49,"column":0},"end":{"line":49,"column":25}},"49":{"start":{"line":50,"column":0},"end":{"line":50,"column":35}},"50":{"start":{"line":51,"column":0},"end":{"line":51,"column":52}},"51":{"start":{"line":52,"column":0},"end":{"line":52,"column":58}},"52":{"start":{"line":53,"column":0},"end":{"line":53,"column":28}},"53":{"start":{"line":54,"column":0},"end":{"line":54,"column":10}},"54":{"start":{"line":55,"column":0},"end":{"line":55,"column":21}},"55":{"start":{"line":56,"column":0},"end":{"line":56,"column":6}},"56":{"start":{"line":57,"column":0},"end":{"line":57,"column":10}},"57":{"start":{"line":58,"column":0},"end":{"line":58,"column":33}},"58":{"start":{"line":59,"column":0},"end":{"line":59,"column":47}},"59":{"start":{"line":60,"column":0},"end":{"line":60,"column":6}},"60":{"start":{"line":61,"column":0},"end":{"line":61,"column":3}},"62":{"start":{"line":63,"column":0},"end":{"line":63,"column":10}},"63":{"start":{"line":64,"column":0},"end":{"line":64,"column":26}},"64":{"start":{"line":65,"column":0},"end":{"line":65,"column":38}},"65":{"start":{"line":66,"column":0},"end":{"line":66,"column":19}},"66":{"start":{"line":67,"column":0},"end":{"line":67,"column":29}},"67":{"start":{"line":68,"column":0},"end":{"line":68,"column":6}},"68":{"start":{"line":69,"column":0},"end":{"line":69,"column":4}},"69":{"start":{"line":70,"column":0},"end":{"line":70,"column":1}},"71":{"start":{"line":72,"column":0},"end":{"line":72,"column":33}},"72":{"start":{"line":73,"column":0},"end":{"line":73,"column":29}},"73":{"start":{"line":74,"column":0},"end":{"line":74,"column":24}},"74":{"start":{"line":75,"column":0},"end":{"line":75,"column":47}},"75":{"start":{"line":76,"column":0},"end":{"line":76,"column":18}},"76":{"start":{"line":77,"column":0},"end":{"line":77,"column":16}},"77":{"start":{"line":78,"column":0},"end":{"line":78,"column":3}},"79":{"start":{"line":80,"column":0},"end":{"line":80,"column":30}},"80":{"start":{"line":81,"column":0},"end":{"line":81,"column":45}},"81":{"start":{"line":82,"column":0},"end":{"line":82,"column":47}},"82":{"start":{"line":83,"column":0},"end":{"line":83,"column":41}},"83":{"start":{"line":84,"column":0},"end":{"line":84,"column":54}},"84":{"start":{"line":85,"column":0},"end":{"line":85,"column":23}},"85":{"start":{"line":86,"column":0},"end":{"line":86,"column":4}},"87":{"start":{"line":88,"column":0},"end":{"line":88,"column":66}},"88":{"start":{"line":89,"column":0},"end":{"line":89,"column":28}},"89":{"start":{"line":90,"column":0},"end":{"line":90,"column":11}},"90":{"start":{"line":91,"column":0},"end":{"line":91,"column":36}},"91":{"start":{"line":92,"column":0},"end":{"line":92,"column":51}},"92":{"start":{"line":93,"column":0},"end":{"line":93,"column":4}},"94":{"start":{"line":95,"column":0},"end":{"line":95,"column":32}},"95":{"start":{"line":96,"column":0},"end":{"line":96,"column":46}},"96":{"start":{"line":97,"column":0},"end":{"line":97,"column":30}},"97":{"start":{"line":98,"column":0},"end":{"line":98,"column":36}},"98":{"start":{"line":99,"column":0},"end":{"line":99,"column":38}},"99":{"start":{"line":100,"column":0},"end":{"line":100,"column":29}},"100":{"start":{"line":101,"column":0},"end":{"line":101,"column":12}},"101":{"start":{"line":102,"column":0},"end":{"line":102,"column":34}},"102":{"start":{"line":103,"column":0},"end":{"line":103,"column":5}},"104":{"start":{"line":105,"column":0},"end":{"line":105,"column":73}},"105":{"start":{"line":106,"column":0},"end":{"line":106,"column":36}},"106":{"start":{"line":107,"column":0},"end":{"line":107,"column":50}},"107":{"start":{"line":108,"column":0},"end":{"line":108,"column":24}},"108":{"start":{"line":109,"column":0},"end":{"line":109,"column":14}},"109":{"start":{"line":110,"column":0},"end":{"line":110,"column":53}},"110":{"start":{"line":111,"column":0},"end":{"line":111,"column":10}},"112":{"start":{"line":113,"column":0},"end":{"line":113,"column":27}},"114":{"start":{"line":115,"column":0},"end":{"line":115,"column":29}},"115":{"start":{"line":116,"column":0},"end":{"line":116,"column":43}},"116":{"start":{"line":117,"column":0},"end":{"line":117,"column":5}},"118":{"start":{"line":119,"column":0},"end":{"line":119,"column":16}},"119":{"start":{"line":120,"column":0},"end":{"line":120,"column":3}},"121":{"start":{"line":122,"column":0},"end":{"line":122,"column":30}},"122":{"start":{"line":123,"column":0},"end":{"line":123,"column":77}},"123":{"start":{"line":124,"column":0},"end":{"line":124,"column":29}},"124":{"start":{"line":125,"column":0},"end":{"line":125,"column":43}},"125":{"start":{"line":126,"column":0},"end":{"line":126,"column":5}},"126":{"start":{"line":127,"column":0},"end":{"line":127,"column":16}},"127":{"start":{"line":128,"column":0},"end":{"line":128,"column":3}},"129":{"start":{"line":130,"column":0},"end":{"line":130,"column":14}},"130":{"start":{"line":131,"column":0},"end":{"line":131,"column":1}},"132":{"start":{"line":133,"column":0},"end":{"line":133,"column":58}},"133":{"start":{"line":134,"column":0},"end":{"line":134,"column":43}},"134":{"start":{"line":135,"column":0},"end":{"line":135,"column":47}},"135":{"start":{"line":136,"column":0},"end":{"line":136,"column":1}},"137":{"start":{"line":138,"column":0},"end":{"line":138,"column":58}},"138":{"start":{"line":139,"column":0},"end":{"line":139,"column":43}},"139":{"start":{"line":140,"column":0},"end":{"line":140,"column":47}},"140":{"start":{"line":141,"column":0},"end":{"line":141,"column":1}},"142":{"start":{"line":143,"column":0},"end":{"line":143,"column":32}},"143":{"start":{"line":144,"column":0},"end":{"line":144,"column":17}},"144":{"start":{"line":145,"column":0},"end":{"line":145,"column":19}},"145":{"start":{"line":146,"column":0},"end":{"line":146,"column":18}},"146":{"start":{"line":147,"column":0},"end":{"line":147,"column":39}},"147":{"start":{"line":148,"column":0},"end":{"line":148,"column":42}},"149":{"start":{"line":150,"column":0},"end":{"line":150,"column":37}},"150":{"start":{"line":151,"column":0},"end":{"line":151,"column":11}},"151":{"start":{"line":152,"column":0},"end":{"line":152,"column":3}},"153":{"start":{"line":154,"column":0},"end":{"line":154,"column":41}},"154":{"start":{"line":155,"column":0},"end":{"line":155,"column":19}},"155":{"start":{"line":156,"column":0},"end":{"line":156,"column":22}},"156":{"start":{"line":157,"column":0},"end":{"line":157,"column":28}},"157":{"start":{"line":158,"column":0},"end":{"line":158,"column":5}},"159":{"start":{"line":160,"column":0},"end":{"line":160,"column":47}},"160":{"start":{"line":161,"column":0},"end":{"line":161,"column":79}},"162":{"start":{"line":163,"column":0},"end":{"line":163,"column":28}},"163":{"start":{"line":164,"column":0},"end":{"line":164,"column":19}},"164":{"start":{"line":165,"column":0},"end":{"line":165,"column":32}},"165":{"start":{"line":166,"column":0},"end":{"line":166,"column":18}},"166":{"start":{"line":167,"column":0},"end":{"line":167,"column":25}},"167":{"start":{"line":168,"column":0},"end":{"line":168,"column":28}},"168":{"start":{"line":169,"column":0},"end":{"line":169,"column":5}},"169":{"start":{"line":170,"column":0},"end":{"line":170,"column":1}},"171":{"start":{"line":172,"column":0},"end":{"line":172,"column":73}},"172":{"start":{"line":173,"column":0},"end":{"line":173,"column":47}},"173":{"start":{"line":174,"column":0},"end":{"line":174,"column":5}},"174":{"start":{"line":175,"column":0},"end":{"line":175,"column":23}},"175":{"start":{"line":176,"column":0},"end":{"line":176,"column":19}},"176":{"start":{"line":177,"column":0},"end":{"line":177,"column":25}},"177":{"start":{"line":178,"column":0},"end":{"line":178,"column":40}},"178":{"start":{"line":179,"column":0},"end":{"line":179,"column":12}},"179":{"start":{"line":180,"column":0},"end":{"line":180,"column":10}},"180":{"start":{"line":181,"column":0},"end":{"line":181,"column":42}},"181":{"start":{"line":182,"column":0},"end":{"line":182,"column":8}},"182":{"start":{"line":183,"column":0},"end":{"line":183,"column":6}},"183":{"start":{"line":184,"column":0},"end":{"line":184,"column":4}},"185":{"start":{"line":186,"column":0},"end":{"line":186,"column":47}},"186":{"start":{"line":187,"column":0},"end":{"line":187,"column":19}},"187":{"start":{"line":188,"column":0},"end":{"line":188,"column":19}},"188":{"start":{"line":189,"column":0},"end":{"line":189,"column":48}},"189":{"start":{"line":190,"column":0},"end":{"line":190,"column":28}},"190":{"start":{"line":191,"column":0},"end":{"line":191,"column":8}},"191":{"start":{"line":192,"column":0},"end":{"line":192,"column":7}},"192":{"start":{"line":193,"column":0},"end":{"line":193,"column":5}},"194":{"start":{"line":195,"column":0},"end":{"line":195,"column":18}},"195":{"start":{"line":196,"column":0},"end":{"line":196,"column":1}},"197":{"start":{"line":198,"column":0},"end":{"line":198,"column":45}},"198":{"start":{"line":199,"column":0},"end":{"line":199,"column":17}},"199":{"start":{"line":200,"column":0},"end":{"line":200,"column":22}},"200":{"start":{"line":201,"column":0},"end":{"line":201,"column":39}},"201":{"start":{"line":202,"column":0},"end":{"line":202,"column":53}},"202":{"start":{"line":203,"column":0},"end":{"line":203,"column":29}},"204":{"start":{"line":205,"column":0},"end":{"line":205,"column":38}},"205":{"start":{"line":206,"column":0},"end":{"line":206,"column":49}},"206":{"start":{"line":207,"column":0},"end":{"line":207,"column":71}},"208":{"start":{"line":209,"column":0},"end":{"line":209,"column":10}},"209":{"start":{"line":210,"column":0},"end":{"line":210,"column":15}},"210":{"start":{"line":211,"column":0},"end":{"line":211,"column":47}},"211":{"start":{"line":212,"column":0},"end":{"line":212,"column":53}},"212":{"start":{"line":213,"column":0},"end":{"line":213,"column":56}},"213":{"start":{"line":214,"column":0},"end":{"line":214,"column":14}},"214":{"start":{"line":215,"column":0},"end":{"line":215,"column":4}},"215":{"start":{"line":216,"column":0},"end":{"line":216,"column":1}},"217":{"start":{"line":218,"column":0},"end":{"line":218,"column":47}},"218":{"start":{"line":219,"column":0},"end":{"line":219,"column":17}},"219":{"start":{"line":220,"column":0},"end":{"line":220,"column":30}},"220":{"start":{"line":221,"column":0},"end":{"line":221,"column":55}},"221":{"start":{"line":222,"column":0},"end":{"line":222,"column":39}},"223":{"start":{"line":224,"column":0},"end":{"line":224,"column":51}},"224":{"start":{"line":225,"column":0},"end":{"line":225,"column":18}},"225":{"start":{"line":226,"column":0},"end":{"line":226,"column":13}},"226":{"start":{"line":227,"column":0},"end":{"line":227,"column":26}},"227":{"start":{"line":228,"column":0},"end":{"line":228,"column":8}},"228":{"start":{"line":229,"column":0},"end":{"line":229,"column":6}},"229":{"start":{"line":230,"column":0},"end":{"line":230,"column":5}},"231":{"start":{"line":232,"column":0},"end":{"line":232,"column":44}},"232":{"start":{"line":233,"column":0},"end":{"line":233,"column":16}},"233":{"start":{"line":234,"column":0},"end":{"line":234,"column":61}},"234":{"start":{"line":235,"column":0},"end":{"line":235,"column":3}},"236":{"start":{"line":237,"column":0},"end":{"line":237,"column":45}},"237":{"start":{"line":238,"column":0},"end":{"line":238,"column":20}},"238":{"start":{"line":239,"column":0},"end":{"line":239,"column":21}},"239":{"start":{"line":240,"column":0},"end":{"line":240,"column":13}},"240":{"start":{"line":241,"column":0},"end":{"line":241,"column":26}},"241":{"start":{"line":242,"column":0},"end":{"line":242,"column":38}},"242":{"start":{"line":243,"column":0},"end":{"line":243,"column":8}},"243":{"start":{"line":244,"column":0},"end":{"line":244,"column":38}},"244":{"start":{"line":245,"column":0},"end":{"line":245,"column":6}},"245":{"start":{"line":246,"column":0},"end":{"line":246,"column":5}},"247":{"start":{"line":248,"column":0},"end":{"line":248,"column":33}},"248":{"start":{"line":249,"column":0},"end":{"line":249,"column":11}},"249":{"start":{"line":250,"column":0},"end":{"line":250,"column":30}},"250":{"start":{"line":251,"column":0},"end":{"line":251,"column":5}},"252":{"start":{"line":253,"column":0},"end":{"line":253,"column":26}},"253":{"start":{"line":254,"column":0},"end":{"line":254,"column":53}},"254":{"start":{"line":255,"column":0},"end":{"line":255,"column":3}},"256":{"start":{"line":257,"column":0},"end":{"line":257,"column":52}},"258":{"start":{"line":259,"column":0},"end":{"line":259,"column":10}},"259":{"start":{"line":260,"column":0},"end":{"line":260,"column":11}},"260":{"start":{"line":261,"column":0},"end":{"line":261,"column":57}},"261":{"start":{"line":262,"column":0},"end":{"line":262,"column":4}},"262":{"start":{"line":263,"column":0},"end":{"line":263,"column":1}},"264":{"start":{"line":265,"column":0},"end":{"line":265,"column":47}},"265":{"start":{"line":266,"column":0},"end":{"line":266,"column":17}},"266":{"start":{"line":267,"column":0},"end":{"line":267,"column":17}},"267":{"start":{"line":268,"column":0},"end":{"line":268,"column":55}},"268":{"start":{"line":269,"column":0},"end":{"line":269,"column":39}},"269":{"start":{"line":270,"column":0},"end":{"line":270,"column":53}},"271":{"start":{"line":272,"column":0},"end":{"line":272,"column":57}},"273":{"start":{"line":274,"column":0},"end":{"line":274,"column":47}},"274":{"start":{"line":275,"column":0},"end":{"line":275,"column":5}},"275":{"start":{"line":276,"column":0},"end":{"line":276,"column":23}},"276":{"start":{"line":277,"column":0},"end":{"line":277,"column":15}},"277":{"start":{"line":278,"column":0},"end":{"line":278,"column":28}},"278":{"start":{"line":279,"column":0},"end":{"line":279,"column":40}},"279":{"start":{"line":280,"column":0},"end":{"line":280,"column":10}},"280":{"start":{"line":281,"column":0},"end":{"line":281,"column":40}},"281":{"start":{"line":282,"column":0},"end":{"line":282,"column":8}},"282":{"start":{"line":283,"column":0},"end":{"line":283,"column":6}},"283":{"start":{"line":284,"column":0},"end":{"line":284,"column":5}},"284":{"start":{"line":285,"column":0},"end":{"line":285,"column":23}},"285":{"start":{"line":286,"column":0},"end":{"line":286,"column":19}},"286":{"start":{"line":287,"column":0},"end":{"line":287,"column":25}},"287":{"start":{"line":288,"column":0},"end":{"line":288,"column":40}},"288":{"start":{"line":289,"column":0},"end":{"line":289,"column":12}},"289":{"start":{"line":290,"column":0},"end":{"line":290,"column":10}},"290":{"start":{"line":291,"column":0},"end":{"line":291,"column":42}},"291":{"start":{"line":292,"column":0},"end":{"line":292,"column":8}},"292":{"start":{"line":293,"column":0},"end":{"line":293,"column":6}},"293":{"start":{"line":294,"column":0},"end":{"line":294,"column":4}},"295":{"start":{"line":296,"column":0},"end":{"line":296,"column":63}},"296":{"start":{"line":297,"column":0},"end":{"line":297,"column":19}},"297":{"start":{"line":298,"column":0},"end":{"line":298,"column":19}},"298":{"start":{"line":299,"column":0},"end":{"line":299,"column":28}},"299":{"start":{"line":300,"column":0},"end":{"line":300,"column":8}},"300":{"start":{"line":301,"column":0},"end":{"line":301,"column":7}},"301":{"start":{"line":302,"column":0},"end":{"line":302,"column":3}},"303":{"start":{"line":304,"column":0},"end":{"line":304,"column":47}},"304":{"start":{"line":305,"column":0},"end":{"line":305,"column":19}},"305":{"start":{"line":306,"column":0},"end":{"line":306,"column":19}},"306":{"start":{"line":307,"column":0},"end":{"line":307,"column":48}},"307":{"start":{"line":308,"column":0},"end":{"line":308,"column":28}},"308":{"start":{"line":309,"column":0},"end":{"line":309,"column":8}},"309":{"start":{"line":310,"column":0},"end":{"line":310,"column":7}},"310":{"start":{"line":311,"column":0},"end":{"line":311,"column":5}},"312":{"start":{"line":313,"column":0},"end":{"line":313,"column":33}},"313":{"start":{"line":314,"column":0},"end":{"line":314,"column":11}},"314":{"start":{"line":315,"column":0},"end":{"line":315,"column":30}},"315":{"start":{"line":316,"column":0},"end":{"line":316,"column":5}},"317":{"start":{"line":318,"column":0},"end":{"line":318,"column":52}},"319":{"start":{"line":320,"column":0},"end":{"line":320,"column":10}},"320":{"start":{"line":321,"column":0},"end":{"line":321,"column":11}},"321":{"start":{"line":322,"column":0},"end":{"line":322,"column":57}},"322":{"start":{"line":323,"column":0},"end":{"line":323,"column":4}},"323":{"start":{"line":324,"column":0},"end":{"line":324,"column":1}}},"s":{"0":1,"8":9,"9":9,"10":9,"11":9,"12":9,"13":1,"14":1,"16":12,"17":12,"18":12,"19":5,"20":4,"22":12,"23":12,"24":12,"25":12,"26":12,"27":4,"28":12,"30":12,"31":12,"32":7,"33":7,"34":7,"35":7,"36":6,"37":6,"38":6,"39":1,"40":7,"41":5,"43":12,"44":12,"45":12,"46":12,"48":12,"49":9,"50":9,"51":9,"52":16,"53":9,"54":9,"55":9,"56":12,"57":3,"58":3,"59":3,"60":3,"62":12,"63":12,"64":12,"65":12,"66":12,"67":12,"68":12,"69":12,"71":9,"72":9,"73":9,"74":9,"75":9,"76":1,"77":1,"79":8,"80":9,"81":9,"82":9,"83":9,"84":9,"85":9,"87":9,"88":9,"89":9,"90":9,"91":9,"92":9,"94":9,"95":4,"96":4,"97":1,"98":4,"99":1,"100":3,"101":2,"102":2,"104":4,"105":4,"106":4,"107":4,"108":6,"109":6,"110":4,"112":4,"114":4,"115":1,"116":1,"118":4,"119":4,"121":9,"122":3,"123":3,"124":1,"125":1,"126":3,"127":3,"129":1,"130":1,"132":19,"133":19,"134":19,"135":19,"137":4,"138":4,"139":4,"140":4,"142":4,"143":4,"144":4,"145":4,"146":4,"147":4,"149":4,"150":1,"151":1,"153":3,"154":3,"155":3,"156":3,"157":3,"159":4,"160":4,"162":4,"163":4,"164":4,"165":4,"166":4,"167":4,"168":4,"169":3,"171":9,"172":9,"173":9,"174":9,"175":9,"176":9,"177":9,"178":9,"179":9,"180":9,"181":9,"182":9,"183":9,"185":9,"186":10,"187":10,"188":10,"189":10,"190":10,"191":10,"192":9,"194":9,"195":9,"197":7,"198":7,"199":7,"200":7,"201":7,"202":7,"204":7,"205":7,"206":7,"208":7,"209":7,"210":7,"211":7,"212":7,"213":7,"214":7,"215":7,"217":10,"218":10,"219":10,"220":10,"221":10,"223":10,"224":10,"225":10,"226":10,"227":10,"228":10,"229":10,"231":10,"232":10,"233":1,"234":1,"236":9,"237":9,"238":9,"239":9,"240":9,"241":9,"242":9,"243":9,"244":9,"245":9,"247":9,"248":9,"249":9,"250":9,"252":10,"253":4,"254":4,"256":9,"258":9,"259":9,"260":10,"261":10,"262":10,"264":2,"265":2,"266":2,"267":2,"268":2,"269":2,"271":2,"273":2,"274":2,"275":2,"276":2,"277":2,"278":2,"279":2,"280":2,"281":2,"282":2,"283":2,"284":2,"285":2,"286":2,"287":2,"288":2,"289":2,"290":2,"291":2,"292":2,"293":2,"295":2,"296":3,"297":3,"298":3,"299":3,"300":3,"301":3,"303":2,"304":2,"305":2,"306":2,"307":2,"308":2,"309":2,"310":2,"312":2,"313":2,"314":2,"315":2,"317":2,"319":2,"320":2,"321":2,"322":2,"323":2},"branchMap":{"0":{"type":"branch","line":9,"loc":{"start":{"line":9,"column":0},"end":{"line":15,"column":1}},"locations":[{"start":{"line":9,"column":0},"end":{"line":15,"column":1}}]},"1":{"type":"branch","line":12,"loc":{"start":{"line":12,"column":32},"end":{"line":12,"column":47}},"locations":[{"start":{"line":12,"column":32},"end":{"line":12,"column":47}}]},"2":{"type":"branch","line":12,"loc":{"start":{"line":12,"column":39},"end":{"line":13,"column":41}},"locations":[{"start":{"line":12,"column":39},"end":{"line":13,"column":41}}]},"3":{"type":"branch","line":13,"loc":{"start":{"line":13,"column":34},"end":{"line":15,"column":1}},"locations":[{"start":{"line":13,"column":34},"end":{"line":15,"column":1}}]},"4":{"type":"branch","line":17,"loc":{"start":{"line":17,"column":0},"end":{"line":70,"column":1}},"locations":[{"start":{"line":17,"column":0},"end":{"line":70,"column":1}}]},"5":{"type":"branch","line":19,"loc":{"start":{"line":19,"column":22},"end":{"line":20,"column":42}},"locations":[{"start":{"line":19,"column":22},"end":{"line":20,"column":42}}]},"6":{"type":"branch","line":20,"loc":{"start":{"line":20,"column":22},"end":{"line":21,"column":33}},"locations":[{"start":{"line":20,"column":22},"end":{"line":21,"column":33}}]},"7":{"type":"branch","line":25,"loc":{"start":{"line":25,"column":13},"end":{"line":26,"column":15}},"locations":[{"start":{"line":25,"column":13},"end":{"line":26,"column":15}}]},"8":{"type":"branch","line":27,"loc":{"start":{"line":27,"column":35},"end":{"line":28,"column":6}},"locations":[{"start":{"line":27,"column":35},"end":{"line":28,"column":6}}]},"9":{"type":"branch","line":32,"loc":{"start":{"line":32,"column":28},"end":{"line":32,"column":62}},"locations":[{"start":{"line":32,"column":28},"end":{"line":32,"column":62}}]},"10":{"type":"branch","line":32,"loc":{"start":{"line":32,"column":53},"end":{"line":41,"column":9}},"locations":[{"start":{"line":32,"column":53},"end":{"line":41,"column":9}}]},"11":{"type":"branch","line":36,"loc":{"start":{"line":36,"column":36},"end":{"line":39,"column":17}},"locations":[{"start":{"line":36,"column":36},"end":{"line":39,"column":17}}]},"12":{"type":"branch","line":39,"loc":{"start":{"line":39,"column":16},"end":{"line":40,"column":26}},"locations":[{"start":{"line":39,"column":16},"end":{"line":40,"column":26}}]},"13":{"type":"branch","line":41,"loc":{"start":{"line":41,"column":8},"end":{"line":42,"column":18}},"locations":[{"start":{"line":41,"column":8},"end":{"line":42,"column":18}}]},"14":{"type":"branch","line":49,"loc":{"start":{"line":49,"column":24},"end":{"line":57,"column":9}},"locations":[{"start":{"line":49,"column":24},"end":{"line":57,"column":9}}]},"15":{"type":"branch","line":52,"loc":{"start":{"line":52,"column":25},"end":{"line":52,"column":40}},"locations":[{"start":{"line":52,"column":25},"end":{"line":52,"column":40}}]},"16":{"type":"branch","line":57,"loc":{"start":{"line":57,"column":2},"end":{"line":61,"column":3}},"locations":[{"start":{"line":57,"column":2},"end":{"line":61,"column":3}}]},"17":{"type":"branch","line":26,"loc":{"start":{"line":26,"column":15},"end":{"line":26,"column":43}},"locations":[{"start":{"line":26,"column":15},"end":{"line":26,"column":43}}]},"18":{"type":"branch","line":27,"loc":{"start":{"line":27,"column":11},"end":{"line":27,"column":35}},"locations":[{"start":{"line":27,"column":11},"end":{"line":27,"column":35}}]},"19":{"type":"branch","line":29,"loc":{"start":{"line":29,"column":8},"end":{"line":29,"column":30}},"locations":[{"start":{"line":29,"column":8},"end":{"line":29,"column":30}}]},"20":{"type":"branch","line":52,"loc":{"start":{"line":52,"column":44},"end":{"line":54,"column":8}},"locations":[{"start":{"line":52,"column":44},"end":{"line":54,"column":8}}]},"21":{"type":"branch","line":72,"loc":{"start":{"line":72,"column":0},"end":{"line":131,"column":1}},"locations":[{"start":{"line":72,"column":0},"end":{"line":131,"column":1}}]},"22":{"type":"branch","line":75,"loc":{"start":{"line":75,"column":24},"end":{"line":75,"column":47}},"locations":[{"start":{"line":75,"column":24},"end":{"line":75,"column":47}}]},"23":{"type":"branch","line":76,"loc":{"start":{"line":76,"column":17},"end":{"line":78,"column":3}},"locations":[{"start":{"line":76,"column":17},"end":{"line":78,"column":3}}]},"24":{"type":"branch","line":78,"loc":{"start":{"line":78,"column":2},"end":{"line":81,"column":25}},"locations":[{"start":{"line":78,"column":2},"end":{"line":81,"column":25}}]},"25":{"type":"branch","line":81,"loc":{"start":{"line":81,"column":16},"end":{"line":81,"column":45}},"locations":[{"start":{"line":81,"column":16},"end":{"line":81,"column":45}}]},"26":{"type":"branch","line":82,"loc":{"start":{"line":82,"column":22},"end":{"line":82,"column":47}},"locations":[{"start":{"line":82,"column":22},"end":{"line":82,"column":47}}]},"27":{"type":"branch","line":83,"loc":{"start":{"line":83,"column":23},"end":{"line":83,"column":41}},"locations":[{"start":{"line":83,"column":23},"end":{"line":83,"column":41}}]},"28":{"type":"branch","line":84,"loc":{"start":{"line":84,"column":21},"end":{"line":84,"column":44}},"locations":[{"start":{"line":84,"column":21},"end":{"line":84,"column":44}}]},"29":{"type":"branch","line":84,"loc":{"start":{"line":84,"column":30},"end":{"line":84,"column":54}},"locations":[{"start":{"line":84,"column":30},"end":{"line":84,"column":54}}]},"30":{"type":"branch","line":88,"loc":{"start":{"line":88,"column":27},"end":{"line":88,"column":63}},"locations":[{"start":{"line":88,"column":27},"end":{"line":88,"column":63}}]},"31":{"type":"branch","line":88,"loc":{"start":{"line":88,"column":52},"end":{"line":88,"column":66}},"locations":[{"start":{"line":88,"column":52},"end":{"line":88,"column":66}}]},"32":{"type":"branch","line":95,"loc":{"start":{"line":95,"column":31},"end":{"line":122,"column":29}},"locations":[{"start":{"line":95,"column":31},"end":{"line":122,"column":29}}]},"33":{"type":"branch","line":97,"loc":{"start":{"line":97,"column":29},"end":{"line":99,"column":15}},"locations":[{"start":{"line":97,"column":29},"end":{"line":99,"column":15}}]},"34":{"type":"branch","line":99,"loc":{"start":{"line":99,"column":4},"end":{"line":103,"column":5}},"locations":[{"start":{"line":99,"column":4},"end":{"line":103,"column":5}}]},"35":{"type":"branch","line":99,"loc":{"start":{"line":99,"column":37},"end":{"line":101,"column":11}},"locations":[{"start":{"line":99,"column":37},"end":{"line":101,"column":11}}]},"36":{"type":"branch","line":101,"loc":{"start":{"line":101,"column":4},"end":{"line":103,"column":5}},"locations":[{"start":{"line":101,"column":4},"end":{"line":103,"column":5}}]},"37":{"type":"branch","line":105,"loc":{"start":{"line":105,"column":59},"end":{"line":105,"column":73}},"locations":[{"start":{"line":105,"column":59},"end":{"line":105,"column":73}}]},"38":{"type":"branch","line":115,"loc":{"start":{"line":115,"column":28},"end":{"line":117,"column":5}},"locations":[{"start":{"line":115,"column":28},"end":{"line":117,"column":5}}]},"39":{"type":"branch","line":122,"loc":{"start":{"line":122,"column":29},"end":{"line":128,"column":3}},"locations":[{"start":{"line":122,"column":29},"end":{"line":128,"column":3}}]},"40":{"type":"branch","line":123,"loc":{"start":{"line":123,"column":38},"end":{"line":123,"column":64}},"locations":[{"start":{"line":123,"column":38},"end":{"line":123,"column":64}}]},"41":{"type":"branch","line":123,"loc":{"start":{"line":123,"column":50},"end":{"line":123,"column":77}},"locations":[{"start":{"line":123,"column":50},"end":{"line":123,"column":77}}]},"42":{"type":"branch","line":124,"loc":{"start":{"line":124,"column":28},"end":{"line":126,"column":5}},"locations":[{"start":{"line":124,"column":28},"end":{"line":126,"column":5}}]},"43":{"type":"branch","line":128,"loc":{"start":{"line":128,"column":2},"end":{"line":131,"column":1}},"locations":[{"start":{"line":128,"column":2},"end":{"line":131,"column":1}}]},"44":{"type":"branch","line":91,"loc":{"start":{"line":91,"column":11},"end":{"line":91,"column":35}},"locations":[{"start":{"line":91,"column":11},"end":{"line":91,"column":35}}]},"45":{"type":"branch","line":92,"loc":{"start":{"line":92,"column":14},"end":{"line":92,"column":49}},"locations":[{"start":{"line":92,"column":14},"end":{"line":92,"column":49}}]},"46":{"type":"branch","line":106,"loc":{"start":{"line":106,"column":11},"end":{"line":106,"column":35}},"locations":[{"start":{"line":106,"column":11},"end":{"line":106,"column":35}}]},"47":{"type":"branch","line":107,"loc":{"start":{"line":107,"column":14},"end":{"line":107,"column":49}},"locations":[{"start":{"line":107,"column":14},"end":{"line":107,"column":49}}]},"48":{"type":"branch","line":108,"loc":{"start":{"line":108,"column":11},"end":{"line":111,"column":8}},"locations":[{"start":{"line":108,"column":11},"end":{"line":111,"column":8}}]},"49":{"type":"branch","line":110,"loc":{"start":{"line":110,"column":38},"end":{"line":110,"column":53}},"locations":[{"start":{"line":110,"column":38},"end":{"line":110,"column":53}}]},"50":{"type":"branch","line":133,"loc":{"start":{"line":133,"column":0},"end":{"line":136,"column":1}},"locations":[{"start":{"line":133,"column":0},"end":{"line":136,"column":1}}]},"51":{"type":"branch","line":138,"loc":{"start":{"line":138,"column":0},"end":{"line":141,"column":1}},"locations":[{"start":{"line":138,"column":0},"end":{"line":141,"column":1}}]},"52":{"type":"branch","line":143,"loc":{"start":{"line":143,"column":0},"end":{"line":170,"column":1}},"locations":[{"start":{"line":143,"column":0},"end":{"line":170,"column":1}}]},"53":{"type":"branch","line":150,"loc":{"start":{"line":150,"column":36},"end":{"line":152,"column":3}},"locations":[{"start":{"line":150,"column":36},"end":{"line":152,"column":3}}]},"54":{"type":"branch","line":152,"loc":{"start":{"line":152,"column":2},"end":{"line":160,"column":44}},"locations":[{"start":{"line":152,"column":2},"end":{"line":160,"column":44}}]},"55":{"type":"branch","line":160,"loc":{"start":{"line":160,"column":33},"end":{"line":160,"column":47}},"locations":[{"start":{"line":160,"column":33},"end":{"line":160,"column":47}}]},"56":{"type":"branch","line":161,"loc":{"start":{"line":161,"column":43},"end":{"line":161,"column":69}},"locations":[{"start":{"line":161,"column":43},"end":{"line":161,"column":69}}]},"57":{"type":"branch","line":161,"loc":{"start":{"line":161,"column":65},"end":{"line":161,"column":79}},"locations":[{"start":{"line":161,"column":65},"end":{"line":161,"column":79}}]},"58":{"type":"branch","line":169,"loc":{"start":{"line":169,"column":3},"end":{"line":170,"column":1}},"locations":[{"start":{"line":169,"column":3},"end":{"line":170,"column":1}}]},"59":{"type":"branch","line":172,"loc":{"start":{"line":172,"column":0},"end":{"line":196,"column":1}},"locations":[{"start":{"line":172,"column":0},"end":{"line":196,"column":1}}]},"60":{"type":"branch","line":178,"loc":{"start":{"line":178,"column":25},"end":{"line":178,"column":40}},"locations":[{"start":{"line":178,"column":25},"end":{"line":178,"column":40}}]},"61":{"type":"branch","line":186,"loc":{"start":{"line":186,"column":25},"end":{"line":193,"column":3}},"locations":[{"start":{"line":186,"column":25},"end":{"line":193,"column":3}}]},"62":{"type":"branch","line":198,"loc":{"start":{"line":198,"column":0},"end":{"line":216,"column":1}},"locations":[{"start":{"line":198,"column":0},"end":{"line":216,"column":1}}]},"63":{"type":"branch","line":205,"loc":{"start":{"line":205,"column":26},"end":{"line":205,"column":38}},"locations":[{"start":{"line":205,"column":26},"end":{"line":205,"column":38}}]},"64":{"type":"branch","line":211,"loc":{"start":{"line":211,"column":16},"end":{"line":211,"column":31}},"locations":[{"start":{"line":211,"column":16},"end":{"line":211,"column":31}}]},"65":{"type":"branch","line":211,"loc":{"start":{"line":211,"column":22},"end":{"line":211,"column":47}},"locations":[{"start":{"line":211,"column":22},"end":{"line":211,"column":47}}]},"66":{"type":"branch","line":212,"loc":{"start":{"line":212,"column":22},"end":{"line":212,"column":43}},"locations":[{"start":{"line":212,"column":22},"end":{"line":212,"column":43}}]},"67":{"type":"branch","line":212,"loc":{"start":{"line":212,"column":28},"end":{"line":212,"column":53}},"locations":[{"start":{"line":212,"column":28},"end":{"line":212,"column":53}}]},"68":{"type":"branch","line":213,"loc":{"start":{"line":213,"column":17},"end":{"line":213,"column":51}},"locations":[{"start":{"line":213,"column":17},"end":{"line":213,"column":51}}]},"69":{"type":"branch","line":213,"loc":{"start":{"line":213,"column":41},"end":{"line":213,"column":56}},"locations":[{"start":{"line":213,"column":41},"end":{"line":213,"column":56}}]},"70":{"type":"branch","line":206,"loc":{"start":{"line":206,"column":9},"end":{"line":206,"column":48}},"locations":[{"start":{"line":206,"column":9},"end":{"line":206,"column":48}}]},"71":{"type":"branch","line":207,"loc":{"start":{"line":207,"column":12},"end":{"line":207,"column":69}},"locations":[{"start":{"line":207,"column":12},"end":{"line":207,"column":69}}]},"72":{"type":"branch","line":218,"loc":{"start":{"line":218,"column":0},"end":{"line":263,"column":1}},"locations":[{"start":{"line":218,"column":0},"end":{"line":263,"column":1}}]},"73":{"type":"branch","line":233,"loc":{"start":{"line":233,"column":15},"end":{"line":235,"column":3}},"locations":[{"start":{"line":233,"column":15},"end":{"line":235,"column":3}}]},"74":{"type":"branch","line":235,"loc":{"start":{"line":235,"column":2},"end":{"line":253,"column":15}},"locations":[{"start":{"line":235,"column":2},"end":{"line":253,"column":15}}]},"75":{"type":"branch","line":253,"loc":{"start":{"line":253,"column":6},"end":{"line":253,"column":25}},"locations":[{"start":{"line":253,"column":6},"end":{"line":253,"column":25}}]},"76":{"type":"branch","line":253,"loc":{"start":{"line":253,"column":25},"end":{"line":255,"column":3}},"locations":[{"start":{"line":253,"column":25},"end":{"line":255,"column":3}}]},"77":{"type":"branch","line":255,"loc":{"start":{"line":255,"column":2},"end":{"line":261,"column":47}},"locations":[{"start":{"line":255,"column":2},"end":{"line":261,"column":47}}]},"78":{"type":"branch","line":261,"loc":{"start":{"line":261,"column":31},"end":{"line":261,"column":57}},"locations":[{"start":{"line":261,"column":31},"end":{"line":261,"column":57}}]},"79":{"type":"branch","line":265,"loc":{"start":{"line":265,"column":0},"end":{"line":324,"column":1}},"locations":[{"start":{"line":265,"column":0},"end":{"line":324,"column":1}}]},"80":{"type":"branch","line":272,"loc":{"start":{"line":272,"column":38},"end":{"line":272,"column":55}},"locations":[{"start":{"line":272,"column":38},"end":{"line":272,"column":55}}]},"81":{"type":"branch","line":272,"loc":{"start":{"line":272,"column":45},"end":{"line":272,"column":57}},"locations":[{"start":{"line":272,"column":45},"end":{"line":272,"column":57}}]},"82":{"type":"branch","line":288,"loc":{"start":{"line":288,"column":25},"end":{"line":288,"column":40}},"locations":[{"start":{"line":288,"column":25},"end":{"line":288,"column":40}}]},"83":{"type":"branch","line":296,"loc":{"start":{"line":296,"column":62},"end":{"line":302,"column":3}},"locations":[{"start":{"line":296,"column":62},"end":{"line":302,"column":3}}]},"84":{"type":"branch","line":322,"loc":{"start":{"line":322,"column":31},"end":{"line":322,"column":57}},"locations":[{"start":{"line":322,"column":31},"end":{"line":322,"column":57}}]},"85":{"type":"branch","line":304,"loc":{"start":{"line":304,"column":25},"end":{"line":311,"column":3}},"locations":[{"start":{"line":304,"column":25},"end":{"line":311,"column":3}}]}},"b":{"0":[9],"1":[7],"2":[2],"3":[1],"4":[12],"5":[5],"6":[4],"7":[8],"8":[4],"9":[6],"10":[7],"11":[6],"12":[1],"13":[5],"14":[9],"15":[1],"16":[3],"17":[16],"18":[6],"19":[6],"20":[16],"21":[9],"22":[8],"23":[1],"24":[8],"25":[1],"26":[7],"27":[6],"28":[2],"29":[7],"30":[2],"31":[6],"32":[4],"33":[1],"34":[3],"35":[1],"36":[2],"37":[1],"38":[1],"39":[3],"40":[1],"41":[2],"42":[1],"43":[1],"44":[2],"45":[2],"46":[6],"47":[6],"48":[6],"49":[5],"50":[19],"51":[4],"52":[4],"53":[1],"54":[3],"55":[1],"56":[1],"57":[2],"58":[3],"59":[9],"60":[1],"61":[10],"62":[7],"63":[1],"64":[6],"65":[1],"66":[6],"67":[6],"68":[1],"69":[6],"70":[9],"71":[9],"72":[10],"73":[1],"74":[9],"75":[4],"76":[4],"77":[9],"78":[1],"79":[2],"80":[1],"81":[1],"82":[1],"83":[3],"84":[1],"85":[2]},"fnMap":{"0":{"name":"questionTypeToGoogleType","decl":{"start":{"line":9,"column":0},"end":{"line":15,"column":1}},"loc":{"start":{"line":9,"column":0},"end":{"line":15,"column":1}},"line":9},"1":{"name":"mapQuestionToGoogleItem","decl":{"start":{"line":17,"column":0},"end":{"line":70,"column":1}},"loc":{"start":{"line":17,"column":0},"end":{"line":70,"column":1}},"line":17},"2":{"name":"mapGoogleItemToQuestion","decl":{"start":{"line":72,"column":0},"end":{"line":131,"column":1}},"loc":{"start":{"line":72,"column":0},"end":{"line":131,"column":1}},"line":72},"3":{"name":"getFormsClient","decl":{"start":{"line":133,"column":0},"end":{"line":136,"column":1}},"loc":{"start":{"line":133,"column":0},"end":{"line":136,"column":1}},"line":133},"4":{"name":"getDriveClient","decl":{"start":{"line":138,"column":0},"end":{"line":141,"column":1}},"loc":{"start":{"line":138,"column":0},"end":{"line":141,"column":1}},"line":138},"5":{"name":"moveFormToFolder","decl":{"start":{"line":143,"column":0},"end":{"line":170,"column":1}},"loc":{"start":{"line":143,"column":0},"end":{"line":170,"column":1}},"line":143},"6":{"name":"buildCreateRequests","decl":{"start":{"line":172,"column":0},"end":{"line":196,"column":1}},"loc":{"start":{"line":172,"column":0},"end":{"line":196,"column":1}},"line":172},"7":{"name":"downloadFormAsQuizFile","decl":{"start":{"line":198,"column":0},"end":{"line":216,"column":1}},"loc":{"start":{"line":198,"column":0},"end":{"line":216,"column":1}},"line":198},"8":{"name":"createGoogleFormFromQuiz","decl":{"start":{"line":218,"column":0},"end":{"line":263,"column":1}},"loc":{"start":{"line":218,"column":0},"end":{"line":263,"column":1}},"line":218},"9":{"name":"updateGoogleFormFromQuiz","decl":{"start":{"line":265,"column":0},"end":{"line":324,"column":1}},"loc":{"start":{"line":265,"column":0},"end":{"line":324,"column":1}},"line":265}},"f":{"0":9,"1":12,"2":9,"3":19,"4":4,"5":4,"6":9,"7":7,"8":10,"9":2}}
,"/Users/foobarstein/Desktop/quiz-generator/src/lib/quiz-file.ts": {"path":"/Users/foobarstein/Desktop/quiz-generator/src/lib/quiz-file.ts","all":false,"statementMap":{"0":{"start":{"line":1,"column":0},"end":{"line":1,"column":34}},"5":{"start":{"line":6,"column":0},"end":{"line":6,"column":69}},"6":{"start":{"line":7,"column":0},"end":{"line":7,"column":46}},"7":{"start":{"line":8,"column":0},"end":{"line":8,"column":32}},"8":{"start":{"line":9,"column":0},"end":{"line":9,"column":34}},"9":{"start":{"line":10,"column":0},"end":{"line":10,"column":1}},"11":{"start":{"line":12,"column":0},"end":{"line":12,"column":36}},"12":{"start":{"line":13,"column":0},"end":{"line":13,"column":15}},"13":{"start":{"line":14,"column":0},"end":{"line":14,"column":17}},"14":{"start":{"line":15,"column":0},"end":{"line":15,"column":18}},"15":{"start":{"line":16,"column":0},"end":{"line":16,"column":34}},"16":{"start":{"line":17,"column":0},"end":{"line":17,"column":17}},"17":{"start":{"line":18,"column":0},"end":{"line":18,"column":19}},"18":{"start":{"line":19,"column":0},"end":{"line":19,"column":20}},"19":{"start":{"line":20,"column":0},"end":{"line":20,"column":5}},"21":{"start":{"line":22,"column":0},"end":{"line":22,"column":43}},"22":{"start":{"line":23,"column":0},"end":{"line":23,"column":1}},"24":{"start":{"line":25,"column":0},"end":{"line":25,"column":51}},"25":{"start":{"line":26,"column":0},"end":{"line":26,"column":10}},"26":{"start":{"line":27,"column":0},"end":{"line":27,"column":15}},"27":{"start":{"line":28,"column":0},"end":{"line":28,"column":25}},"28":{"start":{"line":29,"column":0},"end":{"line":29,"column":65}},"29":{"start":{"line":30,"column":0},"end":{"line":30,"column":17}},"30":{"start":{"line":31,"column":0},"end":{"line":31,"column":16}},"31":{"start":{"line":32,"column":0},"end":{"line":32,"column":7}},"32":{"start":{"line":33,"column":0},"end":{"line":33,"column":32}},"33":{"start":{"line":34,"column":0},"end":{"line":34,"column":30}},"34":{"start":{"line":35,"column":0},"end":{"line":35,"column":23}},"35":{"start":{"line":36,"column":0},"end":{"line":36,"column":18}},"36":{"start":{"line":37,"column":0},"end":{"line":37,"column":18}},"37":{"start":{"line":38,"column":0},"end":{"line":38,"column":25}},"38":{"start":{"line":39,"column":0},"end":{"line":39,"column":42}},"39":{"start":{"line":40,"column":0},"end":{"line":40,"column":25}},"40":{"start":{"line":41,"column":0},"end":{"line":41,"column":10}},"41":{"start":{"line":42,"column":0},"end":{"line":42,"column":8}},"42":{"start":{"line":43,"column":0},"end":{"line":43,"column":7}},"43":{"start":{"line":44,"column":0},"end":{"line":44,"column":43}},"44":{"start":{"line":45,"column":0},"end":{"line":45,"column":32}},"45":{"start":{"line":46,"column":0},"end":{"line":46,"column":18}},"46":{"start":{"line":47,"column":0},"end":{"line":47,"column":18}},"47":{"start":{"line":48,"column":0},"end":{"line":48,"column":42}},"48":{"start":{"line":49,"column":0},"end":{"line":49,"column":42}},"49":{"start":{"line":50,"column":0},"end":{"line":50,"column":25}},"50":{"start":{"line":51,"column":0},"end":{"line":51,"column":42}},"51":{"start":{"line":52,"column":0},"end":{"line":52,"column":10}},"52":{"start":{"line":53,"column":0},"end":{"line":53,"column":8}},"53":{"start":{"line":54,"column":0},"end":{"line":54,"column":7}},"54":{"start":{"line":55,"column":0},"end":{"line":55,"column":53}},"55":{"start":{"line":56,"column":0},"end":{"line":56,"column":25}},"56":{"start":{"line":57,"column":0},"end":{"line":57,"column":18}},"57":{"start":{"line":58,"column":0},"end":{"line":58,"column":28}},"58":{"start":{"line":59,"column":0},"end":{"line":59,"column":51}},"59":{"start":{"line":60,"column":0},"end":{"line":60,"column":25}},"60":{"start":{"line":61,"column":0},"end":{"line":61,"column":10}},"61":{"start":{"line":62,"column":0},"end":{"line":62,"column":8}},"62":{"start":{"line":63,"column":0},"end":{"line":63,"column":7}},"63":{"start":{"line":64,"column":0},"end":{"line":64,"column":58}},"64":{"start":{"line":65,"column":0},"end":{"line":65,"column":27}},"65":{"start":{"line":66,"column":0},"end":{"line":66,"column":36}},"66":{"start":{"line":67,"column":0},"end":{"line":67,"column":8}},"67":{"start":{"line":68,"column":0},"end":{"line":68,"column":7}},"68":{"start":{"line":69,"column":0},"end":{"line":69,"column":59}},"69":{"start":{"line":70,"column":0},"end":{"line":70,"column":26}},"70":{"start":{"line":71,"column":0},"end":{"line":71,"column":8}},"71":{"start":{"line":72,"column":0},"end":{"line":72,"column":6}},"72":{"start":{"line":73,"column":0},"end":{"line":73,"column":4}},"73":{"start":{"line":74,"column":0},"end":{"line":74,"column":1}}},"s":{"0":1,"5":2,"6":2,"7":2,"8":2,"9":2,"11":1,"12":1,"13":1,"14":1,"15":1,"16":1,"17":1,"18":1,"19":1,"21":1,"22":1,"24":1,"25":2,"26":2,"27":2,"28":2,"29":2,"30":2,"31":2,"32":2,"33":2,"34":2,"35":2,"36":2,"37":2,"38":2,"39":2,"40":2,"41":2,"42":2,"43":2,"44":2,"45":2,"46":2,"47":2,"48":2,"49":2,"50":2,"51":2,"52":2,"53":2,"54":2,"55":2,"56":2,"57":2,"58":2,"59":2,"60":2,"61":2,"62":2,"63":2,"64":2,"65":2,"66":2,"67":2,"68":2,"69":2,"70":2,"71":2,"72":2,"73":2},"branchMap":{"0":{"type":"branch","line":6,"loc":{"start":{"line":6,"column":0},"end":{"line":10,"column":1}},"locations":[{"start":{"line":6,"column":0},"end":{"line":10,"column":1}}]},"1":{"type":"branch","line":12,"loc":{"start":{"line":12,"column":0},"end":{"line":23,"column":1}},"locations":[{"start":{"line":12,"column":0},"end":{"line":23,"column":1}}]},"2":{"type":"branch","line":25,"loc":{"start":{"line":25,"column":7},"end":{"line":74,"column":1}},"locations":[{"start":{"line":25,"column":7},"end":{"line":74,"column":1}}]}},"b":{"0":[2],"1":[1],"2":[2]},"fnMap":{"0":{"name":"readQuizFile","decl":{"start":{"line":6,"column":0},"end":{"line":10,"column":1}},"loc":{"start":{"line":6,"column":0},"end":{"line":10,"column":1}},"line":6},"1":{"name":"writeQuizFile","decl":{"start":{"line":12,"column":0},"end":{"line":23,"column":1}},"loc":{"start":{"line":12,"column":0},"end":{"line":23,"column":1}},"line":12},"2":{"name":"buildTemplateQuizFile","decl":{"start":{"line":25,"column":7},"end":{"line":74,"column":1}},"loc":{"start":{"line":25,"column":7},"end":{"line":74,"column":1}},"line":25}},"f":{"0":2,"1":1,"2":2}}
,"/Users/foobarstein/Desktop/quiz-generator/src/lib/types.ts": {"path":"/Users/foobarstein/Desktop/quiz-generator/src/lib/types.ts","all":false,"statementMap":{"30":{"start":{"line":31,"column":0},"end":{"line":31,"column":52}},"31":{"start":{"line":32,"column":0},"end":{"line":32,"column":18}},"32":{"start":{"line":33,"column":0},"end":{"line":33,"column":20}},"33":{"start":{"line":34,"column":0},"end":{"line":34,"column":13}},"34":{"start":{"line":35,"column":0},"end":{"line":35,"column":15}},"35":{"start":{"line":36,"column":0},"end":{"line":36,"column":14}},"36":{"start":{"line":37,"column":0},"end":{"line":37,"column":2}}},"s":{"30":1,"31":1,"32":1,"33":1,"34":1,"35":1,"36":1},"branchMap":{},"b":{},"fnMap":{},"f":{}}
,"/Users/foobarstein/Desktop/quiz-generator/src/lib/validation.ts": {"path":"/Users/foobarstein/Desktop/quiz-generator/src/lib/validation.ts","all":false,"statementMap":{"0":{"start":{"line":1,"column":0},"end":{"line":1,"column":69}},"2":{"start":{"line":3,"column":0},"end":{"line":3,"column":66}},"3":{"start":{"line":4,"column":0},"end":{"line":4,"column":63}},"4":{"start":{"line":5,"column":0},"end":{"line":5,"column":72}},"5":{"start":{"line":6,"column":0},"end":{"line":6,"column":3}},"6":{"start":{"line":7,"column":0},"end":{"line":7,"column":22}},"7":{"start":{"line":8,"column":0},"end":{"line":8,"column":1}},"9":{"start":{"line":10,"column":0},"end":{"line":10,"column":80}},"10":{"start":{"line":11,"column":0},"end":{"line":11,"column":38}},"12":{"start":{"line":13,"column":0},"end":{"line":13,"column":66}},"14":{"start":{"line":15,"column":0},"end":{"line":15,"column":49}},"15":{"start":{"line":16,"column":0},"end":{"line":16,"column":20}},"16":{"start":{"line":17,"column":0},"end":{"line":17,"column":78}},"17":{"start":{"line":18,"column":0},"end":{"line":18,"column":6}},"18":{"start":{"line":19,"column":0},"end":{"line":19,"column":3}},"20":{"start":{"line":21,"column":0},"end":{"line":21,"column":43}},"21":{"start":{"line":22,"column":0},"end":{"line":22,"column":40}},"22":{"start":{"line":23,"column":0},"end":{"line":23,"column":27}},"23":{"start":{"line":24,"column":0},"end":{"line":24,"column":29}},"24":{"start":{"line":25,"column":0},"end":{"line":25,"column":6}},"25":{"start":{"line":26,"column":0},"end":{"line":26,"column":3}},"27":{"start":{"line":28,"column":0},"end":{"line":28,"column":38}},"28":{"start":{"line":29,"column":0},"end":{"line":29,"column":67}},"29":{"start":{"line":30,"column":0},"end":{"line":30,"column":22}},"30":{"start":{"line":31,"column":0},"end":{"line":31,"column":67}},"31":{"start":{"line":32,"column":0},"end":{"line":32,"column":8}},"32":{"start":{"line":33,"column":0},"end":{"line":33,"column":5}},"33":{"start":{"line":34,"column":0},"end":{"line":34,"column":3}},"35":{"start":{"line":36,"column":0},"end":{"line":36,"column":26}},"36":{"start":{"line":37,"column":0},"end":{"line":37,"column":40}},"37":{"start":{"line":38,"column":0},"end":{"line":38,"column":42}},"38":{"start":{"line":39,"column":0},"end":{"line":39,"column":33}},"40":{"start":{"line":41,"column":0},"end":{"line":41,"column":25}},"41":{"start":{"line":42,"column":0},"end":{"line":42,"column":74}},"42":{"start":{"line":43,"column":0},"end":{"line":43,"column":22}},"43":{"start":{"line":44,"column":0},"end":{"line":44,"column":81}},"44":{"start":{"line":45,"column":0},"end":{"line":45,"column":8}},"45":{"start":{"line":46,"column":0},"end":{"line":46,"column":5}},"47":{"start":{"line":48,"column":0},"end":{"line":48,"column":71}},"48":{"start":{"line":49,"column":0},"end":{"line":49,"column":26}},"49":{"start":{"line":50,"column":0},"end":{"line":50,"column":21}},"50":{"start":{"line":51,"column":0},"end":{"line":51,"column":49}},"51":{"start":{"line":52,"column":0},"end":{"line":52,"column":8}},"52":{"start":{"line":53,"column":0},"end":{"line":53,"column":34}},"53":{"start":{"line":54,"column":0},"end":{"line":54,"column":8}},"55":{"start":{"line":56,"column":0},"end":{"line":56,"column":48}},"56":{"start":{"line":57,"column":0},"end":{"line":57,"column":52}},"57":{"start":{"line":58,"column":0},"end":{"line":58,"column":24}},"58":{"start":{"line":59,"column":0},"end":{"line":59,"column":70}},"59":{"start":{"line":60,"column":0},"end":{"line":60,"column":10}},"60":{"start":{"line":61,"column":0},"end":{"line":61,"column":7}},"62":{"start":{"line":63,"column":0},"end":{"line":63,"column":60}},"63":{"start":{"line":64,"column":0},"end":{"line":64,"column":32}},"64":{"start":{"line":65,"column":0},"end":{"line":65,"column":74}},"65":{"start":{"line":66,"column":0},"end":{"line":66,"column":8}},"66":{"start":{"line":67,"column":0},"end":{"line":67,"column":5}},"67":{"start":{"line":68,"column":0},"end":{"line":68,"column":10}},"68":{"start":{"line":69,"column":0},"end":{"line":69,"column":41}},"69":{"start":{"line":70,"column":0},"end":{"line":70,"column":22}},"70":{"start":{"line":71,"column":0},"end":{"line":71,"column":68}},"71":{"start":{"line":72,"column":0},"end":{"line":72,"column":8}},"72":{"start":{"line":73,"column":0},"end":{"line":73,"column":5}},"74":{"start":{"line":75,"column":0},"end":{"line":75,"column":48}},"75":{"start":{"line":76,"column":0},"end":{"line":76,"column":52}},"76":{"start":{"line":77,"column":0},"end":{"line":77,"column":24}},"77":{"start":{"line":78,"column":0},"end":{"line":78,"column":70}},"78":{"start":{"line":79,"column":0},"end":{"line":79,"column":10}},"79":{"start":{"line":80,"column":0},"end":{"line":80,"column":7}},"81":{"start":{"line":82,"column":0},"end":{"line":82,"column":60}},"82":{"start":{"line":83,"column":0},"end":{"line":83,"column":32}},"83":{"start":{"line":84,"column":0},"end":{"line":84,"column":74}},"84":{"start":{"line":85,"column":0},"end":{"line":85,"column":8}},"85":{"start":{"line":86,"column":0},"end":{"line":86,"column":5}},"86":{"start":{"line":87,"column":0},"end":{"line":87,"column":3}},"88":{"start":{"line":89,"column":0},"end":{"line":89,"column":18}},"89":{"start":{"line":90,"column":0},"end":{"line":90,"column":1}},"91":{"start":{"line":92,"column":0},"end":{"line":92,"column":58}},"92":{"start":{"line":93,"column":0},"end":{"line":93,"column":48}},"93":{"start":{"line":94,"column":0},"end":{"line":94,"column":76}},"94":{"start":{"line":95,"column":0},"end":{"line":95,"column":3}},"96":{"start":{"line":97,"column":0},"end":{"line":97,"column":31}},"98":{"start":{"line":99,"column":0},"end":{"line":99,"column":27}},"99":{"start":{"line":100,"column":0},"end":{"line":100,"column":61}},"100":{"start":{"line":101,"column":0},"end":{"line":101,"column":3}},"102":{"start":{"line":103,"column":0},"end":{"line":103,"column":49}},"104":{"start":{"line":105,"column":0},"end":{"line":105,"column":39}},"105":{"start":{"line":106,"column":0},"end":{"line":106,"column":69}},"106":{"start":{"line":107,"column":0},"end":{"line":107,"column":3}},"108":{"start":{"line":109,"column":0},"end":{"line":109,"column":70}},"109":{"start":{"line":110,"column":0},"end":{"line":110,"column":70}},"110":{"start":{"line":111,"column":0},"end":{"line":111,"column":3}},"112":{"start":{"line":113,"column":0},"end":{"line":113,"column":58}},"113":{"start":{"line":114,"column":0},"end":{"line":114,"column":38}},"114":{"start":{"line":115,"column":0},"end":{"line":115,"column":4}},"116":{"start":{"line":117,"column":0},"end":{"line":117,"column":34}},"117":{"start":{"line":118,"column":0},"end":{"line":118,"column":23}},"118":{"start":{"line":119,"column":0},"end":{"line":119,"column":3}},"120":{"start":{"line":121,"column":0},"end":{"line":121,"column":14}},"121":{"start":{"line":122,"column":0},"end":{"line":122,"column":1}}},"s":{"0":1,"2":50,"3":50,"4":1,"5":1,"6":49,"7":49,"9":15,"10":15,"12":15,"14":15,"15":1,"16":1,"17":1,"18":1,"20":15,"21":1,"22":1,"23":1,"24":1,"25":1,"27":15,"28":3,"29":1,"30":1,"31":1,"32":1,"33":3,"35":13,"36":13,"37":8,"38":7,"40":15,"41":7,"42":1,"43":1,"44":1,"45":1,"47":6,"48":16,"49":16,"50":16,"51":16,"52":16,"53":6,"55":7,"56":2,"57":1,"58":1,"59":1,"60":1,"62":1,"63":1,"64":2,"65":1,"66":1,"67":15,"68":6,"69":1,"70":1,"71":1,"72":1,"74":6,"75":2,"76":1,"77":1,"78":1,"79":1,"81":1,"82":1,"83":1,"84":1,"85":1,"86":6,"88":9,"89":9,"91":1,"92":15,"93":1,"94":1,"96":14,"98":15,"99":1,"100":1,"102":13,"104":15,"105":2,"106":2,"108":15,"109":1,"110":1,"112":11,"113":15,"114":11,"116":15,"117":4,"118":4,"120":5,"121":5},"branchMap":{"0":{"type":"branch","line":3,"loc":{"start":{"line":3,"column":0},"end":{"line":8,"column":1}},"locations":[{"start":{"line":3,"column":0},"end":{"line":8,"column":1}}]},"1":{"type":"branch","line":4,"loc":{"start":{"line":4,"column":62},"end":{"line":6,"column":3}},"locations":[{"start":{"line":4,"column":62},"end":{"line":6,"column":3}}]},"2":{"type":"branch","line":6,"loc":{"start":{"line":6,"column":2},"end":{"line":8,"column":1}},"locations":[{"start":{"line":6,"column":2},"end":{"line":8,"column":1}}]},"3":{"type":"branch","line":10,"loc":{"start":{"line":10,"column":0},"end":{"line":90,"column":1}},"locations":[{"start":{"line":10,"column":0},"end":{"line":90,"column":1}}]},"4":{"type":"branch","line":15,"loc":{"start":{"line":15,"column":48},"end":{"line":19,"column":3}},"locations":[{"start":{"line":15,"column":48},"end":{"line":19,"column":3}}]},"5":{"type":"branch","line":19,"loc":{"start":{"line":19,"column":2},"end":{"line":21,"column":42}},"locations":[{"start":{"line":19,"column":2},"end":{"line":21,"column":42}}]},"6":{"type":"branch","line":21,"loc":{"start":{"line":21,"column":42},"end":{"line":26,"column":3}},"locations":[{"start":{"line":21,"column":42},"end":{"line":26,"column":3}}]},"7":{"type":"branch","line":26,"loc":{"start":{"line":26,"column":2},"end":{"line":28,"column":37}},"locations":[{"start":{"line":26,"column":2},"end":{"line":28,"column":37}}]},"8":{"type":"branch","line":28,"loc":{"start":{"line":28,"column":37},"end":{"line":34,"column":3}},"locations":[{"start":{"line":28,"column":37},"end":{"line":34,"column":3}}]},"9":{"type":"branch","line":29,"loc":{"start":{"line":29,"column":66},"end":{"line":33,"column":5}},"locations":[{"start":{"line":29,"column":66},"end":{"line":33,"column":5}}]},"10":{"type":"branch","line":34,"loc":{"start":{"line":34,"column":2},"end":{"line":37,"column":40}},"locations":[{"start":{"line":34,"column":2},"end":{"line":37,"column":40}}]},"11":{"type":"branch","line":37,"loc":{"start":{"line":37,"column":22},"end":{"line":38,"column":42}},"locations":[{"start":{"line":37,"column":22},"end":{"line":38,"column":42}}]},"12":{"type":"branch","line":38,"loc":{"start":{"line":38,"column":22},"end":{"line":39,"column":33}},"locations":[{"start":{"line":38,"column":22},"end":{"line":39,"column":33}}]},"13":{"type":"branch","line":41,"loc":{"start":{"line":41,"column":24},"end":{"line":68,"column":9}},"locations":[{"start":{"line":41,"column":24},"end":{"line":68,"column":9}}]},"14":{"type":"branch","line":42,"loc":{"start":{"line":42,"column":73},"end":{"line":46,"column":5}},"locations":[{"start":{"line":42,"column":73},"end":{"line":46,"column":5}}]},"15":{"type":"branch","line":46,"loc":{"start":{"line":46,"column":4},"end":{"line":56,"column":47}},"locations":[{"start":{"line":46,"column":4},"end":{"line":56,"column":47}}]},"16":{"type":"branch","line":56,"loc":{"start":{"line":56,"column":47},"end":{"line":67,"column":5}},"locations":[{"start":{"line":56,"column":47},"end":{"line":67,"column":5}}]},"17":{"type":"branch","line":57,"loc":{"start":{"line":57,"column":51},"end":{"line":67,"column":5}},"locations":[{"start":{"line":57,"column":51},"end":{"line":67,"column":5}}]},"18":{"type":"branch","line":68,"loc":{"start":{"line":68,"column":2},"end":{"line":87,"column":3}},"locations":[{"start":{"line":68,"column":2},"end":{"line":87,"column":3}}]},"19":{"type":"branch","line":69,"loc":{"start":{"line":69,"column":40},"end":{"line":73,"column":5}},"locations":[{"start":{"line":69,"column":40},"end":{"line":73,"column":5}}]},"20":{"type":"branch","line":73,"loc":{"start":{"line":73,"column":4},"end":{"line":75,"column":47}},"locations":[{"start":{"line":73,"column":4},"end":{"line":75,"column":47}}]},"21":{"type":"branch","line":75,"loc":{"start":{"line":75,"column":47},"end":{"line":86,"column":5}},"locations":[{"start":{"line":75,"column":47},"end":{"line":86,"column":5}}]},"22":{"type":"branch","line":76,"loc":{"start":{"line":76,"column":51},"end":{"line":86,"column":5}},"locations":[{"start":{"line":76,"column":51},"end":{"line":86,"column":5}}]},"23":{"type":"branch","line":87,"loc":{"start":{"line":87,"column":2},"end":{"line":90,"column":1}},"locations":[{"start":{"line":87,"column":2},"end":{"line":90,"column":1}}]},"24":{"type":"branch","line":48,"loc":{"start":{"line":48,"column":44},"end":{"line":54,"column":6}},"locations":[{"start":{"line":48,"column":44},"end":{"line":54,"column":6}}]},"25":{"type":"branch","line":64,"loc":{"start":{"line":64,"column":8},"end":{"line":65,"column":74}},"locations":[{"start":{"line":64,"column":8},"end":{"line":65,"column":74}}]},"26":{"type":"branch","line":83,"loc":{"start":{"line":83,"column":8},"end":{"line":84,"column":74}},"locations":[{"start":{"line":83,"column":8},"end":{"line":84,"column":74}}]},"27":{"type":"branch","line":92,"loc":{"start":{"line":92,"column":7},"end":{"line":122,"column":1}},"locations":[{"start":{"line":92,"column":7},"end":{"line":122,"column":1}}]},"28":{"type":"branch","line":93,"loc":{"start":{"line":93,"column":47},"end":{"line":95,"column":3}},"locations":[{"start":{"line":93,"column":47},"end":{"line":95,"column":3}}]},"29":{"type":"branch","line":95,"loc":{"start":{"line":95,"column":2},"end":{"line":99,"column":26}},"locations":[{"start":{"line":95,"column":2},"end":{"line":99,"column":26}}]},"30":{"type":"branch","line":99,"loc":{"start":{"line":99,"column":26},"end":{"line":101,"column":3}},"locations":[{"start":{"line":99,"column":26},"end":{"line":101,"column":3}}]},"31":{"type":"branch","line":101,"loc":{"start":{"line":101,"column":2},"end":{"line":105,"column":38}},"locations":[{"start":{"line":101,"column":2},"end":{"line":105,"column":38}}]},"32":{"type":"branch","line":105,"loc":{"start":{"line":105,"column":38},"end":{"line":107,"column":3}},"locations":[{"start":{"line":105,"column":38},"end":{"line":107,"column":3}}]},"33":{"type":"branch","line":107,"loc":{"start":{"line":107,"column":2},"end":{"line":109,"column":69}},"locations":[{"start":{"line":107,"column":2},"end":{"line":109,"column":69}}]},"34":{"type":"branch","line":109,"loc":{"start":{"line":109,"column":69},"end":{"line":111,"column":3}},"locations":[{"start":{"line":109,"column":69},"end":{"line":111,"column":3}}]},"35":{"type":"branch","line":111,"loc":{"start":{"line":111,"column":2},"end":{"line":117,"column":33}},"locations":[{"start":{"line":111,"column":2},"end":{"line":117,"column":33}}]},"36":{"type":"branch","line":117,"loc":{"start":{"line":117,"column":33},"end":{"line":122,"column":1}},"locations":[{"start":{"line":117,"column":33},"end":{"line":122,"column":1}}]},"37":{"type":"branch","line":117,"loc":{"start":{"line":117,"column":33},"end":{"line":119,"column":3}},"locations":[{"start":{"line":117,"column":33},"end":{"line":119,"column":3}}]},"38":{"type":"branch","line":113,"loc":{"start":{"line":113,"column":38},"end":{"line":114,"column":38}},"locations":[{"start":{"line":113,"column":38},"end":{"line":114,"column":38}}]}},"b":{"0":[50],"1":[1],"2":[49],"3":[15],"4":[1],"5":[14],"6":[1],"7":[14],"8":[3],"9":[1],"10":[13],"11":[8],"12":[7],"13":[7],"14":[1],"15":[6],"16":[2],"17":[1],"18":[6],"19":[1],"20":[5],"21":[2],"22":[1],"23":[9],"24":[16],"25":[2],"26":[1],"27":[15],"28":[1],"29":[14],"30":[1],"31":[13],"32":[2],"33":[12],"34":[1],"35":[11],"36":[5],"37":[4],"38":[15]},"fnMap":{"0":{"name":"assertString","decl":{"start":{"line":3,"column":0},"end":{"line":8,"column":1}},"loc":{"start":{"line":3,"column":0},"end":{"line":8,"column":1}},"line":3},"1":{"name":"validateQuestion","decl":{"start":{"line":10,"column":0},"end":{"line":90,"column":1}},"loc":{"start":{"line":10,"column":0},"end":{"line":90,"column":1}},"line":10},"2":{"name":"validateQuizForm","decl":{"start":{"line":92,"column":7},"end":{"line":122,"column":1}},"loc":{"start":{"line":92,"column":7},"end":{"line":122,"column":1}},"line":92}},"f":{"0":50,"1":15,"2":15}}
}
