{"/Users/ab1258/Documents/education_automation/google-forms-quiz-generator/src/cli.ts": {"path":"/Users/ab1258/Documents/education_automation/google-forms-quiz-generator/src/cli.ts","all":false,"statementMap":{"0":{"start":{"line":1,"column":0},"end":{"line":1,"column":19}},"1":{"start":{"line":2,"column":0},"end":{"line":2,"column":28}},"2":{"start":{"line":3,"column":0},"end":{"line":3,"column":26}},"3":{"start":{"line":4,"column":0},"end":{"line":4,"column":40}},"8":{"start":{"line":9,"column":0},"end":{"line":9,"column":31}},"13":{"start":{"line":14,"column":0},"end":{"line":14,"column":28}},"14":{"start":{"line":15,"column":0},"end":{"line":15,"column":55}},"16":{"start":{"line":17,"column":0},"end":{"line":17,"column":16}},"18":{"start":{"line":19,"column":0},"end":{"line":19,"column":37}},"19":{"start":{"line":20,"column":0},"end":{"line":20,"column":36}},"20":{"start":{"line":21,"column":0},"end":{"line":21,"column":28}},"21":{"start":{"line":22,"column":0},"end":{"line":22,"column":36}},"22":{"start":{"line":23,"column":0},"end":{"line":23,"column":13}},"23":{"start":{"line":24,"column":0},"end":{"line":24,"column":22}},"24":{"start":{"line":25,"column":0},"end":{"line":25,"column":41}},"25":{"start":{"line":26,"column":0},"end":{"line":26,"column":14}},"26":{"start":{"line":27,"column":0},"end":{"line":27,"column":30}},"27":{"start":{"line":28,"column":0},"end":{"line":28,"column":21}},"28":{"start":{"line":29,"column":0},"end":{"line":29,"column":25}},"29":{"start":{"line":30,"column":0},"end":{"line":30,"column":29}},"30":{"start":{"line":31,"column":0},"end":{"line":31,"column":60}},"31":{"start":{"line":32,"column":0},"end":{"line":32,"column":11}},"32":{"start":{"line":33,"column":0},"end":{"line":33,"column":23}},"33":{"start":{"line":34,"column":0},"end":{"line":34,"column":45}},"34":{"start":{"line":35,"column":0},"end":{"line":35,"column":47}},"35":{"start":{"line":36,"column":0},"end":{"line":36,"column":68}},"36":{"start":{"line":37,"column":0},"end":{"line":37,"column":8}},"37":{"start":{"line":38,"column":0},"end":{"line":38,"column":5}},"38":{"start":{"line":39,"column":0},"end":{"line":39,"column":13}},"39":{"start":{"line":40,"column":0},"end":{"line":40,"column":17}},"40":{"start":{"line":41,"column":0},"end":{"line":41,"column":64}},"41":{"start":{"line":42,"column":0},"end":{"line":42,"column":14}},"42":{"start":{"line":43,"column":0},"end":{"line":43,"column":11}},"43":{"start":{"line":44,"column":0},"end":{"line":44,"column":30}},"44":{"start":{"line":45,"column":0},"end":{"line":45,"column":23}},"45":{"start":{"line":46,"column":0},"end":{"line":46,"column":27}},"46":{"start":{"line":47,"column":0},"end":{"line":47,"column":31}},"47":{"start":{"line":48,"column":0},"end":{"line":48,"column":52}},"48":{"start":{"line":49,"column":0},"end":{"line":49,"column":12}},"49":{"start":{"line":50,"column":0},"end":{"line":50,"column":29}},"50":{"start":{"line":51,"column":0},"end":{"line":51,"column":23}},"51":{"start":{"line":52,"column":0},"end":{"line":52,"column":27}},"52":{"start":{"line":53,"column":0},"end":{"line":53,"column":31}},"53":{"start":{"line":54,"column":0},"end":{"line":54,"column":64}},"54":{"start":{"line":55,"column":0},"end":{"line":55,"column":13}},"55":{"start":{"line":56,"column":0},"end":{"line":56,"column":23}},"56":{"start":{"line":57,"column":0},"end":{"line":57,"column":67}},"57":{"start":{"line":58,"column":0},"end":{"line":58,"column":47}},"58":{"start":{"line":59,"column":0},"end":{"line":59,"column":67}},"59":{"start":{"line":60,"column":0},"end":{"line":60,"column":8}},"60":{"start":{"line":61,"column":0},"end":{"line":61,"column":5}},"61":{"start":{"line":62,"column":0},"end":{"line":62,"column":13}},"62":{"start":{"line":63,"column":0},"end":{"line":63,"column":15}},"63":{"start":{"line":64,"column":0},"end":{"line":64,"column":56}},"64":{"start":{"line":65,"column":0},"end":{"line":65,"column":14}},"65":{"start":{"line":66,"column":0},"end":{"line":66,"column":11}},"66":{"start":{"line":67,"column":0},"end":{"line":67,"column":28}},"67":{"start":{"line":68,"column":0},"end":{"line":68,"column":23}},"68":{"start":{"line":69,"column":0},"end":{"line":69,"column":27}},"69":{"start":{"line":70,"column":0},"end":{"line":70,"column":31}},"70":{"start":{"line":71,"column":0},"end":{"line":71,"column":52}},"71":{"start":{"line":72,"column":0},"end":{"line":72,"column":12}},"72":{"start":{"line":73,"column":0},"end":{"line":73,"column":32}},"73":{"start":{"line":74,"column":0},"end":{"line":74,"column":27}},"74":{"start":{"line":75,"column":0},"end":{"line":75,"column":32}},"75":{"start":{"line":76,"column":0},"end":{"line":76,"column":21}},"76":{"start":{"line":77,"column":0},"end":{"line":77,"column":75}},"77":{"start":{"line":78,"column":0},"end":{"line":78,"column":13}},"78":{"start":{"line":79,"column":0},"end":{"line":79,"column":23}},"79":{"start":{"line":80,"column":0},"end":{"line":80,"column":52}},"80":{"start":{"line":81,"column":0},"end":{"line":81,"column":61}},"81":{"start":{"line":82,"column":0},"end":{"line":82,"column":38}},"82":{"start":{"line":83,"column":0},"end":{"line":83,"column":11}},"83":{"start":{"line":84,"column":0},"end":{"line":84,"column":55}},"84":{"start":{"line":85,"column":0},"end":{"line":85,"column":28}},"85":{"start":{"line":86,"column":0},"end":{"line":86,"column":32}},"86":{"start":{"line":87,"column":0},"end":{"line":87,"column":44}},"87":{"start":{"line":88,"column":0},"end":{"line":88,"column":38}},"88":{"start":{"line":89,"column":0},"end":{"line":89,"column":11}},"90":{"start":{"line":91,"column":0},"end":{"line":91,"column":57}},"91":{"start":{"line":92,"column":0},"end":{"line":92,"column":34}},"92":{"start":{"line":93,"column":0},"end":{"line":93,"column":63}},"93":{"start":{"line":94,"column":0},"end":{"line":94,"column":9}},"94":{"start":{"line":95,"column":0},"end":{"line":95,"column":69}},"95":{"start":{"line":96,"column":0},"end":{"line":96,"column":8}},"96":{"start":{"line":97,"column":0},"end":{"line":97,"column":5}},"97":{"start":{"line":98,"column":0},"end":{"line":98,"column":13}},"98":{"start":{"line":99,"column":0},"end":{"line":99,"column":15}},"99":{"start":{"line":100,"column":0},"end":{"line":100,"column":64}},"100":{"start":{"line":101,"column":0},"end":{"line":101,"column":14}},"101":{"start":{"line":102,"column":0},"end":{"line":102,"column":11}},"102":{"start":{"line":103,"column":0},"end":{"line":103,"column":30}},"103":{"start":{"line":104,"column":0},"end":{"line":104,"column":23}},"104":{"start":{"line":105,"column":0},"end":{"line":105,"column":27}},"105":{"start":{"line":106,"column":0},"end":{"line":106,"column":31}},"106":{"start":{"line":107,"column":0},"end":{"line":107,"column":62}},"107":{"start":{"line":108,"column":0},"end":{"line":108,"column":12}},"108":{"start":{"line":109,"column":0},"end":{"line":109,"column":28}},"109":{"start":{"line":110,"column":0},"end":{"line":110,"column":23}},"110":{"start":{"line":111,"column":0},"end":{"line":111,"column":27}},"111":{"start":{"line":112,"column":0},"end":{"line":112,"column":31}},"112":{"start":{"line":113,"column":0},"end":{"line":113,"column":52}},"113":{"start":{"line":114,"column":0},"end":{"line":114,"column":13}},"114":{"start":{"line":115,"column":0},"end":{"line":115,"column":23}},"115":{"start":{"line":116,"column":0},"end":{"line":116,"column":52}},"116":{"start":{"line":117,"column":0},"end":{"line":117,"column":77}},"117":{"start":{"line":118,"column":0},"end":{"line":118,"column":57}},"118":{"start":{"line":119,"column":0},"end":{"line":119,"column":34}},"119":{"start":{"line":120,"column":0},"end":{"line":120,"column":63}},"120":{"start":{"line":121,"column":0},"end":{"line":121,"column":9}},"121":{"start":{"line":122,"column":0},"end":{"line":122,"column":8}},"122":{"start":{"line":123,"column":0},"end":{"line":123,"column":5}},"123":{"start":{"line":124,"column":0},"end":{"line":124,"column":70}},"124":{"start":{"line":125,"column":0},"end":{"line":125,"column":13}},"125":{"start":{"line":126,"column":0},"end":{"line":126,"column":11}},"126":{"start":{"line":127,"column":0},"end":{"line":127,"column":18}},"127":{"start":{"line":128,"column":0},"end":{"line":128,"column":1}},"129":{"start":{"line":130,"column":0},"end":{"line":130,"column":24}},"130":{"start":{"line":131,"column":0},"end":{"line":131,"column":73}},"131":{"start":{"line":132,"column":0},"end":{"line":132,"column":37}},"132":{"start":{"line":133,"column":0},"end":{"line":133,"column":18}},"133":{"start":{"line":134,"column":0},"end":{"line":134,"column":3}}},"s":{"0":1,"1":1,"2":1,"3":1,"8":1,"13":1,"14":1,"16":1,"18":6,"19":6,"20":6,"21":6,"22":6,"23":6,"24":6,"25":6,"26":4,"27":4,"28":4,"29":4,"30":4,"31":4,"32":6,"33":1,"34":1,"35":1,"36":1,"37":6,"38":6,"39":6,"40":6,"41":6,"42":4,"43":4,"44":4,"45":4,"46":4,"47":4,"48":4,"49":4,"50":4,"51":4,"52":4,"53":4,"54":4,"55":6,"56":1,"57":1,"58":1,"59":1,"60":6,"61":6,"62":6,"63":6,"64":6,"65":4,"66":4,"67":4,"68":4,"69":4,"70":4,"71":4,"72":4,"73":4,"74":4,"75":4,"76":4,"77":4,"78":6,"79":1,"80":1,"81":1,"82":1,"83":1,"84":1,"85":1,"86":1,"87":1,"88":1,"90":1,"91":1,"92":1,"93":1,"94":1,"95":1,"96":6,"97":6,"98":6,"99":6,"100":6,"101":4,"102":4,"103":4,"104":4,"105":4,"106":4,"107":4,"108":4,"109":4,"110":4,"111":4,"112":4,"113":4,"114":6,"115":1,"116":1,"117":1,"118":1,"119":1,"120":1,"121":1,"122":6,"123":6,"124":6,"125":6,"126":6,"127":4,"129":1,"130":2,"131":2,"132":2,"133":2},"branchMap":{"0":{"type":"branch","line":19,"loc":{"start":{"line":19,"column":0},"end":{"line":128,"column":1}},"locations":[{"start":{"line":19,"column":0},"end":{"line":128,"column":1}}]},"1":{"type":"branch","line":127,"loc":{"start":{"line":127,"column":16},"end":{"line":128,"column":1}},"locations":[{"start":{"line":127,"column":16},"end":{"line":128,"column":1}}]},"2":{"type":"branch","line":26,"loc":{"start":{"line":26,"column":6},"end":{"line":32,"column":11}},"locations":[{"start":{"line":26,"column":6},"end":{"line":32,"column":11}}]},"3":{"type":"branch","line":33,"loc":{"start":{"line":33,"column":6},"end":{"line":37,"column":8}},"locations":[{"start":{"line":33,"column":6},"end":{"line":37,"column":8}}]},"4":{"type":"branch","line":42,"loc":{"start":{"line":42,"column":6},"end":{"line":55,"column":13}},"locations":[{"start":{"line":42,"column":6},"end":{"line":55,"column":13}}]},"5":{"type":"branch","line":56,"loc":{"start":{"line":56,"column":6},"end":{"line":60,"column":8}},"locations":[{"start":{"line":56,"column":6},"end":{"line":60,"column":8}}]},"6":{"type":"branch","line":65,"loc":{"start":{"line":65,"column":6},"end":{"line":78,"column":13}},"locations":[{"start":{"line":65,"column":6},"end":{"line":78,"column":13}}]},"7":{"type":"branch","line":79,"loc":{"start":{"line":79,"column":6},"end":{"line":96,"column":8}},"locations":[{"start":{"line":79,"column":6},"end":{"line":96,"column":8}}]},"8":{"type":"branch","line":101,"loc":{"start":{"line":101,"column":6},"end":{"line":114,"column":13}},"locations":[{"start":{"line":101,"column":6},"end":{"line":114,"column":13}}]},"9":{"type":"branch","line":115,"loc":{"start":{"line":115,"column":6},"end":{"line":122,"column":8}},"locations":[{"start":{"line":115,"column":6},"end":{"line":122,"column":8}}]},"10":{"type":"branch","line":130,"loc":{"start":{"line":130,"column":12},"end":{"line":134,"column":3}},"locations":[{"start":{"line":130,"column":12},"end":{"line":134,"column":3}}]},"11":{"type":"branch","line":131,"loc":{"start":{"line":131,"column":35},"end":{"line":131,"column":59}},"locations":[{"start":{"line":131,"column":35},"end":{"line":131,"column":59}}]},"12":{"type":"branch","line":131,"loc":{"start":{"line":131,"column":49},"end":{"line":131,"column":73}},"locations":[{"start":{"line":131,"column":49},"end":{"line":131,"column":73}}]}},"b":{"0":[6],"1":[4],"2":[4],"3":[1],"4":[4],"5":[1],"6":[4],"7":[1],"8":[4],"9":[1],"10":[2],"11":[1],"12":[1]},"fnMap":{"0":{"name":"run","decl":{"start":{"line":19,"column":0},"end":{"line":128,"column":1}},"loc":{"start":{"line":19,"column":0},"end":{"line":128,"column":1}},"line":19}},"f":{"0":6}}
,"/Users/ab1258/Documents/education_automation/google-forms-quiz-generator/src/lib/deployments.ts": {"path":"/Users/ab1258/Documents/education_automation/google-forms-quiz-generator/src/lib/deployments.ts","all":false,"statementMap":{"0":{"start":{"line":1,"column":0},"end":{"line":1,"column":34}},"3":{"start":{"line":4,"column":0},"end":{"line":4,"column":39}},"4":{"start":{"line":5,"column":0},"end":{"line":5,"column":44}},"14":{"start":{"line":15,"column":0},"end":{"line":15,"column":39}},"15":{"start":{"line":16,"column":0},"end":{"line":16,"column":54}},"16":{"start":{"line":17,"column":0},"end":{"line":17,"column":1}},"18":{"start":{"line":19,"column":0},"end":{"line":19,"column":37}},"19":{"start":{"line":20,"column":0},"end":{"line":20,"column":26}},"20":{"start":{"line":21,"column":0},"end":{"line":21,"column":32}},"21":{"start":{"line":22,"column":0},"end":{"line":22,"column":7}},"22":{"start":{"line":23,"column":0},"end":{"line":23,"column":59}},"23":{"start":{"line":24,"column":0},"end":{"line":24,"column":46}},"25":{"start":{"line":26,"column":0},"end":{"line":26,"column":33}},"26":{"start":{"line":27,"column":0},"end":{"line":27,"column":16}},"27":{"start":{"line":28,"column":0},"end":{"line":28,"column":5}},"29":{"start":{"line":30,"column":0},"end":{"line":30,"column":62}},"30":{"start":{"line":31,"column":0},"end":{"line":31,"column":54}},"31":{"start":{"line":32,"column":0},"end":{"line":32,"column":21}},"32":{"start":{"line":33,"column":0},"end":{"line":33,"column":7}},"34":{"start":{"line":35,"column":0},"end":{"line":35,"column":58}},"35":{"start":{"line":36,"column":0},"end":{"line":36,"column":14}},"36":{"start":{"line":37,"column":0},"end":{"line":37,"column":46}},"37":{"start":{"line":38,"column":0},"end":{"line":38,"column":47}},"38":{"start":{"line":39,"column":0},"end":{"line":39,"column":44}},"39":{"start":{"line":40,"column":0},"end":{"line":40,"column":52}},"40":{"start":{"line":41,"column":0},"end":{"line":41,"column":48}},"42":{"start":{"line":43,"column":0},"end":{"line":43,"column":7}},"43":{"start":{"line":44,"column":0},"end":{"line":44,"column":11}},"44":{"start":{"line":45,"column":0},"end":{"line":45,"column":14}},"45":{"start":{"line":46,"column":0},"end":{"line":46,"column":3}},"46":{"start":{"line":47,"column":0},"end":{"line":47,"column":1}},"48":{"start":{"line":49,"column":0},"end":{"line":49,"column":38}},"49":{"start":{"line":50,"column":0},"end":{"line":50,"column":51}},"50":{"start":{"line":51,"column":0},"end":{"line":51,"column":20}},"51":{"start":{"line":52,"column":0},"end":{"line":52,"column":47}},"52":{"start":{"line":53,"column":0},"end":{"line":53,"column":55}},"54":{"start":{"line":55,"column":0},"end":{"line":55,"column":54}},"56":{"start":{"line":57,"column":0},"end":{"line":57,"column":64}},"57":{"start":{"line":58,"column":0},"end":{"line":58,"column":40}},"58":{"start":{"line":59,"column":0},"end":{"line":59,"column":18}},"59":{"start":{"line":60,"column":0},"end":{"line":60,"column":41}},"60":{"start":{"line":61,"column":0},"end":{"line":61,"column":4}},"62":{"start":{"line":63,"column":0},"end":{"line":63,"column":28}},"64":{"start":{"line":65,"column":0},"end":{"line":65,"column":21}},"65":{"start":{"line":66,"column":0},"end":{"line":66,"column":20}},"66":{"start":{"line":67,"column":0},"end":{"line":67,"column":45}},"67":{"start":{"line":68,"column":0},"end":{"line":68,"column":11}},"68":{"start":{"line":69,"column":0},"end":{"line":69,"column":4}},"70":{"start":{"line":71,"column":0},"end":{"line":71,"column":25}},"71":{"start":{"line":72,"column":0},"end":{"line":72,"column":1}}},"s":{"0":1,"3":1,"4":1,"14":5,"15":5,"16":5,"18":5,"19":5,"20":5,"21":5,"22":5,"23":3,"25":5,"26":1,"27":1,"29":2,"30":5,"31":1,"32":1,"34":4,"35":4,"36":4,"37":4,"38":3,"39":1,"40":2,"42":2,"43":2,"44":2,"45":2,"46":5,"48":5,"49":5,"50":5,"51":5,"52":5,"54":5,"56":5,"57":5,"58":5,"59":5,"60":5,"62":5,"64":5,"65":5,"66":5,"67":5,"68":5,"70":5,"71":5},"branchMap":{"0":{"type":"branch","line":15,"loc":{"start":{"line":15,"column":0},"end":{"line":17,"column":1}},"locations":[{"start":{"line":15,"column":0},"end":{"line":17,"column":1}}]},"1":{"type":"branch","line":19,"loc":{"start":{"line":19,"column":0},"end":{"line":47,"column":1}},"locations":[{"start":{"line":19,"column":0},"end":{"line":47,"column":1}}]},"2":{"type":"branch","line":23,"loc":{"start":{"line":23,"column":57},"end":{"line":26,"column":32}},"locations":[{"start":{"line":23,"column":57},"end":{"line":26,"column":32}}]},"3":{"type":"branch","line":26,"loc":{"start":{"line":26,"column":32},"end":{"line":28,"column":5}},"locations":[{"start":{"line":26,"column":32},"end":{"line":28,"column":5}}]},"4":{"type":"branch","line":28,"loc":{"start":{"line":28,"column":4},"end":{"line":46,"column":3}},"locations":[{"start":{"line":28,"column":4},"end":{"line":46,"column":3}}]},"5":{"type":"branch","line":30,"loc":{"start":{"line":30,"column":25},"end":{"line":43,"column":5}},"locations":[{"start":{"line":30,"column":25},"end":{"line":43,"column":5}}]},"6":{"type":"branch","line":31,"loc":{"start":{"line":31,"column":53},"end":{"line":33,"column":7}},"locations":[{"start":{"line":31,"column":53},"end":{"line":33,"column":7}}]},"7":{"type":"branch","line":33,"loc":{"start":{"line":33,"column":6},"end":{"line":38,"column":47}},"locations":[{"start":{"line":33,"column":6},"end":{"line":38,"column":47}}]},"8":{"type":"branch","line":38,"loc":{"start":{"line":38,"column":36},"end":{"line":40,"column":52}},"locations":[{"start":{"line":38,"column":36},"end":{"line":40,"column":52}}]},"9":{"type":"branch","line":39,"loc":{"start":{"line":39,"column":32},"end":{"line":40,"column":52}},"locations":[{"start":{"line":39,"column":32},"end":{"line":40,"column":52}}]},"10":{"type":"branch","line":40,"loc":{"start":{"line":40,"column":40},"end":{"line":41,"column":48}},"locations":[{"start":{"line":40,"column":40},"end":{"line":41,"column":48}}]},"11":{"type":"branch","line":49,"loc":{"start":{"line":49,"column":0},"end":{"line":72,"column":1}},"locations":[{"start":{"line":49,"column":0},"end":{"line":72,"column":1}}]}},"b":{"0":[5],"1":[5],"2":[3],"3":[1],"4":[2],"5":[5],"6":[1],"7":[4],"8":[3],"9":[1],"10":[2],"11":[5]},"fnMap":{"0":{"name":"getDeploymentsPath","decl":{"start":{"line":15,"column":0},"end":{"line":17,"column":1}},"loc":{"start":{"line":15,"column":0},"end":{"line":17,"column":1}},"line":15},"1":{"name":"readDeploymentRecords","decl":{"start":{"line":19,"column":0},"end":{"line":47,"column":1}},"loc":{"start":{"line":19,"column":0},"end":{"line":47,"column":1}},"line":19},"2":{"name":"trackDeployment","decl":{"start":{"line":49,"column":0},"end":{"line":72,"column":1}},"loc":{"start":{"line":49,"column":0},"end":{"line":72,"column":1}},"line":49}},"f":{"0":5,"1":5,"2":5}}
,"/Users/ab1258/Documents/education_automation/google-forms-quiz-generator/src/lib/google-auth.ts": {"path":"/Users/ab1258/Documents/education_automation/google-forms-quiz-generator/src/lib/google-auth.ts","all":false,"statementMap":{"0":{"start":{"line":1,"column":0},"end":{"line":1,"column":34}},"5":{"start":{"line":6,"column":0},"end":{"line":6,"column":16}},"6":{"start":{"line":7,"column":0},"end":{"line":7,"column":47}},"7":{"start":{"line":8,"column":0},"end":{"line":8,"column":56}},"8":{"start":{"line":9,"column":0},"end":{"line":9,"column":47}},"9":{"start":{"line":10,"column":0},"end":{"line":10,"column":2}},"11":{"start":{"line":12,"column":0},"end":{"line":12,"column":39}},"12":{"start":{"line":13,"column":0},"end":{"line":13,"column":67}},"13":{"start":{"line":14,"column":0},"end":{"line":14,"column":1}},"15":{"start":{"line":16,"column":0},"end":{"line":16,"column":33}},"16":{"start":{"line":17,"column":0},"end":{"line":17,"column":69}},"17":{"start":{"line":18,"column":0},"end":{"line":18,"column":1}},"19":{"start":{"line":20,"column":0},"end":{"line":20,"column":80}},"20":{"start":{"line":21,"column":0},"end":{"line":21,"column":7}},"21":{"start":{"line":22,"column":0},"end":{"line":22,"column":53}},"22":{"start":{"line":23,"column":0},"end":{"line":23,"column":39}},"29":{"start":{"line":30,"column":0},"end":{"line":30,"column":78}},"30":{"start":{"line":31,"column":0},"end":{"line":31,"column":18}},"31":{"start":{"line":32,"column":0},"end":{"line":32,"column":5}},"33":{"start":{"line":34,"column":0},"end":{"line":34,"column":76}},"34":{"start":{"line":35,"column":0},"end":{"line":35,"column":27}},"35":{"start":{"line":36,"column":0},"end":{"line":36,"column":42}},"36":{"start":{"line":37,"column":0},"end":{"line":37,"column":7}},"37":{"start":{"line":38,"column":0},"end":{"line":38,"column":18}},"38":{"start":{"line":39,"column":0},"end":{"line":39,"column":11}},"39":{"start":{"line":40,"column":0},"end":{"line":40,"column":16}},"40":{"start":{"line":41,"column":0},"end":{"line":41,"column":3}},"41":{"start":{"line":42,"column":0},"end":{"line":42,"column":1}},"43":{"start":{"line":44,"column":0},"end":{"line":44,"column":25}},"44":{"start":{"line":45,"column":0},"end":{"line":45,"column":23}},"45":{"start":{"line":46,"column":0},"end":{"line":46,"column":20}},"46":{"start":{"line":47,"column":0},"end":{"line":47,"column":26}},"47":{"start":{"line":48,"column":0},"end":{"line":48,"column":18}},"48":{"start":{"line":49,"column":0},"end":{"line":49,"column":68}},"49":{"start":{"line":50,"column":0},"end":{"line":50,"column":59}},"54":{"start":{"line":55,"column":0},"end":{"line":55,"column":72}},"55":{"start":{"line":56,"column":0},"end":{"line":56,"column":18}},"56":{"start":{"line":57,"column":0},"end":{"line":57,"column":20}},"57":{"start":{"line":58,"column":0},"end":{"line":58,"column":80}},"58":{"start":{"line":59,"column":0},"end":{"line":59,"column":6}},"59":{"start":{"line":60,"column":0},"end":{"line":60,"column":3}},"61":{"start":{"line":62,"column":0},"end":{"line":62,"column":56}},"62":{"start":{"line":63,"column":0},"end":{"line":63,"column":22}},"63":{"start":{"line":64,"column":0},"end":{"line":64,"column":20}},"64":{"start":{"line":65,"column":0},"end":{"line":65,"column":75}},"65":{"start":{"line":66,"column":0},"end":{"line":66,"column":6}},"66":{"start":{"line":67,"column":0},"end":{"line":67,"column":3}},"68":{"start":{"line":69,"column":0},"end":{"line":69,"column":63}},"69":{"start":{"line":70,"column":0},"end":{"line":70,"column":21}},"70":{"start":{"line":71,"column":0},"end":{"line":71,"column":14}},"71":{"start":{"line":72,"column":0},"end":{"line":72,"column":19}},"72":{"start":{"line":73,"column":0},"end":{"line":73,"column":7}},"73":{"start":{"line":74,"column":0},"end":{"line":74,"column":32}},"74":{"start":{"line":75,"column":0},"end":{"line":75,"column":38}},"75":{"start":{"line":76,"column":0},"end":{"line":76,"column":46}},"76":{"start":{"line":77,"column":0},"end":{"line":77,"column":36}},"77":{"start":{"line":78,"column":0},"end":{"line":78,"column":8}},"78":{"start":{"line":79,"column":0},"end":{"line":79,"column":11}},"79":{"start":{"line":80,"column":0},"end":{"line":80,"column":8}},"80":{"start":{"line":81,"column":0},"end":{"line":81,"column":6}},"81":{"start":{"line":82,"column":0},"end":{"line":82,"column":11}},"82":{"start":{"line":83,"column":0},"end":{"line":83,"column":4}},"83":{"start":{"line":84,"column":0},"end":{"line":84,"column":1}},"85":{"start":{"line":86,"column":0},"end":{"line":86,"column":68}},"86":{"start":{"line":87,"column":0},"end":{"line":87,"column":47}},"87":{"start":{"line":88,"column":0},"end":{"line":88,"column":35}},"89":{"start":{"line":90,"column":0},"end":{"line":90,"column":51}},"90":{"start":{"line":91,"column":0},"end":{"line":91,"column":17}},"91":{"start":{"line":92,"column":0},"end":{"line":92,"column":20}},"92":{"start":{"line":93,"column":0},"end":{"line":93,"column":3}},"94":{"start":{"line":95,"column":0},"end":{"line":95,"column":37}},"95":{"start":{"line":96,"column":0},"end":{"line":96,"column":19}},"96":{"start":{"line":97,"column":0},"end":{"line":97,"column":33}},"97":{"start":{"line":98,"column":0},"end":{"line":98,"column":5}},"99":{"start":{"line":100,"column":0},"end":{"line":100,"column":54}},"100":{"start":{"line":101,"column":0},"end":{"line":101,"column":16}},"101":{"start":{"line":102,"column":0},"end":{"line":102,"column":1}}},"s":{"0":1,"5":1,"6":1,"7":1,"8":1,"9":1,"11":52,"12":52,"13":52,"15":52,"16":52,"17":52,"19":52,"20":52,"21":52,"22":48,"29":52,"30":1,"31":1,"33":47,"34":47,"35":47,"36":47,"37":47,"38":52,"39":4,"40":4,"41":52,"43":5,"44":5,"45":5,"46":5,"47":5,"48":5,"49":5,"54":5,"55":5,"56":1,"57":1,"58":1,"59":1,"61":4,"62":5,"63":1,"64":1,"65":1,"66":1,"68":3,"69":3,"70":3,"71":3,"72":3,"73":3,"74":3,"75":3,"76":3,"77":3,"78":3,"79":3,"80":3,"81":3,"82":3,"83":3,"85":52,"86":52,"87":52,"89":52,"90":52,"91":47,"92":47,"94":5,"95":5,"96":5,"97":5,"99":5,"100":3,"101":3},"branchMap":{"0":{"type":"branch","line":12,"loc":{"start":{"line":12,"column":0},"end":{"line":14,"column":1}},"locations":[{"start":{"line":12,"column":0},"end":{"line":14,"column":1}}]},"1":{"type":"branch","line":13,"loc":{"start":{"line":13,"column":21},"end":{"line":13,"column":67}},"locations":[{"start":{"line":13,"column":21},"end":{"line":13,"column":67}}]},"2":{"type":"branch","line":16,"loc":{"start":{"line":16,"column":0},"end":{"line":18,"column":1}},"locations":[{"start":{"line":16,"column":0},"end":{"line":18,"column":1}}]},"3":{"type":"branch","line":17,"loc":{"start":{"line":17,"column":21},"end":{"line":17,"column":69}},"locations":[{"start":{"line":17,"column":21},"end":{"line":17,"column":69}}]},"4":{"type":"branch","line":20,"loc":{"start":{"line":20,"column":0},"end":{"line":42,"column":1}},"locations":[{"start":{"line":20,"column":0},"end":{"line":42,"column":1}}]},"5":{"type":"branch","line":22,"loc":{"start":{"line":22,"column":51},"end":{"line":30,"column":54}},"locations":[{"start":{"line":22,"column":51},"end":{"line":30,"column":54}}]},"6":{"type":"branch","line":30,"loc":{"start":{"line":30,"column":37},"end":{"line":30,"column":77}},"locations":[{"start":{"line":30,"column":37},"end":{"line":30,"column":77}}]},"7":{"type":"branch","line":30,"loc":{"start":{"line":30,"column":77},"end":{"line":39,"column":10}},"locations":[{"start":{"line":30,"column":77},"end":{"line":39,"column":10}}]},"8":{"type":"branch","line":30,"loc":{"start":{"line":30,"column":77},"end":{"line":32,"column":5}},"locations":[{"start":{"line":30,"column":77},"end":{"line":32,"column":5}}]},"9":{"type":"branch","line":39,"loc":{"start":{"line":39,"column":2},"end":{"line":41,"column":3}},"locations":[{"start":{"line":39,"column":2},"end":{"line":41,"column":3}}]},"10":{"type":"branch","line":44,"loc":{"start":{"line":44,"column":0},"end":{"line":84,"column":1}},"locations":[{"start":{"line":44,"column":0},"end":{"line":84,"column":1}}]},"11":{"type":"branch","line":55,"loc":{"start":{"line":55,"column":37},"end":{"line":55,"column":72}},"locations":[{"start":{"line":55,"column":37},"end":{"line":55,"column":72}}]},"12":{"type":"branch","line":56,"loc":{"start":{"line":56,"column":17},"end":{"line":60,"column":3}},"locations":[{"start":{"line":56,"column":17},"end":{"line":60,"column":3}}]},"13":{"type":"branch","line":60,"loc":{"start":{"line":60,"column":2},"end":{"line":63,"column":21}},"locations":[{"start":{"line":60,"column":2},"end":{"line":63,"column":21}}]},"14":{"type":"branch","line":63,"loc":{"start":{"line":63,"column":21},"end":{"line":67,"column":3}},"locations":[{"start":{"line":63,"column":21},"end":{"line":67,"column":3}}]},"15":{"type":"branch","line":67,"loc":{"start":{"line":67,"column":2},"end":{"line":84,"column":1}},"locations":[{"start":{"line":67,"column":2},"end":{"line":84,"column":1}}]},"16":{"type":"branch","line":86,"loc":{"start":{"line":86,"column":0},"end":{"line":102,"column":1}},"locations":[{"start":{"line":86,"column":0},"end":{"line":102,"column":1}}]},"17":{"type":"branch","line":91,"loc":{"start":{"line":91,"column":16},"end":{"line":93,"column":3}},"locations":[{"start":{"line":91,"column":16},"end":{"line":93,"column":3}}]},"18":{"type":"branch","line":93,"loc":{"start":{"line":93,"column":2},"end":{"line":102,"column":1}},"locations":[{"start":{"line":93,"column":2},"end":{"line":102,"column":1}}]},"19":{"type":"branch","line":93,"loc":{"start":{"line":93,"column":2},"end":{"line":100,"column":54}},"locations":[{"start":{"line":93,"column":2},"end":{"line":100,"column":54}}]},"20":{"type":"branch","line":100,"loc":{"start":{"line":100,"column":52},"end":{"line":102,"column":1}},"locations":[{"start":{"line":100,"column":52},"end":{"line":102,"column":1}}]}},"b":{"0":[52],"1":[1],"2":[52],"3":[1],"4":[52],"5":[48],"6":[48],"7":[47],"8":[1],"9":[4],"10":[5],"11":[1],"12":[1],"13":[4],"14":[1],"15":[3],"16":[52],"17":[47],"18":[6],"19":[5],"20":[3]},"fnMap":{"0":{"name":"getCredentialsPath","decl":{"start":{"line":12,"column":0},"end":{"line":14,"column":1}},"loc":{"start":{"line":12,"column":0},"end":{"line":14,"column":1}},"line":12},"1":{"name":"getTokenPath","decl":{"start":{"line":16,"column":0},"end":{"line":18,"column":1}},"loc":{"start":{"line":16,"column":0},"end":{"line":18,"column":1}},"line":16},"2":{"name":"loadSavedToken","decl":{"start":{"line":20,"column":0},"end":{"line":42,"column":1}},"loc":{"start":{"line":20,"column":0},"end":{"line":42,"column":1}},"line":20},"3":{"name":"saveToken","decl":{"start":{"line":44,"column":0},"end":{"line":84,"column":1}},"loc":{"start":{"line":44,"column":0},"end":{"line":84,"column":1}},"line":44},"4":{"name":"getAuthorizedClient","decl":{"start":{"line":86,"column":0},"end":{"line":102,"column":1}},"loc":{"start":{"line":86,"column":0},"end":{"line":102,"column":1}},"line":86}},"f":{"0":52,"1":52,"2":52,"3":5,"4":52}}
,"/Users/ab1258/Documents/education_automation/google-forms-quiz-generator/src/lib/google-forms.ts": {"path":"/Users/ab1258/Documents/education_automation/google-forms-quiz-generator/src/lib/google-forms.ts","all":false,"statementMap":{"0":{"start":{"line":1,"column":0},"end":{"line":1,"column":56}},"14":{"start":{"line":15,"column":0},"end":{"line":15,"column":75}},"15":{"start":{"line":16,"column":0},"end":{"line":16,"column":23}},"16":{"start":{"line":17,"column":0},"end":{"line":17,"column":37}},"17":{"start":{"line":18,"column":0},"end":{"line":18,"column":25}},"18":{"start":{"line":19,"column":0},"end":{"line":19,"column":2}},"20":{"start":{"line":21,"column":0},"end":{"line":21,"column":36}},"21":{"start":{"line":22,"column":0},"end":{"line":22,"column":35}},"22":{"start":{"line":23,"column":0},"end":{"line":23,"column":24}},"23":{"start":{"line":24,"column":0},"end":{"line":24,"column":60}},"24":{"start":{"line":25,"column":0},"end":{"line":25,"column":48}},"25":{"start":{"line":26,"column":0},"end":{"line":26,"column":20}},"26":{"start":{"line":27,"column":0},"end":{"line":27,"column":1}},"28":{"start":{"line":29,"column":0},"end":{"line":29,"column":41}},"31":{"start":{"line":32,"column":0},"end":{"line":32,"column":3}},"32":{"start":{"line":33,"column":0},"end":{"line":33,"column":69}},"33":{"start":{"line":34,"column":0},"end":{"line":34,"column":10}},"34":{"start":{"line":35,"column":0},"end":{"line":35,"column":15}},"35":{"start":{"line":36,"column":0},"end":{"line":36,"column":21}},"36":{"start":{"line":37,"column":0},"end":{"line":37,"column":36}},"37":{"start":{"line":38,"column":0},"end":{"line":38,"column":8}},"38":{"start":{"line":39,"column":0},"end":{"line":39,"column":62}},"39":{"start":{"line":40,"column":0},"end":{"line":40,"column":6}},"40":{"start":{"line":41,"column":0},"end":{"line":41,"column":58}},"41":{"start":{"line":42,"column":0},"end":{"line":42,"column":4}},"42":{"start":{"line":43,"column":0},"end":{"line":43,"column":1}},"44":{"start":{"line":45,"column":0},"end":{"line":45,"column":34}},"45":{"start":{"line":46,"column":0},"end":{"line":46,"column":29}},"46":{"start":{"line":47,"column":0},"end":{"line":47,"column":39}},"47":{"start":{"line":48,"column":0},"end":{"line":48,"column":47}},"48":{"start":{"line":49,"column":0},"end":{"line":49,"column":52}},"49":{"start":{"line":50,"column":0},"end":{"line":50,"column":21}},"50":{"start":{"line":51,"column":0},"end":{"line":51,"column":1}},"52":{"start":{"line":53,"column":0},"end":{"line":53,"column":80}},"53":{"start":{"line":54,"column":0},"end":{"line":54,"column":26}},"54":{"start":{"line":55,"column":0},"end":{"line":55,"column":40}},"55":{"start":{"line":56,"column":0},"end":{"line":56,"column":42}},"56":{"start":{"line":57,"column":0},"end":{"line":57,"column":33}},"58":{"start":{"line":59,"column":0},"end":{"line":59,"column":26}},"59":{"start":{"line":60,"column":0},"end":{"line":60,"column":30}},"60":{"start":{"line":61,"column":0},"end":{"line":61,"column":20}},"61":{"start":{"line":62,"column":0},"end":{"line":62,"column":44}},"62":{"start":{"line":63,"column":0},"end":{"line":63,"column":39}},"63":{"start":{"line":64,"column":0},"end":{"line":64,"column":6}},"64":{"start":{"line":65,"column":0},"end":{"line":65,"column":32}},"66":{"start":{"line":67,"column":0},"end":{"line":67,"column":54}},"67":{"start":{"line":68,"column":0},"end":{"line":68,"column":62}},"68":{"start":{"line":69,"column":0},"end":{"line":69,"column":9}},"69":{"start":{"line":70,"column":0},"end":{"line":70,"column":38}},"70":{"start":{"line":71,"column":0},"end":{"line":71,"column":25}},"71":{"start":{"line":72,"column":0},"end":{"line":72,"column":37}},"72":{"start":{"line":73,"column":0},"end":{"line":73,"column":17}},"73":{"start":{"line":74,"column":0},"end":{"line":74,"column":42}},"74":{"start":{"line":75,"column":0},"end":{"line":75,"column":17}},"75":{"start":{"line":76,"column":0},"end":{"line":76,"column":26}},"76":{"start":{"line":77,"column":0},"end":{"line":77,"column":9}},"77":{"start":{"line":78,"column":0},"end":{"line":78,"column":18}},"79":{"start":{"line":80,"column":0},"end":{"line":80,"column":50}},"80":{"start":{"line":81,"column":0},"end":{"line":81,"column":32}},"81":{"start":{"line":82,"column":0},"end":{"line":82,"column":12}},"82":{"start":{"line":83,"column":0},"end":{"line":83,"column":4}},"84":{"start":{"line":85,"column":0},"end":{"line":85,"column":25}},"85":{"start":{"line":86,"column":0},"end":{"line":86,"column":35}},"86":{"start":{"line":87,"column":0},"end":{"line":87,"column":52}},"87":{"start":{"line":88,"column":0},"end":{"line":88,"column":58}},"88":{"start":{"line":89,"column":0},"end":{"line":89,"column":28}},"89":{"start":{"line":90,"column":0},"end":{"line":90,"column":10}},"90":{"start":{"line":91,"column":0},"end":{"line":91,"column":21}},"91":{"start":{"line":92,"column":0},"end":{"line":92,"column":6}},"92":{"start":{"line":93,"column":0},"end":{"line":93,"column":10}},"93":{"start":{"line":94,"column":0},"end":{"line":94,"column":33}},"94":{"start":{"line":95,"column":0},"end":{"line":95,"column":47}},"95":{"start":{"line":96,"column":0},"end":{"line":96,"column":6}},"96":{"start":{"line":97,"column":0},"end":{"line":97,"column":3}},"98":{"start":{"line":99,"column":0},"end":{"line":99,"column":10}},"99":{"start":{"line":100,"column":0},"end":{"line":100,"column":26}},"100":{"start":{"line":101,"column":0},"end":{"line":101,"column":38}},"101":{"start":{"line":102,"column":0},"end":{"line":102,"column":19}},"102":{"start":{"line":103,"column":0},"end":{"line":103,"column":29}},"103":{"start":{"line":104,"column":0},"end":{"line":104,"column":6}},"104":{"start":{"line":105,"column":0},"end":{"line":105,"column":4}},"105":{"start":{"line":106,"column":0},"end":{"line":106,"column":1}},"107":{"start":{"line":108,"column":0},"end":{"line":108,"column":33}},"108":{"start":{"line":109,"column":0},"end":{"line":109,"column":29}},"109":{"start":{"line":110,"column":0},"end":{"line":110,"column":24}},"110":{"start":{"line":111,"column":0},"end":{"line":111,"column":47}},"111":{"start":{"line":112,"column":0},"end":{"line":112,"column":18}},"112":{"start":{"line":113,"column":0},"end":{"line":113,"column":16}},"113":{"start":{"line":114,"column":0},"end":{"line":114,"column":3}},"115":{"start":{"line":116,"column":0},"end":{"line":116,"column":30}},"116":{"start":{"line":117,"column":0},"end":{"line":117,"column":45}},"117":{"start":{"line":118,"column":0},"end":{"line":118,"column":47}},"118":{"start":{"line":119,"column":0},"end":{"line":119,"column":41}},"119":{"start":{"line":120,"column":0},"end":{"line":120,"column":54}},"120":{"start":{"line":121,"column":0},"end":{"line":121,"column":23}},"121":{"start":{"line":122,"column":0},"end":{"line":122,"column":4}},"123":{"start":{"line":124,"column":0},"end":{"line":124,"column":66}},"124":{"start":{"line":125,"column":0},"end":{"line":125,"column":28}},"125":{"start":{"line":126,"column":0},"end":{"line":126,"column":11}},"126":{"start":{"line":127,"column":0},"end":{"line":127,"column":36}},"127":{"start":{"line":128,"column":0},"end":{"line":128,"column":51}},"128":{"start":{"line":129,"column":0},"end":{"line":129,"column":4}},"130":{"start":{"line":131,"column":0},"end":{"line":131,"column":32}},"131":{"start":{"line":132,"column":0},"end":{"line":132,"column":46}},"132":{"start":{"line":133,"column":0},"end":{"line":133,"column":30}},"133":{"start":{"line":134,"column":0},"end":{"line":134,"column":36}},"134":{"start":{"line":135,"column":0},"end":{"line":135,"column":38}},"135":{"start":{"line":136,"column":0},"end":{"line":136,"column":29}},"136":{"start":{"line":137,"column":0},"end":{"line":137,"column":12}},"137":{"start":{"line":138,"column":0},"end":{"line":138,"column":34}},"138":{"start":{"line":139,"column":0},"end":{"line":139,"column":5}},"140":{"start":{"line":141,"column":0},"end":{"line":141,"column":73}},"141":{"start":{"line":142,"column":0},"end":{"line":142,"column":36}},"142":{"start":{"line":143,"column":0},"end":{"line":143,"column":50}},"143":{"start":{"line":144,"column":0},"end":{"line":144,"column":24}},"144":{"start":{"line":145,"column":0},"end":{"line":145,"column":14}},"145":{"start":{"line":146,"column":0},"end":{"line":146,"column":53}},"146":{"start":{"line":147,"column":0},"end":{"line":147,"column":10}},"148":{"start":{"line":149,"column":0},"end":{"line":149,"column":27}},"150":{"start":{"line":151,"column":0},"end":{"line":151,"column":29}},"151":{"start":{"line":152,"column":0},"end":{"line":152,"column":43}},"152":{"start":{"line":153,"column":0},"end":{"line":153,"column":5}},"154":{"start":{"line":155,"column":0},"end":{"line":155,"column":16}},"155":{"start":{"line":156,"column":0},"end":{"line":156,"column":3}},"157":{"start":{"line":158,"column":0},"end":{"line":158,"column":30}},"158":{"start":{"line":159,"column":0},"end":{"line":159,"column":77}},"159":{"start":{"line":160,"column":0},"end":{"line":160,"column":29}},"160":{"start":{"line":161,"column":0},"end":{"line":161,"column":43}},"161":{"start":{"line":162,"column":0},"end":{"line":162,"column":5}},"162":{"start":{"line":163,"column":0},"end":{"line":163,"column":16}},"163":{"start":{"line":164,"column":0},"end":{"line":164,"column":3}},"165":{"start":{"line":166,"column":0},"end":{"line":166,"column":14}},"166":{"start":{"line":167,"column":0},"end":{"line":167,"column":1}},"168":{"start":{"line":169,"column":0},"end":{"line":169,"column":58}},"169":{"start":{"line":170,"column":0},"end":{"line":170,"column":43}},"170":{"start":{"line":171,"column":0},"end":{"line":171,"column":47}},"171":{"start":{"line":172,"column":0},"end":{"line":172,"column":1}},"173":{"start":{"line":174,"column":0},"end":{"line":174,"column":58}},"174":{"start":{"line":175,"column":0},"end":{"line":175,"column":43}},"175":{"start":{"line":176,"column":0},"end":{"line":176,"column":47}},"176":{"start":{"line":177,"column":0},"end":{"line":177,"column":1}},"178":{"start":{"line":179,"column":0},"end":{"line":179,"column":37}},"179":{"start":{"line":180,"column":0},"end":{"line":180,"column":17}},"180":{"start":{"line":181,"column":0},"end":{"line":181,"column":16}},"181":{"start":{"line":182,"column":0},"end":{"line":182,"column":20}},"182":{"start":{"line":183,"column":0},"end":{"line":183,"column":18}},"183":{"start":{"line":184,"column":0},"end":{"line":184,"column":39}},"184":{"start":{"line":185,"column":0},"end":{"line":185,"column":43}},"186":{"start":{"line":187,"column":0},"end":{"line":187,"column":64}},"187":{"start":{"line":188,"column":0},"end":{"line":188,"column":19}},"188":{"start":{"line":189,"column":0},"end":{"line":189,"column":18}},"189":{"start":{"line":190,"column":0},"end":{"line":190,"column":18}},"190":{"start":{"line":191,"column":0},"end":{"line":191,"column":6}},"191":{"start":{"line":192,"column":0},"end":{"line":192,"column":30}},"192":{"start":{"line":193,"column":0},"end":{"line":193,"column":28}},"193":{"start":{"line":194,"column":0},"end":{"line":194,"column":4}},"195":{"start":{"line":196,"column":0},"end":{"line":196,"column":7}},"196":{"start":{"line":197,"column":0},"end":{"line":197,"column":26}},"197":{"start":{"line":198,"column":0},"end":{"line":198,"column":45}},"198":{"start":{"line":199,"column":0},"end":{"line":199,"column":23}},"199":{"start":{"line":200,"column":0},"end":{"line":200,"column":26}},"200":{"start":{"line":201,"column":0},"end":{"line":201,"column":32}},"201":{"start":{"line":202,"column":0},"end":{"line":202,"column":9}},"203":{"start":{"line":204,"column":0},"end":{"line":204,"column":51}},"204":{"start":{"line":205,"column":0},"end":{"line":205,"column":49}},"205":{"start":{"line":206,"column":0},"end":{"line":206,"column":35}},"206":{"start":{"line":207,"column":0},"end":{"line":207,"column":63}},"207":{"start":{"line":208,"column":0},"end":{"line":208,"column":5}},"209":{"start":{"line":210,"column":0},"end":{"line":210,"column":44}},"210":{"start":{"line":211,"column":0},"end":{"line":211,"column":19}},"217":{"start":{"line":218,"column":0},"end":{"line":218,"column":56}},"218":{"start":{"line":219,"column":0},"end":{"line":219,"column":19}},"219":{"start":{"line":220,"column":0},"end":{"line":220,"column":230}},"220":{"start":{"line":221,"column":0},"end":{"line":221,"column":8}},"221":{"start":{"line":222,"column":0},"end":{"line":222,"column":13}},"222":{"start":{"line":223,"column":0},"end":{"line":223,"column":5}},"224":{"start":{"line":225,"column":0},"end":{"line":225,"column":16}},"225":{"start":{"line":226,"column":0},"end":{"line":226,"column":3}},"226":{"start":{"line":227,"column":0},"end":{"line":227,"column":1}},"228":{"start":{"line":229,"column":0},"end":{"line":229,"column":73}},"229":{"start":{"line":230,"column":0},"end":{"line":230,"column":47}},"230":{"start":{"line":231,"column":0},"end":{"line":231,"column":5}},"231":{"start":{"line":232,"column":0},"end":{"line":232,"column":42}},"232":{"start":{"line":233,"column":0},"end":{"line":233,"column":6}},"233":{"start":{"line":234,"column":0},"end":{"line":234,"column":4}},"235":{"start":{"line":236,"column":0},"end":{"line":236,"column":47}},"236":{"start":{"line":237,"column":0},"end":{"line":237,"column":19}},"237":{"start":{"line":238,"column":0},"end":{"line":238,"column":19}},"238":{"start":{"line":239,"column":0},"end":{"line":239,"column":48}},"239":{"start":{"line":240,"column":0},"end":{"line":240,"column":28}},"240":{"start":{"line":241,"column":0},"end":{"line":241,"column":8}},"241":{"start":{"line":242,"column":0},"end":{"line":242,"column":7}},"242":{"start":{"line":243,"column":0},"end":{"line":243,"column":5}},"244":{"start":{"line":245,"column":0},"end":{"line":245,"column":18}},"245":{"start":{"line":246,"column":0},"end":{"line":246,"column":1}},"247":{"start":{"line":248,"column":0},"end":{"line":248,"column":45}},"248":{"start":{"line":249,"column":0},"end":{"line":249,"column":17}},"249":{"start":{"line":250,"column":0},"end":{"line":250,"column":22}},"250":{"start":{"line":251,"column":0},"end":{"line":251,"column":39}},"251":{"start":{"line":252,"column":0},"end":{"line":252,"column":53}},"252":{"start":{"line":253,"column":0},"end":{"line":253,"column":29}},"254":{"start":{"line":255,"column":0},"end":{"line":255,"column":38}},"255":{"start":{"line":256,"column":0},"end":{"line":256,"column":49}},"256":{"start":{"line":257,"column":0},"end":{"line":257,"column":71}},"258":{"start":{"line":259,"column":0},"end":{"line":259,"column":10}},"259":{"start":{"line":260,"column":0},"end":{"line":260,"column":15}},"260":{"start":{"line":261,"column":0},"end":{"line":261,"column":47}},"261":{"start":{"line":262,"column":0},"end":{"line":262,"column":53}},"262":{"start":{"line":263,"column":0},"end":{"line":263,"column":56}},"263":{"start":{"line":264,"column":0},"end":{"line":264,"column":48}},"264":{"start":{"line":265,"column":0},"end":{"line":265,"column":41}},"265":{"start":{"line":266,"column":0},"end":{"line":266,"column":6}},"266":{"start":{"line":267,"column":0},"end":{"line":267,"column":14}},"267":{"start":{"line":268,"column":0},"end":{"line":268,"column":4}},"268":{"start":{"line":269,"column":0},"end":{"line":269,"column":1}},"270":{"start":{"line":271,"column":0},"end":{"line":271,"column":47}},"271":{"start":{"line":272,"column":0},"end":{"line":272,"column":17}},"272":{"start":{"line":273,"column":0},"end":{"line":273,"column":30}},"273":{"start":{"line":274,"column":0},"end":{"line":274,"column":55}},"274":{"start":{"line":275,"column":0},"end":{"line":275,"column":39}},"276":{"start":{"line":277,"column":0},"end":{"line":277,"column":51}},"277":{"start":{"line":278,"column":0},"end":{"line":278,"column":18}},"278":{"start":{"line":279,"column":0},"end":{"line":279,"column":13}},"279":{"start":{"line":280,"column":0},"end":{"line":280,"column":26}},"280":{"start":{"line":281,"column":0},"end":{"line":281,"column":8}},"281":{"start":{"line":282,"column":0},"end":{"line":282,"column":6}},"282":{"start":{"line":283,"column":0},"end":{"line":283,"column":5}},"284":{"start":{"line":285,"column":0},"end":{"line":285,"column":44}},"285":{"start":{"line":286,"column":0},"end":{"line":286,"column":16}},"286":{"start":{"line":287,"column":0},"end":{"line":287,"column":61}},"287":{"start":{"line":288,"column":0},"end":{"line":288,"column":3}},"289":{"start":{"line":290,"column":0},"end":{"line":290,"column":45}},"290":{"start":{"line":291,"column":0},"end":{"line":291,"column":20}},"291":{"start":{"line":292,"column":0},"end":{"line":292,"column":21}},"292":{"start":{"line":293,"column":0},"end":{"line":293,"column":13}},"293":{"start":{"line":294,"column":0},"end":{"line":294,"column":26}},"294":{"start":{"line":295,"column":0},"end":{"line":295,"column":38}},"295":{"start":{"line":296,"column":0},"end":{"line":296,"column":8}},"296":{"start":{"line":297,"column":0},"end":{"line":297,"column":38}},"297":{"start":{"line":298,"column":0},"end":{"line":298,"column":6}},"298":{"start":{"line":299,"column":0},"end":{"line":299,"column":5}},"300":{"start":{"line":301,"column":0},"end":{"line":301,"column":33}},"301":{"start":{"line":302,"column":0},"end":{"line":302,"column":11}},"302":{"start":{"line":303,"column":0},"end":{"line":303,"column":30}},"303":{"start":{"line":304,"column":0},"end":{"line":304,"column":5}},"305":{"start":{"line":306,"column":0},"end":{"line":306,"column":69}},"307":{"start":{"line":308,"column":0},"end":{"line":308,"column":52}},"309":{"start":{"line":310,"column":0},"end":{"line":310,"column":10}},"310":{"start":{"line":311,"column":0},"end":{"line":311,"column":11}},"311":{"start":{"line":312,"column":0},"end":{"line":312,"column":57}},"312":{"start":{"line":313,"column":0},"end":{"line":313,"column":4}},"313":{"start":{"line":314,"column":0},"end":{"line":314,"column":1}},"315":{"start":{"line":316,"column":0},"end":{"line":316,"column":47}},"316":{"start":{"line":317,"column":0},"end":{"line":317,"column":17}},"317":{"start":{"line":318,"column":0},"end":{"line":318,"column":17}},"318":{"start":{"line":319,"column":0},"end":{"line":319,"column":55}},"319":{"start":{"line":320,"column":0},"end":{"line":320,"column":39}},"320":{"start":{"line":321,"column":0},"end":{"line":321,"column":53}},"322":{"start":{"line":323,"column":0},"end":{"line":323,"column":57}},"324":{"start":{"line":325,"column":0},"end":{"line":325,"column":47}},"325":{"start":{"line":326,"column":0},"end":{"line":326,"column":5}},"326":{"start":{"line":327,"column":0},"end":{"line":327,"column":23}},"327":{"start":{"line":328,"column":0},"end":{"line":328,"column":15}},"328":{"start":{"line":329,"column":0},"end":{"line":329,"column":28}},"329":{"start":{"line":330,"column":0},"end":{"line":330,"column":40}},"330":{"start":{"line":331,"column":0},"end":{"line":331,"column":10}},"331":{"start":{"line":332,"column":0},"end":{"line":332,"column":40}},"332":{"start":{"line":333,"column":0},"end":{"line":333,"column":8}},"333":{"start":{"line":334,"column":0},"end":{"line":334,"column":6}},"334":{"start":{"line":335,"column":0},"end":{"line":335,"column":5}},"335":{"start":{"line":336,"column":0},"end":{"line":336,"column":42}},"336":{"start":{"line":337,"column":0},"end":{"line":337,"column":6}},"337":{"start":{"line":338,"column":0},"end":{"line":338,"column":4}},"339":{"start":{"line":340,"column":0},"end":{"line":340,"column":63}},"340":{"start":{"line":341,"column":0},"end":{"line":341,"column":19}},"341":{"start":{"line":342,"column":0},"end":{"line":342,"column":19}},"342":{"start":{"line":343,"column":0},"end":{"line":343,"column":28}},"343":{"start":{"line":344,"column":0},"end":{"line":344,"column":8}},"344":{"start":{"line":345,"column":0},"end":{"line":345,"column":7}},"345":{"start":{"line":346,"column":0},"end":{"line":346,"column":3}},"347":{"start":{"line":348,"column":0},"end":{"line":348,"column":47}},"348":{"start":{"line":349,"column":0},"end":{"line":349,"column":19}},"349":{"start":{"line":350,"column":0},"end":{"line":350,"column":19}},"350":{"start":{"line":351,"column":0},"end":{"line":351,"column":48}},"351":{"start":{"line":352,"column":0},"end":{"line":352,"column":28}},"352":{"start":{"line":353,"column":0},"end":{"line":353,"column":8}},"353":{"start":{"line":354,"column":0},"end":{"line":354,"column":7}},"354":{"start":{"line":355,"column":0},"end":{"line":355,"column":5}},"356":{"start":{"line":357,"column":0},"end":{"line":357,"column":33}},"357":{"start":{"line":358,"column":0},"end":{"line":358,"column":11}},"358":{"start":{"line":359,"column":0},"end":{"line":359,"column":30}},"359":{"start":{"line":360,"column":0},"end":{"line":360,"column":5}},"361":{"start":{"line":362,"column":0},"end":{"line":362,"column":50}},"363":{"start":{"line":364,"column":0},"end":{"line":364,"column":52}},"365":{"start":{"line":366,"column":0},"end":{"line":366,"column":10}},"366":{"start":{"line":367,"column":0},"end":{"line":367,"column":11}},"367":{"start":{"line":368,"column":0},"end":{"line":368,"column":57}},"368":{"start":{"line":369,"column":0},"end":{"line":369,"column":4}},"369":{"start":{"line":370,"column":0},"end":{"line":370,"column":1}}},"s":{"0":1,"14":1,"15":1,"16":1,"17":1,"18":1,"20":11,"21":11,"22":11,"23":11,"24":11,"25":9,"26":9,"28":17,"31":17,"32":17,"33":17,"34":17,"35":17,"36":17,"37":17,"38":17,"39":17,"40":17,"41":17,"42":17,"44":14,"45":14,"46":14,"47":14,"48":14,"49":1,"50":1,"52":18,"53":18,"54":18,"55":6,"56":5,"58":18,"59":18,"60":18,"61":18,"62":18,"63":5,"64":18,"66":18,"67":18,"68":12,"69":12,"70":12,"71":12,"72":11,"73":11,"74":11,"75":1,"76":12,"77":6,"79":18,"80":18,"81":18,"82":18,"84":18,"85":14,"86":14,"87":14,"88":26,"89":14,"90":14,"91":14,"92":18,"93":4,"94":4,"95":4,"96":4,"98":18,"99":18,"100":18,"101":18,"102":18,"103":18,"104":18,"105":18,"107":9,"108":9,"109":9,"110":9,"111":9,"112":1,"113":1,"115":8,"116":9,"117":9,"118":9,"119":9,"120":9,"121":9,"123":9,"124":9,"125":9,"126":9,"127":9,"128":9,"130":9,"131":4,"132":4,"133":1,"134":4,"135":1,"136":3,"137":2,"138":2,"140":4,"141":4,"142":4,"143":4,"144":6,"145":6,"146":4,"148":4,"150":4,"151":1,"152":1,"154":4,"155":4,"157":9,"158":3,"159":3,"160":1,"161":1,"162":3,"163":3,"165":1,"166":1,"168":29,"169":29,"170":29,"171":29,"173":17,"174":17,"175":17,"176":17,"178":17,"179":17,"180":17,"181":17,"182":17,"183":17,"184":17,"186":17,"187":17,"188":17,"189":17,"190":17,"191":17,"192":17,"193":17,"195":17,"196":17,"197":3,"198":3,"199":3,"200":3,"201":3,"203":3,"204":3,"205":3,"206":3,"207":3,"209":17,"210":17,"217":2,"218":1,"219":1,"220":1,"221":1,"222":1,"224":1,"225":1,"226":17,"228":13,"229":13,"230":13,"231":13,"232":13,"233":13,"235":13,"236":14,"237":14,"238":14,"239":14,"240":14,"241":14,"242":13,"244":13,"245":13,"247":11,"248":11,"249":11,"250":11,"251":11,"252":11,"254":11,"255":11,"256":11,"258":11,"259":11,"260":11,"261":11,"262":11,"263":11,"264":11,"265":11,"266":11,"267":11,"268":11,"270":14,"271":14,"272":14,"273":14,"274":14,"276":14,"277":14,"278":14,"279":14,"280":14,"281":14,"282":14,"284":14,"285":14,"286":1,"287":1,"289":13,"290":13,"291":13,"292":13,"293":13,"294":13,"295":13,"296":13,"297":13,"298":13,"300":13,"301":13,"302":13,"303":13,"305":14,"307":13,"309":13,"310":13,"311":14,"312":14,"313":14,"315":4,"316":4,"317":4,"318":4,"319":4,"320":4,"322":4,"324":4,"325":4,"326":4,"327":4,"328":4,"329":4,"330":4,"331":4,"332":4,"333":4,"334":4,"335":4,"336":4,"337":4,"339":4,"340":4,"341":4,"342":4,"343":4,"344":4,"345":4,"347":4,"348":4,"349":4,"350":4,"351":4,"352":4,"353":4,"354":4,"356":4,"357":4,"358":4,"359":4,"361":4,"363":3,"365":3,"366":3,"367":4,"368":4,"369":4},"branchMap":{"0":{"type":"branch","line":21,"loc":{"start":{"line":21,"column":0},"end":{"line":27,"column":1}},"locations":[{"start":{"line":21,"column":0},"end":{"line":27,"column":1}}]},"1":{"type":"branch","line":24,"loc":{"start":{"line":24,"column":35},"end":{"line":24,"column":60}},"locations":[{"start":{"line":24,"column":35},"end":{"line":24,"column":60}}]},"2":{"type":"branch","line":24,"loc":{"start":{"line":24,"column":42},"end":{"line":25,"column":41}},"locations":[{"start":{"line":24,"column":42},"end":{"line":25,"column":41}}]},"3":{"type":"branch","line":25,"loc":{"start":{"line":25,"column":34},"end":{"line":25,"column":48}},"locations":[{"start":{"line":25,"column":34},"end":{"line":25,"column":48}}]},"4":{"type":"branch","line":25,"loc":{"start":{"line":25,"column":41},"end":{"line":27,"column":1}},"locations":[{"start":{"line":25,"column":41},"end":{"line":27,"column":1}}]},"5":{"type":"branch","line":29,"loc":{"start":{"line":29,"column":0},"end":{"line":43,"column":1}},"locations":[{"start":{"line":29,"column":0},"end":{"line":43,"column":1}}]},"6":{"type":"branch","line":33,"loc":{"start":{"line":33,"column":20},"end":{"line":33,"column":69}},"locations":[{"start":{"line":33,"column":20},"end":{"line":33,"column":69}}]},"7":{"type":"branch","line":37,"loc":{"start":{"line":37,"column":21},"end":{"line":37,"column":36}},"locations":[{"start":{"line":37,"column":21},"end":{"line":37,"column":36}}]},"8":{"type":"branch","line":45,"loc":{"start":{"line":45,"column":0},"end":{"line":51,"column":1}},"locations":[{"start":{"line":45,"column":0},"end":{"line":51,"column":1}}]},"9":{"type":"branch","line":48,"loc":{"start":{"line":48,"column":32},"end":{"line":48,"column":47}},"locations":[{"start":{"line":48,"column":32},"end":{"line":48,"column":47}}]},"10":{"type":"branch","line":48,"loc":{"start":{"line":48,"column":39},"end":{"line":49,"column":41}},"locations":[{"start":{"line":48,"column":39},"end":{"line":49,"column":41}}]},"11":{"type":"branch","line":49,"loc":{"start":{"line":49,"column":34},"end":{"line":51,"column":1}},"locations":[{"start":{"line":49,"column":34},"end":{"line":51,"column":1}}]},"12":{"type":"branch","line":53,"loc":{"start":{"line":53,"column":0},"end":{"line":106,"column":1}},"locations":[{"start":{"line":53,"column":0},"end":{"line":106,"column":1}}]},"13":{"type":"branch","line":55,"loc":{"start":{"line":55,"column":22},"end":{"line":56,"column":42}},"locations":[{"start":{"line":55,"column":22},"end":{"line":56,"column":42}}]},"14":{"type":"branch","line":56,"loc":{"start":{"line":56,"column":22},"end":{"line":57,"column":33}},"locations":[{"start":{"line":56,"column":22},"end":{"line":57,"column":33}}]},"15":{"type":"branch","line":61,"loc":{"start":{"line":61,"column":13},"end":{"line":62,"column":15}},"locations":[{"start":{"line":61,"column":13},"end":{"line":62,"column":15}}]},"16":{"type":"branch","line":63,"loc":{"start":{"line":63,"column":35},"end":{"line":64,"column":6}},"locations":[{"start":{"line":63,"column":35},"end":{"line":64,"column":6}}]},"17":{"type":"branch","line":68,"loc":{"start":{"line":68,"column":28},"end":{"line":68,"column":62}},"locations":[{"start":{"line":68,"column":28},"end":{"line":68,"column":62}}]},"18":{"type":"branch","line":68,"loc":{"start":{"line":68,"column":53},"end":{"line":77,"column":9}},"locations":[{"start":{"line":68,"column":53},"end":{"line":77,"column":9}}]},"19":{"type":"branch","line":72,"loc":{"start":{"line":72,"column":36},"end":{"line":75,"column":17}},"locations":[{"start":{"line":72,"column":36},"end":{"line":75,"column":17}}]},"20":{"type":"branch","line":75,"loc":{"start":{"line":75,"column":16},"end":{"line":76,"column":26}},"locations":[{"start":{"line":75,"column":16},"end":{"line":76,"column":26}}]},"21":{"type":"branch","line":77,"loc":{"start":{"line":77,"column":8},"end":{"line":78,"column":18}},"locations":[{"start":{"line":77,"column":8},"end":{"line":78,"column":18}}]},"22":{"type":"branch","line":85,"loc":{"start":{"line":85,"column":24},"end":{"line":93,"column":9}},"locations":[{"start":{"line":85,"column":24},"end":{"line":93,"column":9}}]},"23":{"type":"branch","line":88,"loc":{"start":{"line":88,"column":25},"end":{"line":88,"column":40}},"locations":[{"start":{"line":88,"column":25},"end":{"line":88,"column":40}}]},"24":{"type":"branch","line":93,"loc":{"start":{"line":93,"column":2},"end":{"line":97,"column":3}},"locations":[{"start":{"line":93,"column":2},"end":{"line":97,"column":3}}]},"25":{"type":"branch","line":62,"loc":{"start":{"line":62,"column":15},"end":{"line":62,"column":43}},"locations":[{"start":{"line":62,"column":15},"end":{"line":62,"column":43}}]},"26":{"type":"branch","line":63,"loc":{"start":{"line":63,"column":11},"end":{"line":63,"column":35}},"locations":[{"start":{"line":63,"column":11},"end":{"line":63,"column":35}}]},"27":{"type":"branch","line":65,"loc":{"start":{"line":65,"column":8},"end":{"line":65,"column":30}},"locations":[{"start":{"line":65,"column":8},"end":{"line":65,"column":30}}]},"28":{"type":"branch","line":88,"loc":{"start":{"line":88,"column":44},"end":{"line":90,"column":8}},"locations":[{"start":{"line":88,"column":44},"end":{"line":90,"column":8}}]},"29":{"type":"branch","line":108,"loc":{"start":{"line":108,"column":0},"end":{"line":167,"column":1}},"locations":[{"start":{"line":108,"column":0},"end":{"line":167,"column":1}}]},"30":{"type":"branch","line":111,"loc":{"start":{"line":111,"column":24},"end":{"line":111,"column":47}},"locations":[{"start":{"line":111,"column":24},"end":{"line":111,"column":47}}]},"31":{"type":"branch","line":112,"loc":{"start":{"line":112,"column":17},"end":{"line":114,"column":3}},"locations":[{"start":{"line":112,"column":17},"end":{"line":114,"column":3}}]},"32":{"type":"branch","line":114,"loc":{"start":{"line":114,"column":2},"end":{"line":117,"column":25}},"locations":[{"start":{"line":114,"column":2},"end":{"line":117,"column":25}}]},"33":{"type":"branch","line":117,"loc":{"start":{"line":117,"column":16},"end":{"line":117,"column":45}},"locations":[{"start":{"line":117,"column":16},"end":{"line":117,"column":45}}]},"34":{"type":"branch","line":118,"loc":{"start":{"line":118,"column":22},"end":{"line":118,"column":47}},"locations":[{"start":{"line":118,"column":22},"end":{"line":118,"column":47}}]},"35":{"type":"branch","line":119,"loc":{"start":{"line":119,"column":23},"end":{"line":119,"column":41}},"locations":[{"start":{"line":119,"column":23},"end":{"line":119,"column":41}}]},"36":{"type":"branch","line":120,"loc":{"start":{"line":120,"column":21},"end":{"line":120,"column":44}},"locations":[{"start":{"line":120,"column":21},"end":{"line":120,"column":44}}]},"37":{"type":"branch","line":120,"loc":{"start":{"line":120,"column":30},"end":{"line":120,"column":54}},"locations":[{"start":{"line":120,"column":30},"end":{"line":120,"column":54}}]},"38":{"type":"branch","line":124,"loc":{"start":{"line":124,"column":27},"end":{"line":124,"column":63}},"locations":[{"start":{"line":124,"column":27},"end":{"line":124,"column":63}}]},"39":{"type":"branch","line":124,"loc":{"start":{"line":124,"column":52},"end":{"line":124,"column":66}},"locations":[{"start":{"line":124,"column":52},"end":{"line":124,"column":66}}]},"40":{"type":"branch","line":131,"loc":{"start":{"line":131,"column":31},"end":{"line":158,"column":29}},"locations":[{"start":{"line":131,"column":31},"end":{"line":158,"column":29}}]},"41":{"type":"branch","line":133,"loc":{"start":{"line":133,"column":29},"end":{"line":135,"column":15}},"locations":[{"start":{"line":133,"column":29},"end":{"line":135,"column":15}}]},"42":{"type":"branch","line":135,"loc":{"start":{"line":135,"column":4},"end":{"line":139,"column":5}},"locations":[{"start":{"line":135,"column":4},"end":{"line":139,"column":5}}]},"43":{"type":"branch","line":135,"loc":{"start":{"line":135,"column":37},"end":{"line":137,"column":11}},"locations":[{"start":{"line":135,"column":37},"end":{"line":137,"column":11}}]},"44":{"type":"branch","line":137,"loc":{"start":{"line":137,"column":4},"end":{"line":139,"column":5}},"locations":[{"start":{"line":137,"column":4},"end":{"line":139,"column":5}}]},"45":{"type":"branch","line":141,"loc":{"start":{"line":141,"column":59},"end":{"line":141,"column":73}},"locations":[{"start":{"line":141,"column":59},"end":{"line":141,"column":73}}]},"46":{"type":"branch","line":151,"loc":{"start":{"line":151,"column":28},"end":{"line":153,"column":5}},"locations":[{"start":{"line":151,"column":28},"end":{"line":153,"column":5}}]},"47":{"type":"branch","line":158,"loc":{"start":{"line":158,"column":29},"end":{"line":164,"column":3}},"locations":[{"start":{"line":158,"column":29},"end":{"line":164,"column":3}}]},"48":{"type":"branch","line":159,"loc":{"start":{"line":159,"column":38},"end":{"line":159,"column":64}},"locations":[{"start":{"line":159,"column":38},"end":{"line":159,"column":64}}]},"49":{"type":"branch","line":159,"loc":{"start":{"line":159,"column":50},"end":{"line":159,"column":77}},"locations":[{"start":{"line":159,"column":50},"end":{"line":159,"column":77}}]},"50":{"type":"branch","line":160,"loc":{"start":{"line":160,"column":28},"end":{"line":162,"column":5}},"locations":[{"start":{"line":160,"column":28},"end":{"line":162,"column":5}}]},"51":{"type":"branch","line":164,"loc":{"start":{"line":164,"column":2},"end":{"line":167,"column":1}},"locations":[{"start":{"line":164,"column":2},"end":{"line":167,"column":1}}]},"52":{"type":"branch","line":127,"loc":{"start":{"line":127,"column":11},"end":{"line":127,"column":35}},"locations":[{"start":{"line":127,"column":11},"end":{"line":127,"column":35}}]},"53":{"type":"branch","line":128,"loc":{"start":{"line":128,"column":14},"end":{"line":128,"column":49}},"locations":[{"start":{"line":128,"column":14},"end":{"line":128,"column":49}}]},"54":{"type":"branch","line":142,"loc":{"start":{"line":142,"column":11},"end":{"line":142,"column":35}},"locations":[{"start":{"line":142,"column":11},"end":{"line":142,"column":35}}]},"55":{"type":"branch","line":143,"loc":{"start":{"line":143,"column":14},"end":{"line":143,"column":49}},"locations":[{"start":{"line":143,"column":14},"end":{"line":143,"column":49}}]},"56":{"type":"branch","line":144,"loc":{"start":{"line":144,"column":11},"end":{"line":147,"column":8}},"locations":[{"start":{"line":144,"column":11},"end":{"line":147,"column":8}}]},"57":{"type":"branch","line":146,"loc":{"start":{"line":146,"column":38},"end":{"line":146,"column":53}},"locations":[{"start":{"line":146,"column":38},"end":{"line":146,"column":53}}]},"58":{"type":"branch","line":169,"loc":{"start":{"line":169,"column":0},"end":{"line":172,"column":1}},"locations":[{"start":{"line":169,"column":0},"end":{"line":172,"column":1}}]},"59":{"type":"branch","line":174,"loc":{"start":{"line":174,"column":0},"end":{"line":177,"column":1}},"locations":[{"start":{"line":174,"column":0},"end":{"line":177,"column":1}}]},"60":{"type":"branch","line":179,"loc":{"start":{"line":179,"column":0},"end":{"line":227,"column":1}},"locations":[{"start":{"line":179,"column":0},"end":{"line":227,"column":1}}]},"61":{"type":"branch","line":185,"loc":{"start":{"line":185,"column":26},"end":{"line":185,"column":41}},"locations":[{"start":{"line":185,"column":26},"end":{"line":185,"column":41}}]},"62":{"type":"branch","line":197,"loc":{"start":{"line":197,"column":25},"end":{"line":208,"column":5}},"locations":[{"start":{"line":197,"column":25},"end":{"line":208,"column":5}}]},"63":{"type":"branch","line":204,"loc":{"start":{"line":204,"column":37},"end":{"line":204,"column":51}},"locations":[{"start":{"line":204,"column":37},"end":{"line":204,"column":51}}]},"64":{"type":"branch","line":207,"loc":{"start":{"line":207,"column":27},"end":{"line":207,"column":53}},"locations":[{"start":{"line":207,"column":27},"end":{"line":207,"column":53}}]},"65":{"type":"branch","line":207,"loc":{"start":{"line":207,"column":49},"end":{"line":207,"column":63}},"locations":[{"start":{"line":207,"column":49},"end":{"line":207,"column":63}}]},"66":{"type":"branch","line":210,"loc":{"start":{"line":210,"column":42},"end":{"line":211,"column":11}},"locations":[{"start":{"line":210,"column":42},"end":{"line":211,"column":11}}]},"67":{"type":"branch","line":211,"loc":{"start":{"line":211,"column":2},"end":{"line":226,"column":3}},"locations":[{"start":{"line":211,"column":2},"end":{"line":226,"column":3}}]},"68":{"type":"branch","line":218,"loc":{"start":{"line":218,"column":55},"end":{"line":226,"column":3}},"locations":[{"start":{"line":218,"column":55},"end":{"line":226,"column":3}}]},"69":{"type":"branch","line":229,"loc":{"start":{"line":229,"column":0},"end":{"line":246,"column":1}},"locations":[{"start":{"line":229,"column":0},"end":{"line":246,"column":1}}]},"70":{"type":"branch","line":236,"loc":{"start":{"line":236,"column":25},"end":{"line":243,"column":3}},"locations":[{"start":{"line":236,"column":25},"end":{"line":243,"column":3}}]},"71":{"type":"branch","line":248,"loc":{"start":{"line":248,"column":0},"end":{"line":269,"column":1}},"locations":[{"start":{"line":248,"column":0},"end":{"line":269,"column":1}}]},"72":{"type":"branch","line":255,"loc":{"start":{"line":255,"column":26},"end":{"line":255,"column":38}},"locations":[{"start":{"line":255,"column":26},"end":{"line":255,"column":38}}]},"73":{"type":"branch","line":261,"loc":{"start":{"line":261,"column":16},"end":{"line":261,"column":31}},"locations":[{"start":{"line":261,"column":16},"end":{"line":261,"column":31}}]},"74":{"type":"branch","line":261,"loc":{"start":{"line":261,"column":22},"end":{"line":261,"column":47}},"locations":[{"start":{"line":261,"column":22},"end":{"line":261,"column":47}}]},"75":{"type":"branch","line":262,"loc":{"start":{"line":262,"column":22},"end":{"line":262,"column":43}},"locations":[{"start":{"line":262,"column":22},"end":{"line":262,"column":43}}]},"76":{"type":"branch","line":262,"loc":{"start":{"line":262,"column":28},"end":{"line":262,"column":53}},"locations":[{"start":{"line":262,"column":28},"end":{"line":262,"column":53}}]},"77":{"type":"branch","line":263,"loc":{"start":{"line":263,"column":17},"end":{"line":263,"column":51}},"locations":[{"start":{"line":263,"column":17},"end":{"line":263,"column":51}}]},"78":{"type":"branch","line":263,"loc":{"start":{"line":263,"column":41},"end":{"line":263,"column":56}},"locations":[{"start":{"line":263,"column":41},"end":{"line":263,"column":56}}]},"79":{"type":"branch","line":265,"loc":{"start":{"line":265,"column":11},"end":{"line":265,"column":41}},"locations":[{"start":{"line":265,"column":11},"end":{"line":265,"column":41}}]},"80":{"type":"branch","line":256,"loc":{"start":{"line":256,"column":9},"end":{"line":256,"column":48}},"locations":[{"start":{"line":256,"column":9},"end":{"line":256,"column":48}}]},"81":{"type":"branch","line":257,"loc":{"start":{"line":257,"column":12},"end":{"line":257,"column":69}},"locations":[{"start":{"line":257,"column":12},"end":{"line":257,"column":69}}]},"82":{"type":"branch","line":271,"loc":{"start":{"line":271,"column":0},"end":{"line":314,"column":1}},"locations":[{"start":{"line":271,"column":0},"end":{"line":314,"column":1}}]},"83":{"type":"branch","line":286,"loc":{"start":{"line":286,"column":15},"end":{"line":288,"column":3}},"locations":[{"start":{"line":286,"column":15},"end":{"line":288,"column":3}}]},"84":{"type":"branch","line":288,"loc":{"start":{"line":288,"column":2},"end":{"line":306,"column":59}},"locations":[{"start":{"line":288,"column":2},"end":{"line":306,"column":59}}]},"85":{"type":"branch","line":306,"loc":{"start":{"line":306,"column":50},"end":{"line":306,"column":67}},"locations":[{"start":{"line":306,"column":50},"end":{"line":306,"column":67}}]},"86":{"type":"branch","line":306,"loc":{"start":{"line":306,"column":67},"end":{"line":312,"column":47}},"locations":[{"start":{"line":306,"column":67},"end":{"line":312,"column":47}}]},"87":{"type":"branch","line":312,"loc":{"start":{"line":312,"column":31},"end":{"line":312,"column":57}},"locations":[{"start":{"line":312,"column":31},"end":{"line":312,"column":57}}]},"88":{"type":"branch","line":316,"loc":{"start":{"line":316,"column":0},"end":{"line":370,"column":1}},"locations":[{"start":{"line":316,"column":0},"end":{"line":370,"column":1}}]},"89":{"type":"branch","line":323,"loc":{"start":{"line":323,"column":38},"end":{"line":323,"column":55}},"locations":[{"start":{"line":323,"column":38},"end":{"line":323,"column":55}}]},"90":{"type":"branch","line":323,"loc":{"start":{"line":323,"column":45},"end":{"line":323,"column":57}},"locations":[{"start":{"line":323,"column":45},"end":{"line":323,"column":57}}]},"91":{"type":"branch","line":362,"loc":{"start":{"line":362,"column":48},"end":{"line":368,"column":47}},"locations":[{"start":{"line":362,"column":48},"end":{"line":368,"column":47}}]},"92":{"type":"branch","line":368,"loc":{"start":{"line":368,"column":31},"end":{"line":368,"column":57}},"locations":[{"start":{"line":368,"column":31},"end":{"line":368,"column":57}}]},"93":{"type":"branch","line":348,"loc":{"start":{"line":348,"column":25},"end":{"line":355,"column":3}},"locations":[{"start":{"line":348,"column":25},"end":{"line":355,"column":3}}]}},"b":{"0":[11],"1":[1],"2":[10],"3":[1],"4":[9],"5":[17],"6":[14],"7":[3],"8":[14],"9":[12],"10":[2],"11":[1],"12":[18],"13":[6],"14":[5],"15":[13],"16":[5],"17":[7],"18":[12],"19":[11],"20":[1],"21":[6],"22":[14],"23":[1],"24":[4],"25":[26],"26":[11],"27":[11],"28":[26],"29":[9],"30":[8],"31":[1],"32":[8],"33":[1],"34":[7],"35":[6],"36":[2],"37":[7],"38":[2],"39":[6],"40":[4],"41":[1],"42":[3],"43":[1],"44":[2],"45":[1],"46":[1],"47":[3],"48":[1],"49":[2],"50":[1],"51":[1],"52":[2],"53":[2],"54":[6],"55":[6],"56":[6],"57":[5],"58":[29],"59":[17],"60":[17],"61":[4],"62":[3],"63":[1],"64":[1],"65":[2],"66":[15],"67":[2],"68":[1],"69":[13],"70":[14],"71":[11],"72":[1],"73":[10],"74":[1],"75":[10],"76":[10],"77":[5],"78":[6],"79":[5],"80":[9],"81":[9],"82":[14],"83":[1],"84":[13],"85":[4],"86":[13],"87":[1],"88":[4],"89":[3],"90":[1],"91":[3],"92":[1],"93":[4]},"fnMap":{"0":{"name":"emailCollectionTypeFromApi","decl":{"start":{"line":21,"column":0},"end":{"line":27,"column":1}},"loc":{"start":{"line":21,"column":0},"end":{"line":27,"column":1}},"line":21},"1":{"name":"buildSettings","decl":{"start":{"line":29,"column":0},"end":{"line":43,"column":1}},"loc":{"start":{"line":29,"column":0},"end":{"line":43,"column":1}},"line":29},"2":{"name":"questionTypeToGoogleType","decl":{"start":{"line":45,"column":0},"end":{"line":51,"column":1}},"loc":{"start":{"line":45,"column":0},"end":{"line":51,"column":1}},"line":45},"3":{"name":"mapQuestionToGoogleItem","decl":{"start":{"line":53,"column":0},"end":{"line":106,"column":1}},"loc":{"start":{"line":53,"column":0},"end":{"line":106,"column":1}},"line":53},"4":{"name":"mapGoogleItemToQuestion","decl":{"start":{"line":108,"column":0},"end":{"line":167,"column":1}},"loc":{"start":{"line":108,"column":0},"end":{"line":167,"column":1}},"line":108},"5":{"name":"getFormsClient","decl":{"start":{"line":169,"column":0},"end":{"line":172,"column":1}},"loc":{"start":{"line":169,"column":0},"end":{"line":172,"column":1}},"line":169},"6":{"name":"getDriveClient","decl":{"start":{"line":174,"column":0},"end":{"line":177,"column":1}},"loc":{"start":{"line":174,"column":0},"end":{"line":177,"column":1}},"line":174},"7":{"name":"syncDriveFileMetadata","decl":{"start":{"line":179,"column":0},"end":{"line":227,"column":1}},"loc":{"start":{"line":179,"column":0},"end":{"line":227,"column":1}},"line":179},"8":{"name":"buildCreateRequests","decl":{"start":{"line":229,"column":0},"end":{"line":246,"column":1}},"loc":{"start":{"line":229,"column":0},"end":{"line":246,"column":1}},"line":229},"9":{"name":"downloadFormAsQuizFile","decl":{"start":{"line":248,"column":0},"end":{"line":269,"column":1}},"loc":{"start":{"line":248,"column":0},"end":{"line":269,"column":1}},"line":248},"10":{"name":"createGoogleFormFromQuiz","decl":{"start":{"line":271,"column":0},"end":{"line":314,"column":1}},"loc":{"start":{"line":271,"column":0},"end":{"line":314,"column":1}},"line":271},"11":{"name":"updateGoogleFormFromQuiz","decl":{"start":{"line":316,"column":0},"end":{"line":370,"column":1}},"loc":{"start":{"line":316,"column":0},"end":{"line":370,"column":1}},"line":316}},"f":{"0":11,"1":17,"2":14,"3":18,"4":9,"5":29,"6":17,"7":17,"8":13,"9":11,"10":14,"11":4}}
,"/Users/ab1258/Documents/education_automation/google-forms-quiz-generator/src/lib/quiz-file.ts": {"path":"/Users/ab1258/Documents/education_automation/google-forms-quiz-generator/src/lib/quiz-file.ts","all":false,"statementMap":{"0":{"start":{"line":1,"column":0},"end":{"line":1,"column":34}},"6":{"start":{"line":7,"column":0},"end":{"line":7,"column":69}},"7":{"start":{"line":8,"column":0},"end":{"line":8,"column":46}},"8":{"start":{"line":9,"column":0},"end":{"line":9,"column":32}},"9":{"start":{"line":10,"column":0},"end":{"line":10,"column":34}},"10":{"start":{"line":11,"column":0},"end":{"line":11,"column":1}},"12":{"start":{"line":13,"column":0},"end":{"line":13,"column":36}},"13":{"start":{"line":14,"column":0},"end":{"line":14,"column":19}},"14":{"start":{"line":15,"column":0},"end":{"line":15,"column":17}},"15":{"start":{"line":16,"column":0},"end":{"line":16,"column":18}},"16":{"start":{"line":17,"column":0},"end":{"line":17,"column":34}},"17":{"start":{"line":18,"column":0},"end":{"line":18,"column":17}},"18":{"start":{"line":19,"column":0},"end":{"line":19,"column":19}},"19":{"start":{"line":20,"column":0},"end":{"line":20,"column":20}},"20":{"start":{"line":21,"column":0},"end":{"line":21,"column":5}},"22":{"start":{"line":23,"column":0},"end":{"line":23,"column":62}},"23":{"start":{"line":24,"column":0},"end":{"line":24,"column":47}},"24":{"start":{"line":25,"column":0},"end":{"line":25,"column":1}},"26":{"start":{"line":27,"column":0},"end":{"line":27,"column":51}},"27":{"start":{"line":28,"column":0},"end":{"line":28,"column":10}},"28":{"start":{"line":29,"column":0},"end":{"line":29,"column":15}},"29":{"start":{"line":30,"column":0},"end":{"line":30,"column":25}},"30":{"start":{"line":31,"column":0},"end":{"line":31,"column":65}},"31":{"start":{"line":32,"column":0},"end":{"line":32,"column":17}},"32":{"start":{"line":33,"column":0},"end":{"line":33,"column":32}},"33":{"start":{"line":34,"column":0},"end":{"line":34,"column":16}},"34":{"start":{"line":35,"column":0},"end":{"line":35,"column":7}},"35":{"start":{"line":36,"column":0},"end":{"line":36,"column":32}},"36":{"start":{"line":37,"column":0},"end":{"line":37,"column":30}},"37":{"start":{"line":38,"column":0},"end":{"line":38,"column":23}},"38":{"start":{"line":39,"column":0},"end":{"line":39,"column":18}},"39":{"start":{"line":40,"column":0},"end":{"line":40,"column":18}},"40":{"start":{"line":41,"column":0},"end":{"line":41,"column":25}},"41":{"start":{"line":42,"column":0},"end":{"line":42,"column":42}},"42":{"start":{"line":43,"column":0},"end":{"line":43,"column":25}},"43":{"start":{"line":44,"column":0},"end":{"line":44,"column":10}},"44":{"start":{"line":45,"column":0},"end":{"line":45,"column":8}},"45":{"start":{"line":46,"column":0},"end":{"line":46,"column":7}},"46":{"start":{"line":47,"column":0},"end":{"line":47,"column":43}},"47":{"start":{"line":48,"column":0},"end":{"line":48,"column":32}},"48":{"start":{"line":49,"column":0},"end":{"line":49,"column":18}},"49":{"start":{"line":50,"column":0},"end":{"line":50,"column":18}},"50":{"start":{"line":51,"column":0},"end":{"line":51,"column":42}},"51":{"start":{"line":52,"column":0},"end":{"line":52,"column":42}},"52":{"start":{"line":53,"column":0},"end":{"line":53,"column":25}},"53":{"start":{"line":54,"column":0},"end":{"line":54,"column":42}},"54":{"start":{"line":55,"column":0},"end":{"line":55,"column":10}},"55":{"start":{"line":56,"column":0},"end":{"line":56,"column":8}},"56":{"start":{"line":57,"column":0},"end":{"line":57,"column":7}},"57":{"start":{"line":58,"column":0},"end":{"line":58,"column":53}},"58":{"start":{"line":59,"column":0},"end":{"line":59,"column":25}},"59":{"start":{"line":60,"column":0},"end":{"line":60,"column":18}},"60":{"start":{"line":61,"column":0},"end":{"line":61,"column":28}},"61":{"start":{"line":62,"column":0},"end":{"line":62,"column":51}},"62":{"start":{"line":63,"column":0},"end":{"line":63,"column":25}},"63":{"start":{"line":64,"column":0},"end":{"line":64,"column":10}},"64":{"start":{"line":65,"column":0},"end":{"line":65,"column":8}},"65":{"start":{"line":66,"column":0},"end":{"line":66,"column":7}},"66":{"start":{"line":67,"column":0},"end":{"line":67,"column":58}},"67":{"start":{"line":68,"column":0},"end":{"line":68,"column":27}},"68":{"start":{"line":69,"column":0},"end":{"line":69,"column":36}},"69":{"start":{"line":70,"column":0},"end":{"line":70,"column":8}},"70":{"start":{"line":71,"column":0},"end":{"line":71,"column":7}},"71":{"start":{"line":72,"column":0},"end":{"line":72,"column":59}},"72":{"start":{"line":73,"column":0},"end":{"line":73,"column":26}},"73":{"start":{"line":74,"column":0},"end":{"line":74,"column":8}},"74":{"start":{"line":75,"column":0},"end":{"line":75,"column":6}},"75":{"start":{"line":76,"column":0},"end":{"line":76,"column":4}},"76":{"start":{"line":77,"column":0},"end":{"line":77,"column":1}}},"s":{"0":1,"6":2,"7":2,"8":2,"9":2,"10":2,"12":2,"13":2,"14":2,"15":2,"16":2,"17":2,"18":2,"19":2,"20":2,"22":2,"23":2,"24":2,"26":1,"27":3,"28":3,"29":3,"30":3,"31":3,"32":3,"33":3,"34":3,"35":3,"36":3,"37":3,"38":3,"39":3,"40":3,"41":3,"42":3,"43":3,"44":3,"45":3,"46":3,"47":3,"48":3,"49":3,"50":3,"51":3,"52":3,"53":3,"54":3,"55":3,"56":3,"57":3,"58":3,"59":3,"60":3,"61":3,"62":3,"63":3,"64":3,"65":3,"66":3,"67":3,"68":3,"69":3,"70":3,"71":3,"72":3,"73":3,"74":3,"75":3,"76":3},"branchMap":{"0":{"type":"branch","line":7,"loc":{"start":{"line":7,"column":0},"end":{"line":11,"column":1}},"locations":[{"start":{"line":7,"column":0},"end":{"line":11,"column":1}}]},"1":{"type":"branch","line":13,"loc":{"start":{"line":13,"column":0},"end":{"line":25,"column":1}},"locations":[{"start":{"line":13,"column":0},"end":{"line":25,"column":1}}]},"2":{"type":"branch","line":27,"loc":{"start":{"line":27,"column":7},"end":{"line":77,"column":1}},"locations":[{"start":{"line":27,"column":7},"end":{"line":77,"column":1}}]}},"b":{"0":[2],"1":[2],"2":[3]},"fnMap":{"0":{"name":"readQuizFile","decl":{"start":{"line":7,"column":0},"end":{"line":11,"column":1}},"loc":{"start":{"line":7,"column":0},"end":{"line":11,"column":1}},"line":7},"1":{"name":"writeQuizFile","decl":{"start":{"line":13,"column":0},"end":{"line":25,"column":1}},"loc":{"start":{"line":13,"column":0},"end":{"line":25,"column":1}},"line":13},"2":{"name":"buildTemplateQuizFile","decl":{"start":{"line":27,"column":7},"end":{"line":77,"column":1}},"loc":{"start":{"line":27,"column":7},"end":{"line":77,"column":1}},"line":27}},"f":{"0":2,"1":2,"2":3}}
,"/Users/ab1258/Documents/education_automation/google-forms-quiz-generator/src/lib/types.ts": {"path":"/Users/ab1258/Documents/education_automation/google-forms-quiz-generator/src/lib/types.ts","all":false,"statementMap":{"33":{"start":{"line":34,"column":0},"end":{"line":34,"column":52}},"34":{"start":{"line":35,"column":0},"end":{"line":35,"column":18}},"35":{"start":{"line":36,"column":0},"end":{"line":36,"column":20}},"36":{"start":{"line":37,"column":0},"end":{"line":37,"column":13}},"37":{"start":{"line":38,"column":0},"end":{"line":38,"column":15}},"38":{"start":{"line":39,"column":0},"end":{"line":39,"column":14}},"39":{"start":{"line":40,"column":0},"end":{"line":40,"column":2}},"41":{"start":{"line":42,"column":0},"end":{"line":42,"column":72}},"42":{"start":{"line":43,"column":0},"end":{"line":43,"column":13}},"43":{"start":{"line":44,"column":0},"end":{"line":44,"column":20}},"44":{"start":{"line":45,"column":0},"end":{"line":45,"column":9}},"45":{"start":{"line":46,"column":0},"end":{"line":46,"column":2}},"47":{"start":{"line":48,"column":0},"end":{"line":48,"column":77}}},"s":{"33":1,"34":1,"35":1,"36":1,"37":1,"38":1,"39":1,"41":1,"42":1,"43":1,"44":1,"45":1,"47":1},"branchMap":{},"b":{},"fnMap":{},"f":{}}
,"/Users/ab1258/Documents/education_automation/google-forms-quiz-generator/src/lib/validation.ts": {"path":"/Users/ab1258/Documents/education_automation/google-forms-quiz-generator/src/lib/validation.ts","all":false,"statementMap":{"0":{"start":{"line":1,"column":0},"end":{"line":1,"column":8}},"8":{"start":{"line":9,"column":0},"end":{"line":9,"column":66}},"9":{"start":{"line":10,"column":0},"end":{"line":10,"column":63}},"10":{"start":{"line":11,"column":0},"end":{"line":11,"column":72}},"11":{"start":{"line":12,"column":0},"end":{"line":12,"column":3}},"12":{"start":{"line":13,"column":0},"end":{"line":13,"column":22}},"13":{"start":{"line":14,"column":0},"end":{"line":14,"column":1}},"15":{"start":{"line":16,"column":0},"end":{"line":16,"column":80}},"16":{"start":{"line":17,"column":0},"end":{"line":17,"column":38}},"18":{"start":{"line":19,"column":0},"end":{"line":19,"column":66}},"20":{"start":{"line":21,"column":0},"end":{"line":21,"column":49}},"21":{"start":{"line":22,"column":0},"end":{"line":22,"column":20}},"22":{"start":{"line":23,"column":0},"end":{"line":23,"column":78}},"23":{"start":{"line":24,"column":0},"end":{"line":24,"column":6}},"24":{"start":{"line":25,"column":0},"end":{"line":25,"column":3}},"26":{"start":{"line":27,"column":0},"end":{"line":27,"column":43}},"27":{"start":{"line":28,"column":0},"end":{"line":28,"column":40}},"28":{"start":{"line":29,"column":0},"end":{"line":29,"column":27}},"29":{"start":{"line":30,"column":0},"end":{"line":30,"column":29}},"30":{"start":{"line":31,"column":0},"end":{"line":31,"column":6}},"31":{"start":{"line":32,"column":0},"end":{"line":32,"column":3}},"33":{"start":{"line":34,"column":0},"end":{"line":34,"column":38}},"34":{"start":{"line":35,"column":0},"end":{"line":35,"column":67}},"35":{"start":{"line":36,"column":0},"end":{"line":36,"column":22}},"36":{"start":{"line":37,"column":0},"end":{"line":37,"column":67}},"37":{"start":{"line":38,"column":0},"end":{"line":38,"column":8}},"38":{"start":{"line":39,"column":0},"end":{"line":39,"column":5}},"39":{"start":{"line":40,"column":0},"end":{"line":40,"column":3}},"41":{"start":{"line":42,"column":0},"end":{"line":42,"column":26}},"42":{"start":{"line":43,"column":0},"end":{"line":43,"column":40}},"43":{"start":{"line":44,"column":0},"end":{"line":44,"column":42}},"44":{"start":{"line":45,"column":0},"end":{"line":45,"column":33}},"46":{"start":{"line":47,"column":0},"end":{"line":47,"column":25}},"47":{"start":{"line":48,"column":0},"end":{"line":48,"column":74}},"48":{"start":{"line":49,"column":0},"end":{"line":49,"column":22}},"49":{"start":{"line":50,"column":0},"end":{"line":50,"column":81}},"50":{"start":{"line":51,"column":0},"end":{"line":51,"column":8}},"51":{"start":{"line":52,"column":0},"end":{"line":52,"column":5}},"53":{"start":{"line":54,"column":0},"end":{"line":54,"column":71}},"54":{"start":{"line":55,"column":0},"end":{"line":55,"column":26}},"55":{"start":{"line":56,"column":0},"end":{"line":56,"column":21}},"56":{"start":{"line":57,"column":0},"end":{"line":57,"column":49}},"57":{"start":{"line":58,"column":0},"end":{"line":58,"column":8}},"58":{"start":{"line":59,"column":0},"end":{"line":59,"column":34}},"59":{"start":{"line":60,"column":0},"end":{"line":60,"column":8}},"61":{"start":{"line":62,"column":0},"end":{"line":62,"column":48}},"62":{"start":{"line":63,"column":0},"end":{"line":63,"column":52}},"63":{"start":{"line":64,"column":0},"end":{"line":64,"column":24}},"64":{"start":{"line":65,"column":0},"end":{"line":65,"column":70}},"65":{"start":{"line":66,"column":0},"end":{"line":66,"column":10}},"66":{"start":{"line":67,"column":0},"end":{"line":67,"column":7}},"68":{"start":{"line":69,"column":0},"end":{"line":69,"column":60}},"69":{"start":{"line":70,"column":0},"end":{"line":70,"column":32}},"70":{"start":{"line":71,"column":0},"end":{"line":71,"column":74}},"71":{"start":{"line":72,"column":0},"end":{"line":72,"column":8}},"72":{"start":{"line":73,"column":0},"end":{"line":73,"column":5}},"73":{"start":{"line":74,"column":0},"end":{"line":74,"column":10}},"74":{"start":{"line":75,"column":0},"end":{"line":75,"column":41}},"75":{"start":{"line":76,"column":0},"end":{"line":76,"column":22}},"76":{"start":{"line":77,"column":0},"end":{"line":77,"column":68}},"77":{"start":{"line":78,"column":0},"end":{"line":78,"column":8}},"78":{"start":{"line":79,"column":0},"end":{"line":79,"column":5}},"80":{"start":{"line":81,"column":0},"end":{"line":81,"column":48}},"81":{"start":{"line":82,"column":0},"end":{"line":82,"column":52}},"82":{"start":{"line":83,"column":0},"end":{"line":83,"column":24}},"83":{"start":{"line":84,"column":0},"end":{"line":84,"column":70}},"84":{"start":{"line":85,"column":0},"end":{"line":85,"column":10}},"85":{"start":{"line":86,"column":0},"end":{"line":86,"column":7}},"87":{"start":{"line":88,"column":0},"end":{"line":88,"column":60}},"88":{"start":{"line":89,"column":0},"end":{"line":89,"column":32}},"89":{"start":{"line":90,"column":0},"end":{"line":90,"column":74}},"90":{"start":{"line":91,"column":0},"end":{"line":91,"column":8}},"91":{"start":{"line":92,"column":0},"end":{"line":92,"column":5}},"92":{"start":{"line":93,"column":0},"end":{"line":93,"column":3}},"94":{"start":{"line":95,"column":0},"end":{"line":95,"column":18}},"95":{"start":{"line":96,"column":0},"end":{"line":96,"column":1}},"97":{"start":{"line":98,"column":0},"end":{"line":98,"column":58}},"98":{"start":{"line":99,"column":0},"end":{"line":99,"column":48}},"99":{"start":{"line":100,"column":0},"end":{"line":100,"column":76}},"100":{"start":{"line":101,"column":0},"end":{"line":101,"column":3}},"102":{"start":{"line":103,"column":0},"end":{"line":103,"column":31}},"104":{"start":{"line":105,"column":0},"end":{"line":105,"column":27}},"105":{"start":{"line":106,"column":0},"end":{"line":106,"column":61}},"106":{"start":{"line":107,"column":0},"end":{"line":107,"column":3}},"108":{"start":{"line":109,"column":0},"end":{"line":109,"column":49}},"110":{"start":{"line":111,"column":0},"end":{"line":111,"column":39}},"111":{"start":{"line":112,"column":0},"end":{"line":112,"column":69}},"112":{"start":{"line":113,"column":0},"end":{"line":113,"column":3}},"114":{"start":{"line":115,"column":0},"end":{"line":115,"column":70}},"115":{"start":{"line":116,"column":0},"end":{"line":116,"column":70}},"116":{"start":{"line":117,"column":0},"end":{"line":117,"column":3}},"118":{"start":{"line":119,"column":0},"end":{"line":119,"column":58}},"119":{"start":{"line":120,"column":0},"end":{"line":120,"column":38}},"120":{"start":{"line":121,"column":0},"end":{"line":121,"column":4}},"122":{"start":{"line":123,"column":0},"end":{"line":123,"column":34}},"123":{"start":{"line":124,"column":0},"end":{"line":124,"column":23}},"124":{"start":{"line":125,"column":0},"end":{"line":125,"column":3}},"126":{"start":{"line":127,"column":0},"end":{"line":127,"column":43}},"127":{"start":{"line":128,"column":0},"end":{"line":128,"column":57}},"128":{"start":{"line":129,"column":0},"end":{"line":129,"column":80}},"129":{"start":{"line":130,"column":0},"end":{"line":130,"column":20}},"130":{"start":{"line":131,"column":0},"end":{"line":131,"column":97}},"131":{"start":{"line":132,"column":0},"end":{"line":132,"column":6}},"132":{"start":{"line":133,"column":0},"end":{"line":133,"column":3}},"134":{"start":{"line":135,"column":0},"end":{"line":135,"column":14}},"135":{"start":{"line":136,"column":0},"end":{"line":136,"column":1}}},"s":{"0":1,"8":60,"9":60,"10":1,"11":1,"12":59,"13":59,"15":20,"16":20,"18":20,"20":20,"21":1,"22":1,"23":1,"24":1,"26":20,"27":1,"28":1,"29":1,"30":1,"31":1,"33":20,"34":3,"35":1,"36":1,"37":1,"38":1,"39":3,"41":18,"42":18,"43":13,"44":12,"46":20,"47":7,"48":1,"49":1,"50":1,"51":1,"53":6,"54":16,"55":16,"56":16,"57":16,"58":16,"59":6,"61":7,"62":2,"63":1,"64":1,"65":1,"66":1,"68":1,"69":1,"70":2,"71":1,"72":1,"73":20,"74":11,"75":1,"76":1,"77":1,"78":1,"80":11,"81":2,"82":1,"83":1,"84":1,"85":1,"87":1,"88":1,"89":1,"90":1,"91":1,"92":11,"94":14,"95":14,"97":1,"98":20,"99":1,"100":1,"102":19,"104":20,"105":1,"106":1,"108":18,"110":20,"111":2,"112":2,"114":20,"115":1,"116":1,"118":16,"119":20,"120":16,"122":20,"123":9,"124":9,"126":20,"127":5,"128":5,"129":1,"130":1,"131":1,"132":1,"134":9,"135":9},"branchMap":{"0":{"type":"branch","line":9,"loc":{"start":{"line":9,"column":0},"end":{"line":14,"column":1}},"locations":[{"start":{"line":9,"column":0},"end":{"line":14,"column":1}}]},"1":{"type":"branch","line":10,"loc":{"start":{"line":10,"column":62},"end":{"line":12,"column":3}},"locations":[{"start":{"line":10,"column":62},"end":{"line":12,"column":3}}]},"2":{"type":"branch","line":12,"loc":{"start":{"line":12,"column":2},"end":{"line":14,"column":1}},"locations":[{"start":{"line":12,"column":2},"end":{"line":14,"column":1}}]},"3":{"type":"branch","line":16,"loc":{"start":{"line":16,"column":0},"end":{"line":96,"column":1}},"locations":[{"start":{"line":16,"column":0},"end":{"line":96,"column":1}}]},"4":{"type":"branch","line":21,"loc":{"start":{"line":21,"column":48},"end":{"line":25,"column":3}},"locations":[{"start":{"line":21,"column":48},"end":{"line":25,"column":3}}]},"5":{"type":"branch","line":25,"loc":{"start":{"line":25,"column":2},"end":{"line":27,"column":42}},"locations":[{"start":{"line":25,"column":2},"end":{"line":27,"column":42}}]},"6":{"type":"branch","line":27,"loc":{"start":{"line":27,"column":42},"end":{"line":32,"column":3}},"locations":[{"start":{"line":27,"column":42},"end":{"line":32,"column":3}}]},"7":{"type":"branch","line":32,"loc":{"start":{"line":32,"column":2},"end":{"line":34,"column":37}},"locations":[{"start":{"line":32,"column":2},"end":{"line":34,"column":37}}]},"8":{"type":"branch","line":34,"loc":{"start":{"line":34,"column":37},"end":{"line":40,"column":3}},"locations":[{"start":{"line":34,"column":37},"end":{"line":40,"column":3}}]},"9":{"type":"branch","line":35,"loc":{"start":{"line":35,"column":66},"end":{"line":39,"column":5}},"locations":[{"start":{"line":35,"column":66},"end":{"line":39,"column":5}}]},"10":{"type":"branch","line":40,"loc":{"start":{"line":40,"column":2},"end":{"line":43,"column":40}},"locations":[{"start":{"line":40,"column":2},"end":{"line":43,"column":40}}]},"11":{"type":"branch","line":43,"loc":{"start":{"line":43,"column":22},"end":{"line":44,"column":42}},"locations":[{"start":{"line":43,"column":22},"end":{"line":44,"column":42}}]},"12":{"type":"branch","line":44,"loc":{"start":{"line":44,"column":22},"end":{"line":45,"column":33}},"locations":[{"start":{"line":44,"column":22},"end":{"line":45,"column":33}}]},"13":{"type":"branch","line":47,"loc":{"start":{"line":47,"column":24},"end":{"line":74,"column":9}},"locations":[{"start":{"line":47,"column":24},"end":{"line":74,"column":9}}]},"14":{"type":"branch","line":48,"loc":{"start":{"line":48,"column":73},"end":{"line":52,"column":5}},"locations":[{"start":{"line":48,"column":73},"end":{"line":52,"column":5}}]},"15":{"type":"branch","line":52,"loc":{"start":{"line":52,"column":4},"end":{"line":62,"column":47}},"locations":[{"start":{"line":52,"column":4},"end":{"line":62,"column":47}}]},"16":{"type":"branch","line":62,"loc":{"start":{"line":62,"column":47},"end":{"line":73,"column":5}},"locations":[{"start":{"line":62,"column":47},"end":{"line":73,"column":5}}]},"17":{"type":"branch","line":63,"loc":{"start":{"line":63,"column":51},"end":{"line":73,"column":5}},"locations":[{"start":{"line":63,"column":51},"end":{"line":73,"column":5}}]},"18":{"type":"branch","line":74,"loc":{"start":{"line":74,"column":2},"end":{"line":93,"column":3}},"locations":[{"start":{"line":74,"column":2},"end":{"line":93,"column":3}}]},"19":{"type":"branch","line":75,"loc":{"start":{"line":75,"column":40},"end":{"line":79,"column":5}},"locations":[{"start":{"line":75,"column":40},"end":{"line":79,"column":5}}]},"20":{"type":"branch","line":79,"loc":{"start":{"line":79,"column":4},"end":{"line":81,"column":47}},"locations":[{"start":{"line":79,"column":4},"end":{"line":81,"column":47}}]},"21":{"type":"branch","line":81,"loc":{"start":{"line":81,"column":47},"end":{"line":92,"column":5}},"locations":[{"start":{"line":81,"column":47},"end":{"line":92,"column":5}}]},"22":{"type":"branch","line":82,"loc":{"start":{"line":82,"column":51},"end":{"line":92,"column":5}},"locations":[{"start":{"line":82,"column":51},"end":{"line":92,"column":5}}]},"23":{"type":"branch","line":93,"loc":{"start":{"line":93,"column":2},"end":{"line":96,"column":1}},"locations":[{"start":{"line":93,"column":2},"end":{"line":96,"column":1}}]},"24":{"type":"branch","line":54,"loc":{"start":{"line":54,"column":44},"end":{"line":60,"column":6}},"locations":[{"start":{"line":54,"column":44},"end":{"line":60,"column":6}}]},"25":{"type":"branch","line":70,"loc":{"start":{"line":70,"column":8},"end":{"line":71,"column":74}},"locations":[{"start":{"line":70,"column":8},"end":{"line":71,"column":74}}]},"26":{"type":"branch","line":89,"loc":{"start":{"line":89,"column":8},"end":{"line":90,"column":74}},"locations":[{"start":{"line":89,"column":8},"end":{"line":90,"column":74}}]},"27":{"type":"branch","line":98,"loc":{"start":{"line":98,"column":7},"end":{"line":136,"column":1}},"locations":[{"start":{"line":98,"column":7},"end":{"line":136,"column":1}}]},"28":{"type":"branch","line":99,"loc":{"start":{"line":99,"column":47},"end":{"line":101,"column":3}},"locations":[{"start":{"line":99,"column":47},"end":{"line":101,"column":3}}]},"29":{"type":"branch","line":101,"loc":{"start":{"line":101,"column":2},"end":{"line":105,"column":26}},"locations":[{"start":{"line":101,"column":2},"end":{"line":105,"column":26}}]},"30":{"type":"branch","line":105,"loc":{"start":{"line":105,"column":26},"end":{"line":107,"column":3}},"locations":[{"start":{"line":105,"column":26},"end":{"line":107,"column":3}}]},"31":{"type":"branch","line":107,"loc":{"start":{"line":107,"column":2},"end":{"line":111,"column":38}},"locations":[{"start":{"line":107,"column":2},"end":{"line":111,"column":38}}]},"32":{"type":"branch","line":111,"loc":{"start":{"line":111,"column":38},"end":{"line":113,"column":3}},"locations":[{"start":{"line":111,"column":38},"end":{"line":113,"column":3}}]},"33":{"type":"branch","line":113,"loc":{"start":{"line":113,"column":2},"end":{"line":115,"column":69}},"locations":[{"start":{"line":113,"column":2},"end":{"line":115,"column":69}}]},"34":{"type":"branch","line":115,"loc":{"start":{"line":115,"column":69},"end":{"line":117,"column":3}},"locations":[{"start":{"line":115,"column":69},"end":{"line":117,"column":3}}]},"35":{"type":"branch","line":117,"loc":{"start":{"line":117,"column":2},"end":{"line":123,"column":33}},"locations":[{"start":{"line":117,"column":2},"end":{"line":123,"column":33}}]},"36":{"type":"branch","line":123,"loc":{"start":{"line":123,"column":33},"end":{"line":127,"column":42}},"locations":[{"start":{"line":123,"column":33},"end":{"line":127,"column":42}}]},"37":{"type":"branch","line":123,"loc":{"start":{"line":123,"column":33},"end":{"line":125,"column":3}},"locations":[{"start":{"line":123,"column":33},"end":{"line":125,"column":3}}]},"38":{"type":"branch","line":127,"loc":{"start":{"line":127,"column":42},"end":{"line":133,"column":3}},"locations":[{"start":{"line":127,"column":42},"end":{"line":133,"column":3}}]},"39":{"type":"branch","line":129,"loc":{"start":{"line":129,"column":79},"end":{"line":133,"column":3}},"locations":[{"start":{"line":129,"column":79},"end":{"line":133,"column":3}}]},"40":{"type":"branch","line":133,"loc":{"start":{"line":133,"column":2},"end":{"line":136,"column":1}},"locations":[{"start":{"line":133,"column":2},"end":{"line":136,"column":1}}]},"41":{"type":"branch","line":119,"loc":{"start":{"line":119,"column":38},"end":{"line":120,"column":38}},"locations":[{"start":{"line":119,"column":38},"end":{"line":120,"column":38}}]}},"b":{"0":[60],"1":[1],"2":[59],"3":[20],"4":[1],"5":[19],"6":[1],"7":[19],"8":[3],"9":[1],"10":[18],"11":[13],"12":[12],"13":[7],"14":[1],"15":[6],"16":[2],"17":[1],"18":[11],"19":[1],"20":[10],"21":[2],"22":[1],"23":[14],"24":[16],"25":[2],"26":[1],"27":[20],"28":[1],"29":[19],"30":[1],"31":[18],"32":[2],"33":[17],"34":[1],"35":[16],"36":[10],"37":[9],"38":[5],"39":[1],"40":[9],"41":[20]},"fnMap":{"0":{"name":"assertString","decl":{"start":{"line":9,"column":0},"end":{"line":14,"column":1}},"loc":{"start":{"line":9,"column":0},"end":{"line":14,"column":1}},"line":9},"1":{"name":"validateQuestion","decl":{"start":{"line":16,"column":0},"end":{"line":96,"column":1}},"loc":{"start":{"line":16,"column":0},"end":{"line":96,"column":1}},"line":16},"2":{"name":"validateQuizForm","decl":{"start":{"line":98,"column":7},"end":{"line":136,"column":1}},"loc":{"start":{"line":98,"column":7},"end":{"line":136,"column":1}},"line":98}},"f":{"0":60,"1":20,"2":20}}
}
